Loading Data 
Training on single GPU.
Initializing input data normalization.
|======================================================================================================================|
|  Epoch  |  Iteration  |  Time Elapsed  |  Mini-batch  |  Validation  |  Mini-batch  |  Validation  |  Base Learning  |
|         |             |   (hh:mm:ss)   |   Accuracy   |   Accuracy   |     Loss     |     Loss     |      Rate       |
|======================================================================================================================|
|       1 |           1 |       00:00:02 |        1.56% |       33.33% |       3.9522 |       1.9032 |      1.0000e-04 |
|       3 |           5 |       00:00:06 |       59.38% |       61.90% |       1.0945 |       1.0411 |      1.0000e-04 |
|       5 |          10 |       00:00:10 |       79.69% |       85.71% |       0.5730 |       0.5793 |      1.0000e-04 |
|       8 |          15 |       00:00:14 |       73.44% |       76.19% |       0.6996 |       0.6547 |      1.0000e-04 |
|      10 |          20 |       00:00:18 |       90.62% |       90.48% |       0.2863 |       0.2783 |      1.0000e-04 |
|      13 |          25 |       00:00:22 |       93.75% |       90.48% |       0.1985 |       0.3367 |      1.0000e-04 |
|      15 |          30 |       00:00:26 |       95.31% |       90.48% |       0.0827 |       0.2330 |      1.0000e-04 |
|      18 |          35 |       00:00:30 |       98.44% |      100.00% |       0.0661 |       0.1378 |      1.0000e-04 |
|      20 |          40 |       00:00:34 |      100.00% |       95.24% |       0.0224 |       0.1221 |      1.0000e-04 |
|      23 |          45 |       00:00:38 |      100.00% |       95.24% |       0.0377 |       0.1199 |      1.0000e-04 |
|      25 |          50 |       00:00:42 |       96.88% |       90.48% |       0.0776 |       0.2049 |      1.0000e-04 |
|      28 |          55 |       00:00:46 |      100.00% |       90.48% |       0.0246 |       0.1485 |      1.0000e-04 |
|      30 |          60 |       00:00:50 |       96.88% |       85.71% |       0.0543 |       0.2201 |      1.0000e-04 |
|      33 |          65 |       00:00:54 |      100.00% |       90.48% |       0.0308 |       0.1723 |      1.0000e-04 |
|      35 |          70 |       00:00:58 |      100.00% |       95.24% |       0.0101 |       0.0940 |      1.0000e-04 |
|      38 |          75 |       00:01:01 |       98.44% |      100.00% |       0.0496 |       0.0056 |      1.0000e-04 |
|      40 |          80 |       00:01:05 |      100.00% |      100.00% |       0.0040 |       0.0279 |      1.0000e-04 |
|      43 |          85 |       00:01:09 |      100.00% |       95.24% |       0.0068 |       0.1137 |      1.0000e-04 |
|      45 |          90 |       00:01:13 |       98.44% |      100.00% |       0.0561 |       0.0310 |      1.0000e-04 |
|      48 |          95 |       00:01:17 |      100.00% |      100.00% |       0.0077 |       0.0061 |      1.0000e-04 |
|      50 |         100 |       00:01:21 |      100.00% |       95.24% |       0.0055 |       0.1104 |      1.0000e-04 |
|      53 |         105 |       00:01:25 |      100.00% |       90.48% |       0.0107 |       0.1953 |      1.0000e-04 |
|      55 |         110 |       00:01:29 |      100.00% |      100.00% |       0.0092 |       0.0062 |      1.0000e-04 |
|      58 |         115 |       00:01:33 |      100.00% |       90.48% |       0.0027 |       0.2768 |      1.0000e-04 |
|      60 |         120 |       00:01:37 |      100.00% |      100.00% |       0.0004 |       0.0106 |      1.0000e-04 |
|      63 |         125 |       00:01:41 |      100.00% |      100.00% |       0.0003 |       0.0083 |      1.0000e-04 |
|      65 |         130 |       00:01:45 |      100.00% |       95.24% |       0.0034 |       0.0997 |      1.0000e-04 |
|      68 |         135 |       00:01:49 |      100.00% |       95.24% |       0.0015 |       0.0441 |      1.0000e-04 |
|      70 |         140 |       00:01:52 |      100.00% |      100.00% |       0.0004 |       0.0483 |      1.0000e-04 |
|      73 |         145 |       00:01:56 |      100.00% |      100.00% |       0.0029 |       0.0216 |      1.0000e-04 |
|      75 |         150 |       00:02:00 |      100.00% |      100.00% |       0.0007 |       0.0057 |      1.0000e-04 |
|      78 |         155 |       00:02:04 |       98.44% |      100.00% |       0.0369 |       0.0304 |      1.0000e-04 |
|      80 |         160 |       00:02:08 |      100.00% |       95.24% |       0.0005 |       0.1023 |      1.0000e-04 |
|      83 |         165 |       00:02:12 |      100.00% |      100.00% |       0.0004 |       0.0030 |      1.0000e-04 |
|      85 |         170 |       00:02:16 |      100.00% |      100.00% |       0.0022 |       0.0517 |      1.0000e-04 |
|      88 |         175 |       00:02:20 |      100.00% |       95.24% |       0.0008 |       0.1815 |      1.0000e-04 |
|      90 |         180 |       00:02:24 |      100.00% |       90.48% |       0.0004 |       0.3762 |      1.0000e-04 |
|      93 |         185 |       00:02:27 |      100.00% |      100.00% |       0.0003 |       0.0136 |      1.0000e-04 |
|      95 |         190 |       00:02:31 |      100.00% |      100.00% |       0.0014 |       0.0040 |      1.0000e-04 |
|      98 |         195 |       00:02:35 |      100.00% |      100.00% |   9.3237e-05 |       0.0359 |      1.0000e-04 |
|     100 |         200 |       00:02:39 |      100.00% |       95.24% |       0.0001 |       0.0555 |      1.0000e-04 |
|======================================================================================================================|
Predicting accuracy for Test Set 
The accuracy of the test set is 86.956522 
The specificity of the test set is 90.277778 
The sensitivity of the test set is 87.777778 
