Loading Data 
Training on single GPU.
Initializing input data normalization.
|======================================================================================================================|
|  Epoch  |  Iteration  |  Time Elapsed  |  Mini-batch  |  Validation  |  Mini-batch  |  Validation  |  Base Learning  |
|         |             |   (hh:mm:ss)   |   Accuracy   |   Accuracy   |     Loss     |     Loss     |      Rate       |
|======================================================================================================================|
|       1 |           1 |       00:00:02 |       18.75% |       23.81% |       2.2106 |       2.5072 |      1.0000e-04 |
|       5 |           5 |       00:00:06 |       60.94% |       14.29% |       1.1364 |       2.0503 |      1.0000e-04 |
|      10 |          10 |       00:00:10 |       81.25% |       61.90% |       0.6304 |       1.4919 |      1.0000e-04 |
|      15 |          15 |       00:00:14 |       93.75% |       57.14% |       0.2837 |       1.5155 |      1.0000e-04 |
|      20 |          20 |       00:00:19 |       96.88% |       61.90% |       0.1574 |       1.0619 |      1.0000e-04 |
|      25 |          25 |       00:00:23 |       98.44% |       61.90% |       0.1226 |       1.0015 |      1.0000e-04 |
|      30 |          30 |       00:00:27 |      100.00% |       71.43% |       0.0737 |       0.8773 |      1.0000e-04 |
|      35 |          35 |       00:00:31 |      100.00% |       76.19% |       0.0443 |       0.7421 |      1.0000e-04 |
|      40 |          40 |       00:00:35 |      100.00% |       76.19% |       0.0548 |       0.8791 |      1.0000e-04 |
|      45 |          45 |       00:00:40 |      100.00% |       76.19% |       0.0387 |       0.8165 |      1.0000e-04 |
|      50 |          50 |       00:00:44 |      100.00% |       76.19% |       0.0216 |       0.8514 |      1.0000e-04 |
|      55 |          55 |       00:00:48 |      100.00% |       76.19% |       0.0266 |       0.6272 |      1.0000e-04 |
|      60 |          60 |       00:00:52 |      100.00% |       71.43% |       0.0113 |       1.0192 |      1.0000e-04 |
|      65 |          65 |       00:00:56 |      100.00% |       76.19% |       0.0162 |       0.8711 |      1.0000e-04 |
|      70 |          70 |       00:01:01 |      100.00% |       76.19% |       0.0088 |       0.6985 |      1.0000e-04 |
|      75 |          75 |       00:01:05 |      100.00% |       76.19% |       0.0116 |       0.7628 |      1.0000e-04 |
|      80 |          80 |       00:01:09 |      100.00% |       71.43% |       0.0073 |       0.8884 |      1.0000e-04 |
|      85 |          85 |       00:01:13 |      100.00% |       66.67% |       0.0095 |       0.9033 |      1.0000e-04 |
|      90 |          90 |       00:01:17 |      100.00% |       66.67% |       0.0062 |       0.7877 |      1.0000e-04 |
|      95 |          95 |       00:01:21 |      100.00% |       76.19% |       0.0059 |       0.8308 |      1.0000e-04 |
|     100 |         100 |       00:01:25 |      100.00% |       71.43% |       0.0045 |       0.7859 |      1.0000e-04 |
|======================================================================================================================|
Predicting accuracy for Test Set 
The accuracy of the test set is 80.000000 
The specificity of the test set is 80.876610 
The sensitivity of the test set is 80.838274 
