Loading Data 
Training on single GPU.
Initializing input data normalization.
|======================================================================================================================|
|  Epoch  |  Iteration  |  Time Elapsed  |  Mini-batch  |  Validation  |  Mini-batch  |  Validation  |  Base Learning  |
|         |             |   (hh:mm:ss)   |   Accuracy   |   Accuracy   |     Loss     |     Loss     |      Rate       |
|======================================================================================================================|
|       1 |           1 |       00:00:02 |       23.44% |       19.05% |       2.0499 |       1.6259 |      1.0000e-04 |
|       3 |           5 |       00:00:08 |       60.94% |       52.38% |       1.1304 |       1.2037 |      1.0000e-04 |
|       5 |          10 |       00:00:15 |       84.38% |       71.43% |       0.5883 |       0.9148 |      1.0000e-04 |
|       8 |          15 |       00:00:21 |       95.31% |       76.19% |       0.2769 |       0.6464 |      1.0000e-04 |
|      10 |          20 |       00:00:28 |       93.75% |       85.71% |       0.2369 |       0.4342 |      1.0000e-04 |
|      13 |          25 |       00:00:34 |       95.31% |       95.24% |       0.1400 |       0.3234 |      1.0000e-04 |
|      15 |          30 |       00:00:41 |      100.00% |       95.24% |       0.0660 |       0.3704 |      1.0000e-04 |
|      18 |          35 |       00:00:47 |      100.00% |       90.48% |       0.0535 |       0.2967 |      1.0000e-04 |
|      20 |          40 |       00:00:54 |      100.00% |       90.48% |       0.0254 |       0.3859 |      1.0000e-04 |
|      23 |          45 |       00:01:00 |      100.00% |       90.48% |       0.0253 |       0.2544 |      1.0000e-04 |
|      25 |          50 |       00:01:06 |      100.00% |       90.48% |       0.0195 |       0.2692 |      1.0000e-04 |
|      28 |          55 |       00:01:13 |      100.00% |       90.48% |       0.0292 |       0.3015 |      1.0000e-04 |
|      30 |          60 |       00:01:20 |      100.00% |       95.24% |       0.0101 |       0.1509 |      1.0000e-04 |
|      33 |          65 |       00:01:26 |      100.00% |       95.24% |       0.0077 |       0.1992 |      1.0000e-04 |
|      35 |          70 |       00:01:33 |      100.00% |       95.24% |       0.0059 |       0.1703 |      1.0000e-04 |
|      38 |          75 |       00:01:39 |      100.00% |       95.24% |       0.0095 |       0.2774 |      1.0000e-04 |
|      40 |          80 |       00:01:46 |      100.00% |       90.48% |       0.0068 |       0.2709 |      1.0000e-04 |
|      43 |          85 |       00:01:52 |      100.00% |       90.48% |       0.0087 |       0.1864 |      1.0000e-04 |
|      45 |          90 |       00:01:59 |      100.00% |       90.48% |       0.0043 |       0.1915 |      1.0000e-04 |
|      48 |          95 |       00:02:05 |      100.00% |       90.48% |       0.0050 |       0.2247 |      1.0000e-04 |
|      50 |         100 |       00:02:12 |      100.00% |       85.71% |       0.0069 |       0.3385 |      1.0000e-04 |
|      53 |         105 |       00:02:18 |      100.00% |       90.48% |       0.0039 |       0.1485 |      1.0000e-04 |
|      55 |         110 |       00:02:25 |      100.00% |       95.24% |       0.0034 |       0.1808 |      1.0000e-04 |
|      58 |         115 |       00:02:31 |      100.00% |       95.24% |       0.0026 |       0.1047 |      1.0000e-04 |
|      60 |         120 |       00:02:38 |      100.00% |       95.24% |       0.0030 |       0.1353 |      1.0000e-04 |
|      63 |         125 |       00:02:44 |      100.00% |       90.48% |       0.0022 |       0.2611 |      1.0000e-04 |
|      65 |         130 |       00:02:51 |      100.00% |       95.24% |       0.0023 |       0.2716 |      1.0000e-04 |
|      68 |         135 |       00:02:57 |      100.00% |       95.24% |       0.0024 |       0.2552 |      1.0000e-04 |
|      70 |         140 |       00:03:04 |      100.00% |       90.48% |       0.0021 |       0.2282 |      1.0000e-04 |
|      73 |         145 |       00:03:10 |      100.00% |       90.48% |       0.0019 |       0.2027 |      1.0000e-04 |
|      75 |         150 |       00:03:17 |      100.00% |       90.48% |       0.0019 |       0.4072 |      1.0000e-04 |
|      78 |         155 |       00:03:24 |      100.00% |       95.24% |       0.0029 |       0.3142 |      1.0000e-04 |
|      80 |         160 |       00:03:31 |      100.00% |       90.48% |       0.0036 |       0.2186 |      1.0000e-04 |
|      83 |         165 |       00:03:39 |      100.00% |       95.24% |       0.0025 |       0.1205 |      1.0000e-04 |
|      85 |         170 |       00:03:46 |      100.00% |       95.24% |       0.0013 |       0.2505 |      1.0000e-04 |
|      88 |         175 |       00:03:54 |      100.00% |       90.48% |       0.0021 |       0.2732 |      1.0000e-04 |
|      90 |         180 |       00:04:02 |      100.00% |       90.48% |       0.0023 |       0.1595 |      1.0000e-04 |
|      93 |         185 |       00:04:10 |      100.00% |       90.48% |       0.0021 |       0.3006 |      1.0000e-04 |
|      95 |         190 |       00:04:18 |      100.00% |       90.48% |       0.0015 |       0.2252 |      1.0000e-04 |
|      98 |         195 |       00:04:25 |      100.00% |       90.48% |       0.0013 |       0.2411 |      1.0000e-04 |
|     100 |         200 |       00:04:33 |      100.00% |       95.24% |       0.0019 |       0.1237 |      1.0000e-04 |
|======================================================================================================================|
Predicting accuracy for Test Set 
The accuracy of the test set is 86.956522 
The specificity of the test set is 91.666667 
The sensitivity of the test set is 85.555556 
