Loading Data 
Training on single GPU.
Initializing input data normalization.
|======================================================================================================================|
|  Epoch  |  Iteration  |  Time Elapsed  |  Mini-batch  |  Validation  |  Mini-batch  |  Validation  |  Base Learning  |
|         |             |   (hh:mm:ss)   |   Accuracy   |   Accuracy   |     Loss     |     Loss     |      Rate       |
|======================================================================================================================|
|       1 |           1 |       00:00:05 |        1.56% |        9.09% |       3.5466 |       3.2048 |      1.0000e-04 |
|       1 |           5 |       00:00:13 |       25.00% |       30.81% |       2.5938 |       2.5218 |      1.0000e-04 |
|       1 |          10 |       00:00:23 |       35.94% |       48.48% |       2.2602 |       1.9227 |      1.0000e-04 |
|       1 |          15 |       00:00:33 |       31.25% |       52.53% |       2.2258 |       1.6464 |      1.0000e-04 |
|       1 |          20 |       00:00:43 |       56.25% |       61.11% |       1.6196 |       1.4123 |      1.0000e-04 |
|       2 |          25 |       00:00:53 |       73.44% |       66.67% |       1.0983 |       1.1729 |      1.0000e-04 |
|       2 |          30 |       00:01:02 |       57.81% |       72.22% |       1.3286 |       1.0457 |      1.0000e-04 |
|       2 |          35 |       00:01:12 |       75.00% |       71.72% |       0.8437 |       0.8958 |      1.0000e-04 |
|       2 |          40 |       00:01:22 |       68.75% |       76.26% |       0.9416 |       0.8096 |      1.0000e-04 |
|       2 |          45 |       00:01:32 |       73.44% |       81.31% |       0.8531 |       0.6760 |      1.0000e-04 |
|       3 |          50 |       00:01:42 |       89.06% |       81.82% |       0.5239 |       0.6250 |      1.0000e-04 |
|       3 |          55 |       00:01:51 |       81.25% |       79.80% |       0.6206 |       0.5910 |      1.0000e-04 |
|       3 |          60 |       00:02:00 |       87.50% |       83.33% |       0.5419 |       0.5255 |      1.0000e-04 |
|       3 |          65 |       00:02:10 |       89.06% |       87.88% |       0.4870 |       0.4718 |      1.0000e-04 |
|       3 |          70 |       00:02:20 |       89.06% |       86.36% |       0.3562 |       0.4334 |      1.0000e-04 |
|       4 |          75 |       00:02:29 |       82.81% |       90.91% |       0.5792 |       0.3707 |      1.0000e-04 |
|       4 |          80 |       00:02:39 |       87.50% |       88.38% |       0.4500 |       0.3597 |      1.0000e-04 |
|       4 |          85 |       00:02:49 |       84.38% |       89.90% |       0.4811 |       0.3266 |      1.0000e-04 |
|       4 |          90 |       00:02:58 |       89.06% |       90.40% |       0.3224 |       0.3148 |      1.0000e-04 |
|       4 |          95 |       00:03:08 |       92.19% |       90.40% |       0.2808 |       0.3356 |      1.0000e-04 |
|       5 |         100 |       00:03:17 |       92.19% |       88.38% |       0.2581 |       0.2918 |      1.0000e-04 |
|       5 |         105 |       00:03:27 |       87.50% |       89.90% |       0.3170 |       0.3051 |      1.0000e-04 |
|       5 |         110 |       00:03:36 |       93.75% |       89.90% |       0.2796 |       0.3042 |      1.0000e-04 |
|       5 |         115 |       00:03:46 |       89.06% |       90.40% |       0.4004 |       0.2840 |      1.0000e-04 |
|       5 |         120 |       00:03:56 |       92.19% |       91.41% |       0.1985 |       0.2525 |      1.0000e-04 |
|       6 |         125 |       00:04:06 |       92.19% |       92.42% |       0.2577 |       0.2311 |      1.0000e-04 |
|       6 |         130 |       00:04:16 |       95.31% |       91.41% |       0.1523 |       0.2500 |      1.0000e-04 |
|       6 |         135 |       00:04:25 |       93.75% |       92.93% |       0.2093 |       0.1964 |      1.0000e-04 |
|       6 |         140 |       00:04:35 |       96.88% |       92.93% |       0.1731 |       0.2219 |      1.0000e-04 |
|       7 |         145 |       00:04:44 |       96.88% |       95.45% |       0.1625 |       0.1891 |      1.0000e-04 |
|       7 |         150 |       00:04:54 |       90.62% |       94.44% |       0.2607 |       0.1952 |      1.0000e-04 |
|       7 |         155 |       00:05:04 |       98.44% |       93.43% |       0.1368 |       0.2002 |      1.0000e-04 |
|       7 |         160 |       00:05:13 |       93.75% |       93.94% |       0.1857 |       0.2007 |      1.0000e-04 |
|       7 |         165 |       00:05:24 |       98.44% |       92.93% |       0.1568 |       0.2070 |      1.0000e-04 |
|       8 |         170 |       00:05:33 |      100.00% |       94.44% |       0.1160 |       0.1905 |      1.0000e-04 |
|       8 |         175 |       00:05:43 |       96.88% |       92.42% |       0.1276 |       0.2074 |      1.0000e-04 |
|       8 |         180 |       00:05:53 |       96.88% |       92.93% |       0.1372 |       0.2002 |      1.0000e-04 |
|       8 |         185 |       00:06:02 |       96.88% |       94.95% |       0.1784 |       0.1603 |      1.0000e-04 |
|       8 |         190 |       00:06:12 |       95.31% |       93.43% |       0.1571 |       0.2005 |      1.0000e-04 |
|       9 |         195 |       00:06:21 |       93.75% |       96.46% |       0.2018 |       0.1833 |      1.0000e-04 |
|       9 |         200 |       00:06:31 |       95.31% |       93.94% |       0.1523 |       0.1848 |      1.0000e-04 |
|       9 |         205 |       00:06:41 |       92.19% |       94.95% |       0.2070 |       0.1700 |      1.0000e-04 |
|       9 |         210 |       00:06:51 |       96.88% |       95.96% |       0.1016 |       0.1920 |      1.0000e-04 |
|       9 |         215 |       00:07:01 |       98.44% |       95.96% |       0.1173 |       0.1341 |      1.0000e-04 |
|      10 |         220 |       00:07:11 |       98.44% |       95.45% |       0.0746 |       0.1532 |      1.0000e-04 |
|      10 |         225 |       00:07:21 |       98.44% |       95.45% |       0.0762 |       0.1429 |      1.0000e-04 |
|      10 |         230 |       00:07:30 |       95.31% |       96.97% |       0.1082 |       0.1192 |      1.0000e-04 |
|      10 |         235 |       00:07:40 |       95.31% |       95.45% |       0.0973 |       0.1710 |      1.0000e-04 |
|      10 |         240 |       00:07:50 |       96.88% |       94.95% |       0.0722 |       0.1504 |      1.0000e-04 |
|      11 |         245 |       00:07:59 |      100.00% |       94.44% |       0.0643 |       0.1636 |      1.0000e-04 |
|      11 |         250 |       00:08:09 |       98.44% |       96.46% |       0.0575 |       0.1202 |      1.0000e-04 |
|      11 |         255 |       00:08:19 |      100.00% |       95.96% |       0.0779 |       0.1481 |      1.0000e-04 |
|      11 |         260 |       00:08:29 |      100.00% |       95.96% |       0.0519 |       0.1294 |      1.0000e-04 |
|      12 |         265 |       00:08:39 |       96.88% |       96.46% |       0.0694 |       0.1477 |      1.0000e-04 |
|      12 |         270 |       00:08:48 |      100.00% |       95.96% |       0.0554 |       0.1459 |      1.0000e-04 |
|      12 |         275 |       00:08:58 |       98.44% |       93.94% |       0.0598 |       0.1435 |      1.0000e-04 |
|      12 |         280 |       00:09:07 |       95.31% |       95.45% |       0.0829 |       0.1474 |      1.0000e-04 |
|      12 |         285 |       00:09:17 |      100.00% |       95.96% |       0.0377 |       0.1505 |      1.0000e-04 |
|      13 |         290 |       00:09:26 |       98.44% |       96.46% |       0.0443 |       0.1456 |      1.0000e-04 |
|      13 |         295 |       00:09:36 |       96.88% |       94.95% |       0.1150 |       0.1439 |      1.0000e-04 |
|      13 |         300 |       00:09:46 |      100.00% |       95.96% |       0.0334 |       0.1399 |      1.0000e-04 |
|      13 |         305 |       00:09:55 |       96.88% |       93.94% |       0.0673 |       0.1473 |      1.0000e-04 |
|      13 |         310 |       00:10:05 |       96.88% |       95.45% |       0.0674 |       0.1357 |      1.0000e-04 |
|      14 |         315 |       00:10:15 |       95.31% |       95.45% |       0.1023 |       0.1481 |      1.0000e-04 |
|      14 |         320 |       00:10:24 |       98.44% |       93.94% |       0.0610 |       0.1422 |      1.0000e-04 |
|      14 |         325 |       00:10:34 |       95.31% |       94.95% |       0.1799 |       0.1408 |      1.0000e-04 |
|      14 |         330 |       00:10:44 |      100.00% |       96.46% |       0.0294 |       0.1234 |      1.0000e-04 |
|      14 |         335 |       00:10:54 |      100.00% |       94.44% |       0.0307 |       0.1407 |      1.0000e-04 |
|      15 |         340 |       00:11:03 |      100.00% |       95.45% |       0.0196 |       0.1380 |      1.0000e-04 |
|      15 |         345 |       00:11:13 |      100.00% |       95.96% |       0.0408 |       0.1323 |      1.0000e-04 |
|      15 |         350 |       00:11:22 |      100.00% |       95.45% |       0.0312 |       0.1493 |      1.0000e-04 |
|      15 |         355 |       00:11:32 |      100.00% |       94.44% |       0.0171 |       0.1393 |      1.0000e-04 |
|      15 |         360 |       00:11:41 |      100.00% |       95.45% |       0.0101 |       0.1360 |      1.0000e-04 |
|      16 |         365 |       00:11:51 |      100.00% |       95.96% |       0.0252 |       0.1358 |      1.0000e-04 |
|      16 |         370 |       00:12:00 |      100.00% |       95.96% |       0.0108 |       0.1218 |      1.0000e-04 |
|      16 |         375 |       00:12:09 |       98.44% |       95.45% |       0.0372 |       0.1370 |      1.0000e-04 |
|      16 |         380 |       00:12:19 |      100.00% |       94.95% |       0.0238 |       0.1418 |      1.0000e-04 |
|      17 |         385 |       00:12:29 |       98.44% |       95.45% |       0.0377 |       0.1362 |      1.0000e-04 |
|      17 |         390 |       00:12:39 |      100.00% |       96.97% |       0.0192 |       0.1182 |      1.0000e-04 |
|      17 |         395 |       00:12:48 |       98.44% |       95.96% |       0.0327 |       0.1323 |      1.0000e-04 |
|      17 |         400 |       00:12:58 |       98.44% |       95.96% |       0.0520 |       0.1334 |      1.0000e-04 |
|      17 |         405 |       00:13:08 |       98.44% |       96.46% |       0.0328 |       0.1164 |      1.0000e-04 |
|      18 |         410 |       00:13:18 |      100.00% |       96.46% |       0.0244 |       0.1475 |      1.0000e-04 |
|      18 |         415 |       00:13:28 |       98.44% |       96.46% |       0.0257 |       0.1310 |      1.0000e-04 |
|      18 |         420 |       00:13:39 |      100.00% |       94.95% |       0.0284 |       0.1477 |      1.0000e-04 |
|      18 |         425 |       00:13:49 |      100.00% |       96.46% |       0.0135 |       0.1285 |      1.0000e-04 |
|      18 |         430 |       00:13:59 |      100.00% |       96.46% |       0.0146 |       0.1308 |      1.0000e-04 |
|      19 |         435 |       00:14:09 |      100.00% |       95.96% |       0.0175 |       0.1565 |      1.0000e-04 |
|      19 |         440 |       00:14:19 |      100.00% |       95.45% |       0.0221 |       0.1618 |      1.0000e-04 |
|      19 |         445 |       00:14:29 |       98.44% |       94.44% |       0.0663 |       0.1869 |      1.0000e-04 |
|      19 |         450 |       00:14:39 |       98.44% |       96.46% |       0.0350 |       0.1291 |      1.0000e-04 |
|      19 |         455 |       00:14:49 |      100.00% |       97.47% |       0.0211 |       0.1078 |      1.0000e-04 |
|      20 |         460 |       00:14:59 |       98.44% |       95.45% |       0.0379 |       0.1271 |      1.0000e-04 |
|      20 |         465 |       00:15:09 |       98.44% |       93.94% |       0.0259 |       0.1565 |      1.0000e-04 |
|      20 |         470 |       00:15:18 |      100.00% |       95.45% |       0.0096 |       0.1385 |      1.0000e-04 |
|      20 |         475 |       00:15:28 |      100.00% |       96.46% |       0.0081 |       0.1107 |      1.0000e-04 |
|      20 |         480 |       00:15:37 |      100.00% |       94.95% |       0.0128 |       0.1469 |      1.0000e-04 |
|      21 |         485 |       00:15:47 |       98.44% |       94.44% |       0.0377 |       0.1600 |      1.0000e-04 |
|      21 |         490 |       00:15:56 |      100.00% |       94.44% |       0.0062 |       0.1479 |      1.0000e-04 |
|      21 |         495 |       00:16:06 |      100.00% |       95.96% |       0.0201 |       0.1509 |      1.0000e-04 |
|      21 |         500 |       00:16:16 |      100.00% |       98.48% |       0.0095 |       0.1105 |      1.0000e-04 |
|      22 |         505 |       00:16:26 |       98.44% |       95.96% |       0.0243 |       0.1371 |      1.0000e-04 |
|      22 |         510 |       00:16:35 |      100.00% |       96.46% |       0.0149 |       0.1029 |      1.0000e-04 |
|      22 |         515 |       00:16:45 |       98.44% |       96.46% |       0.0280 |       0.1203 |      1.0000e-04 |
|      22 |         520 |       00:16:54 |      100.00% |       97.47% |       0.0069 |       0.1054 |      1.0000e-04 |
|      22 |         525 |       00:17:04 |      100.00% |       96.97% |       0.0141 |       0.0949 |      1.0000e-04 |
|      23 |         530 |       00:17:14 |      100.00% |       96.46% |       0.0057 |       0.1179 |      1.0000e-04 |
|      23 |         535 |       00:17:23 |      100.00% |       96.46% |       0.0152 |       0.1045 |      1.0000e-04 |
|      23 |         540 |       00:17:30 |       98.44% |       96.46% |       0.0200 |       0.1228 |      1.0000e-04 |
|      23 |         545 |       00:17:37 |      100.00% |       96.97% |       0.0181 |       0.0947 |      1.0000e-04 |
|      23 |         550 |       00:17:44 |      100.00% |       96.97% |       0.0054 |       0.1158 |      1.0000e-04 |
|      24 |         555 |       00:17:51 |      100.00% |       96.97% |       0.0209 |       0.1114 |      1.0000e-04 |
|      24 |         560 |       00:17:58 |      100.00% |       96.97% |       0.0131 |       0.1052 |      1.0000e-04 |
|      24 |         565 |       00:18:05 |      100.00% |       96.97% |       0.0222 |       0.1024 |      1.0000e-04 |
|      24 |         570 |       00:18:12 |      100.00% |       95.96% |       0.0043 |       0.1212 |      1.0000e-04 |
|      24 |         575 |       00:18:19 |      100.00% |       95.96% |       0.0158 |       0.1179 |      1.0000e-04 |
|      25 |         580 |       00:18:26 |      100.00% |       96.97% |       0.0083 |       0.1401 |      1.0000e-04 |
|      25 |         585 |       00:18:33 |      100.00% |       96.46% |       0.0108 |       0.1101 |      1.0000e-04 |
|      25 |         590 |       00:18:40 |      100.00% |       95.96% |       0.0062 |       0.0950 |      1.0000e-04 |
|      25 |         595 |       00:18:46 |      100.00% |       95.45% |       0.0052 |       0.1248 |      1.0000e-04 |
|      25 |         600 |       00:18:53 |      100.00% |       96.46% |       0.0089 |       0.1023 |      1.0000e-04 |
|      26 |         605 |       00:19:00 |      100.00% |       96.46% |       0.0149 |       0.1365 |      1.0000e-04 |
|      26 |         610 |       00:19:07 |      100.00% |       97.47% |       0.0048 |       0.1082 |      1.0000e-04 |
|      26 |         615 |       00:19:14 |      100.00% |       97.98% |       0.0112 |       0.0931 |      1.0000e-04 |
|      26 |         620 |       00:19:21 |      100.00% |       96.97% |       0.0056 |       0.1297 |      1.0000e-04 |
|      27 |         625 |       00:19:28 |      100.00% |       95.96% |       0.0098 |       0.1088 |      1.0000e-04 |
|      27 |         630 |       00:19:36 |      100.00% |       96.97% |       0.0088 |       0.0822 |      1.0000e-04 |
|      27 |         635 |       00:19:43 |      100.00% |       97.98% |       0.0053 |       0.0963 |      1.0000e-04 |
|      27 |         640 |       00:19:50 |      100.00% |       95.96% |       0.0135 |       0.1534 |      1.0000e-04 |
|      27 |         645 |       00:19:58 |      100.00% |       97.47% |       0.0132 |       0.1034 |      1.0000e-04 |
|      28 |         650 |       00:20:05 |      100.00% |       96.97% |       0.0037 |       0.1602 |      1.0000e-04 |
|      28 |         655 |       00:20:12 |      100.00% |       95.96% |       0.0177 |       0.1272 |      1.0000e-04 |
|      28 |         660 |       00:20:19 |      100.00% |       96.97% |       0.0049 |       0.1044 |      1.0000e-04 |
|      28 |         665 |       00:20:26 |      100.00% |       96.97% |       0.0071 |       0.1083 |      1.0000e-04 |
|      28 |         670 |       00:20:33 |      100.00% |       95.96% |       0.0037 |       0.1169 |      1.0000e-04 |
|      29 |         675 |       00:20:40 |      100.00% |       95.96% |       0.0118 |       0.1421 |      1.0000e-04 |
|      29 |         680 |       00:20:47 |      100.00% |       95.96% |       0.0045 |       0.1136 |      1.0000e-04 |
|      29 |         685 |       00:20:54 |      100.00% |       97.98% |       0.0052 |       0.1051 |      1.0000e-04 |
|      29 |         690 |       00:21:02 |      100.00% |       95.45% |       0.0211 |       0.1248 |      1.0000e-04 |
|      29 |         695 |       00:21:09 |      100.00% |       95.45% |       0.0052 |       0.1333 |      1.0000e-04 |
|      30 |         700 |       00:21:17 |      100.00% |       97.47% |       0.0053 |       0.1105 |      1.0000e-04 |
|      30 |         705 |       00:21:24 |      100.00% |       95.45% |       0.0036 |       0.1585 |      1.0000e-04 |
|      30 |         710 |       00:21:31 |      100.00% |       96.46% |       0.0124 |       0.1164 |      1.0000e-04 |
|      30 |         715 |       00:21:39 |      100.00% |       96.46% |       0.0050 |       0.1707 |      1.0000e-04 |
|      30 |         720 |       00:21:46 |      100.00% |       98.48% |       0.0033 |       0.0897 |      1.0000e-04 |
|      31 |         725 |       00:21:53 |      100.00% |       97.98% |       0.0057 |       0.1081 |      1.0000e-04 |
|      31 |         730 |       00:22:00 |      100.00% |       96.46% |       0.0102 |       0.1171 |      1.0000e-04 |
|      31 |         735 |       00:22:07 |      100.00% |       96.46% |       0.0041 |       0.1209 |      1.0000e-04 |
|      31 |         740 |       00:22:15 |      100.00% |       95.96% |       0.0112 |       0.0993 |      1.0000e-04 |
|      32 |         745 |       00:22:22 |      100.00% |       97.47% |       0.0046 |       0.0972 |      1.0000e-04 |
|      32 |         750 |       00:22:29 |      100.00% |       96.97% |       0.0035 |       0.0984 |      1.0000e-04 |
|      32 |         755 |       00:22:36 |      100.00% |       97.47% |       0.0049 |       0.0750 |      1.0000e-04 |
|      32 |         760 |       00:22:43 |      100.00% |       97.98% |       0.0026 |       0.0948 |      1.0000e-04 |
|      32 |         765 |       00:22:50 |      100.00% |       94.95% |       0.0027 |       0.1309 |      1.0000e-04 |
|      33 |         770 |       00:22:57 |      100.00% |       95.96% |       0.0073 |       0.1109 |      1.0000e-04 |
|      33 |         775 |       00:23:04 |      100.00% |       96.97% |       0.0099 |       0.0950 |      1.0000e-04 |
|      33 |         780 |       00:23:11 |      100.00% |       96.46% |       0.0027 |       0.0971 |      1.0000e-04 |
|      33 |         785 |       00:23:18 |      100.00% |       96.97% |       0.0087 |       0.0775 |      1.0000e-04 |
|      33 |         790 |       00:23:25 |      100.00% |       96.46% |       0.0036 |       0.0963 |      1.0000e-04 |
|      34 |         795 |       00:23:32 |      100.00% |       95.96% |       0.0083 |       0.1446 |      1.0000e-04 |
|      34 |         800 |       00:23:39 |      100.00% |       98.48% |       0.0049 |       0.0951 |      1.0000e-04 |
|      34 |         805 |       00:23:46 |       98.44% |       97.98% |       0.0240 |       0.0907 |      1.0000e-04 |
|      34 |         810 |       00:23:53 |      100.00% |       96.97% |       0.0147 |       0.1161 |      1.0000e-04 |
|      34 |         815 |       00:24:00 |      100.00% |       95.96% |       0.0049 |       0.1356 |      1.0000e-04 |
|      35 |         820 |       00:24:07 |      100.00% |       96.97% |       0.0016 |       0.1195 |      1.0000e-04 |
|      35 |         825 |       00:24:14 |      100.00% |       96.46% |       0.0035 |       0.1346 |      1.0000e-04 |
|      35 |         830 |       00:24:21 |      100.00% |       95.45% |       0.0019 |       0.1619 |      1.0000e-04 |
|      35 |         835 |       00:24:28 |      100.00% |       95.96% |       0.0095 |       0.1247 |      1.0000e-04 |
|      35 |         840 |       00:24:35 |      100.00% |       96.46% |       0.0031 |       0.1072 |      1.0000e-04 |
|      36 |         845 |       00:24:42 |      100.00% |       96.97% |       0.0048 |       0.1414 |      1.0000e-04 |
|      36 |         850 |       00:24:49 |      100.00% |       95.96% |       0.0031 |       0.1228 |      1.0000e-04 |
|      36 |         855 |       00:24:56 |      100.00% |       97.47% |       0.0106 |       0.1038 |      1.0000e-04 |
|      36 |         860 |       00:25:03 |      100.00% |       94.95% |       0.0027 |       0.1288 |      1.0000e-04 |
|      37 |         865 |       00:25:10 |      100.00% |       95.96% |       0.0110 |       0.1013 |      1.0000e-04 |
|      37 |         870 |       00:25:17 |      100.00% |       95.96% |       0.0159 |       0.1395 |      1.0000e-04 |
|      37 |         875 |       00:25:24 |      100.00% |       97.47% |       0.0039 |       0.1060 |      1.0000e-04 |
|      37 |         880 |       00:25:31 |      100.00% |       95.45% |       0.0140 |       0.1222 |      1.0000e-04 |
|      37 |         885 |       00:25:38 |      100.00% |       96.46% |       0.0069 |       0.1155 |      1.0000e-04 |
|      38 |         890 |       00:25:45 |      100.00% |       95.45% |       0.0028 |       0.1438 |      1.0000e-04 |
|      38 |         895 |       00:25:52 |      100.00% |       97.47% |       0.0053 |       0.1042 |      1.0000e-04 |
|      38 |         900 |       00:25:59 |      100.00% |       97.47% |       0.0034 |       0.0876 |      1.0000e-04 |
|      38 |         905 |       00:26:06 |      100.00% |       96.97% |       0.0022 |       0.1174 |      1.0000e-04 |
|      38 |         910 |       00:26:13 |      100.00% |       96.46% |       0.0052 |       0.1290 |      1.0000e-04 |
|      39 |         915 |       00:26:20 |      100.00% |       95.96% |       0.0039 |       0.1290 |      1.0000e-04 |
|      39 |         920 |       00:26:27 |      100.00% |       97.47% |       0.0044 |       0.0959 |      1.0000e-04 |
|      39 |         925 |       00:26:34 |      100.00% |       97.47% |       0.0043 |       0.1210 |      1.0000e-04 |
|      39 |         930 |       00:26:41 |      100.00% |       95.45% |       0.0028 |       0.1356 |      1.0000e-04 |
|      39 |         935 |       00:26:48 |      100.00% |       96.46% |       0.0012 |       0.1307 |      1.0000e-04 |
|      40 |         940 |       00:26:55 |      100.00% |       97.47% |       0.0008 |       0.1007 |      1.0000e-04 |
|      40 |         945 |       00:27:02 |      100.00% |       96.46% |       0.0034 |       0.1201 |      1.0000e-04 |
|      40 |         950 |       00:27:09 |      100.00% |       96.46% |       0.0038 |       0.1398 |      1.0000e-04 |
|      40 |         955 |       00:27:16 |      100.00% |       96.46% |       0.0048 |       0.1039 |      1.0000e-04 |
|      40 |         960 |       00:27:23 |      100.00% |       95.45% |       0.0012 |       0.1845 |      1.0000e-04 |
|      41 |         965 |       00:27:30 |      100.00% |       96.46% |       0.0046 |       0.1553 |      1.0000e-04 |
|      41 |         970 |       00:27:37 |      100.00% |       96.97% |       0.0015 |       0.1023 |      1.0000e-04 |
|      41 |         975 |       00:27:44 |      100.00% |       97.47% |       0.0034 |       0.1034 |      1.0000e-04 |
|      41 |         980 |       00:27:51 |      100.00% |       96.97% |       0.0020 |       0.1098 |      1.0000e-04 |
|      42 |         985 |       00:27:58 |      100.00% |       96.46% |       0.0054 |       0.1504 |      1.0000e-04 |
|      42 |         990 |       00:28:05 |      100.00% |       95.96% |       0.0011 |       0.1259 |      1.0000e-04 |
|      42 |         995 |       00:28:12 |      100.00% |       96.46% |       0.0028 |       0.1504 |      1.0000e-04 |
|      42 |        1000 |       00:28:19 |      100.00% |       97.47% |       0.0015 |       0.1219 |      1.0000e-04 |
|      42 |        1005 |       00:28:26 |      100.00% |       96.46% |       0.0078 |       0.1048 |      1.0000e-04 |
|      43 |        1010 |       00:28:33 |      100.00% |       96.46% |       0.0013 |       0.1370 |      1.0000e-04 |
|      43 |        1015 |       00:28:40 |      100.00% |       95.96% |       0.0059 |       0.1300 |      1.0000e-04 |
|      43 |        1020 |       00:28:47 |      100.00% |       96.46% |       0.0042 |       0.1383 |      1.0000e-04 |
|      43 |        1025 |       00:28:54 |      100.00% |       95.96% |       0.0028 |       0.1424 |      1.0000e-04 |
|      43 |        1030 |       00:29:01 |      100.00% |       96.97% |       0.0023 |       0.1332 |      1.0000e-04 |
|      44 |        1035 |       00:29:08 |       98.44% |       96.97% |       0.0212 |       0.1101 |      1.0000e-04 |
|      44 |        1040 |       00:29:15 |      100.00% |       97.47% |       0.0019 |       0.1109 |      1.0000e-04 |
|      44 |        1045 |       00:29:22 |      100.00% |       96.97% |       0.0043 |       0.1042 |      1.0000e-04 |
|      44 |        1050 |       00:29:29 |      100.00% |       97.98% |       0.0011 |       0.1040 |      1.0000e-04 |
|      44 |        1055 |       00:29:36 |      100.00% |       96.97% |       0.0033 |       0.1464 |      1.0000e-04 |
|      45 |        1060 |       00:29:43 |      100.00% |       97.47% |       0.0008 |       0.0948 |      1.0000e-04 |
|      45 |        1065 |       00:29:50 |      100.00% |       96.97% |       0.0072 |       0.1409 |      1.0000e-04 |
|      45 |        1070 |       00:29:57 |      100.00% |       95.45% |       0.0022 |       0.1733 |      1.0000e-04 |
|      45 |        1075 |       00:30:04 |      100.00% |       97.98% |       0.0028 |       0.0849 |      1.0000e-04 |
|      45 |        1080 |       00:30:11 |      100.00% |       96.46% |       0.0008 |       0.1245 |      1.0000e-04 |
|      46 |        1085 |       00:30:18 |      100.00% |       96.46% |       0.0016 |       0.1990 |      1.0000e-04 |
|      46 |        1090 |       00:30:25 |      100.00% |       96.46% |       0.0009 |       0.1201 |      1.0000e-04 |
|      46 |        1095 |       00:30:32 |      100.00% |       96.46% |       0.0070 |       0.1280 |      1.0000e-04 |
|      46 |        1100 |       00:30:39 |      100.00% |       97.98% |       0.0034 |       0.0718 |      1.0000e-04 |
|      47 |        1105 |       00:30:46 |      100.00% |       95.96% |       0.0012 |       0.1015 |      1.0000e-04 |
|      47 |        1110 |       00:30:53 |      100.00% |       97.47% |       0.0024 |       0.0976 |      1.0000e-04 |
|      47 |        1115 |       00:31:00 |      100.00% |       97.47% |       0.0024 |       0.1142 |      1.0000e-04 |
|      47 |        1120 |       00:31:07 |      100.00% |       94.95% |       0.0028 |       0.1371 |      1.0000e-04 |
|      47 |        1125 |       00:31:14 |      100.00% |       97.47% |       0.0044 |       0.0837 |      1.0000e-04 |
|      48 |        1130 |       00:31:21 |      100.00% |       96.97% |       0.0012 |       0.0908 |      1.0000e-04 |
|      48 |        1135 |       00:31:28 |      100.00% |       96.97% |       0.0028 |       0.1127 |      1.0000e-04 |
|      48 |        1140 |       00:31:35 |      100.00% |       95.96% |       0.0018 |       0.1108 |      1.0000e-04 |
|      48 |        1145 |       00:31:42 |      100.00% |       97.98% |       0.0056 |       0.0797 |      1.0000e-04 |
|      48 |        1150 |       00:31:49 |      100.00% |       97.47% |       0.0005 |       0.1082 |      1.0000e-04 |
|      49 |        1155 |       00:31:57 |      100.00% |       97.98% |       0.0044 |       0.1166 |      1.0000e-04 |
|      49 |        1160 |       00:32:04 |      100.00% |       97.47% |       0.0014 |       0.1110 |      1.0000e-04 |
|      49 |        1165 |       00:32:11 |      100.00% |       96.97% |       0.0020 |       0.1324 |      1.0000e-04 |
|      49 |        1170 |       00:32:19 |      100.00% |       95.96% |       0.0084 |       0.1320 |      1.0000e-04 |
|      49 |        1175 |       00:32:26 |      100.00% |       97.98% |       0.0020 |       0.0992 |      1.0000e-04 |
|      50 |        1180 |       00:32:33 |      100.00% |       97.47% |       0.0039 |       0.1002 |      1.0000e-04 |
|      50 |        1185 |       00:32:41 |      100.00% |       97.98% |       0.0010 |       0.0876 |      1.0000e-04 |
|      50 |        1190 |       00:32:48 |      100.00% |       97.98% |       0.0012 |       0.0814 |      1.0000e-04 |
|      50 |        1195 |       00:32:55 |      100.00% |       97.47% |       0.0068 |       0.0898 |      1.0000e-04 |
|      50 |        1200 |       00:33:02 |      100.00% |       96.97% |       0.0005 |       0.0948 |      1.0000e-04 |
|======================================================================================================================|
Predicting accuracy for Test Set 
The accuracy of the test set is 93.939394 
The specificity of the test set is 93.159859 
The sensitivity of the test set is 91.509578 
