Loading Data 
Training on single GPU.
Initializing input data normalization.
|======================================================================================================================|
|  Epoch  |  Iteration  |  Time Elapsed  |  Mini-batch  |  Validation  |  Mini-batch  |  Validation  |  Base Learning  |
|         |             |   (hh:mm:ss)   |   Accuracy   |   Accuracy   |     Loss     |     Loss     |      Rate       |
|======================================================================================================================|
|       1 |           1 |       00:00:02 |       10.94% |        8.08% |       3.7239 |       3.5041 |      1.0000e-04 |
|       1 |           5 |       00:00:06 |       34.38% |       44.95% |       2.3967 |       2.0531 |      1.0000e-04 |
|       1 |          10 |       00:00:10 |       57.81% |       69.70% |       1.3526 |       1.1986 |      1.0000e-04 |
|       1 |          15 |       00:00:13 |       65.62% |       76.26% |       1.1125 |       0.8422 |      1.0000e-04 |
|       1 |          20 |       00:00:17 |       75.00% |       82.83% |       0.7857 |       0.6327 |      1.0000e-04 |
|       2 |          25 |       00:00:20 |       76.56% |       85.86% |       0.5721 |       0.4810 |      1.0000e-04 |
|       2 |          30 |       00:00:24 |       89.06% |       88.89% |       0.5003 |       0.3894 |      1.0000e-04 |
|       2 |          35 |       00:00:28 |       87.50% |       89.90% |       0.3926 |       0.3171 |      1.0000e-04 |
|       2 |          40 |       00:00:31 |       87.50% |       91.41% |       0.3321 |       0.3338 |      1.0000e-04 |
|       2 |          45 |       00:00:35 |       85.94% |       93.43% |       0.4026 |       0.2186 |      1.0000e-04 |
|       3 |          50 |       00:00:39 |       90.62% |       91.92% |       0.3507 |       0.2514 |      1.0000e-04 |
|       3 |          55 |       00:00:42 |       93.75% |       91.41% |       0.2090 |       0.2464 |      1.0000e-04 |
|       3 |          60 |       00:00:46 |       95.31% |       93.43% |       0.2283 |       0.2379 |      1.0000e-04 |
|       3 |          65 |       00:00:49 |       98.44% |       93.43% |       0.1363 |       0.2269 |      1.0000e-04 |
|       3 |          70 |       00:00:53 |       90.62% |       93.94% |       0.2944 |       0.1658 |      1.0000e-04 |
|       4 |          75 |       00:00:57 |       90.62% |       95.96% |       0.2129 |       0.1670 |      1.0000e-04 |
|       4 |          80 |       00:01:00 |      100.00% |       95.45% |       0.0447 |       0.1397 |      1.0000e-04 |
|       4 |          85 |       00:01:04 |       95.31% |       94.95% |       0.1757 |       0.1683 |      1.0000e-04 |
|       4 |          90 |       00:01:07 |       98.44% |       95.96% |       0.0747 |       0.1476 |      1.0000e-04 |
|       4 |          95 |       00:01:11 |       96.88% |       91.41% |       0.1038 |       0.2232 |      1.0000e-04 |
|       5 |         100 |       00:01:15 |       96.88% |       94.95% |       0.0869 |       0.1610 |      1.0000e-04 |
|       5 |         105 |       00:01:18 |       98.44% |       96.46% |       0.0677 |       0.1313 |      1.0000e-04 |
|       5 |         110 |       00:01:22 |       98.44% |       96.46% |       0.0808 |       0.1328 |      1.0000e-04 |
|       5 |         115 |       00:01:25 |      100.00% |       92.42% |       0.0459 |       0.1774 |      1.0000e-04 |
|       5 |         120 |       00:01:29 |       96.88% |       94.44% |       0.1092 |       0.1570 |      1.0000e-04 |
|       6 |         125 |       00:01:33 |       98.44% |       94.95% |       0.1302 |       0.1328 |      1.0000e-04 |
|       6 |         130 |       00:01:36 |       96.88% |       95.96% |       0.0647 |       0.1323 |      1.0000e-04 |
|       6 |         135 |       00:01:40 |       95.31% |       92.93% |       0.1018 |       0.2142 |      1.0000e-04 |
|       6 |         140 |       00:01:43 |       98.44% |       96.46% |       0.0539 |       0.1173 |      1.0000e-04 |
|       7 |         145 |       00:01:47 |       98.44% |       95.96% |       0.0780 |       0.1301 |      1.0000e-04 |
|       7 |         150 |       00:01:51 |      100.00% |       95.96% |       0.0724 |       0.1224 |      1.0000e-04 |
|       7 |         155 |       00:01:54 |      100.00% |       94.95% |       0.0406 |       0.1227 |      1.0000e-04 |
|       7 |         160 |       00:01:58 |      100.00% |       94.95% |       0.0436 |       0.1881 |      1.0000e-04 |
|       7 |         165 |       00:02:02 |       96.88% |       95.96% |       0.0601 |       0.1290 |      1.0000e-04 |
|       8 |         170 |       00:02:05 |       95.31% |       97.47% |       0.1557 |       0.1061 |      1.0000e-04 |
|       8 |         175 |       00:02:09 |       98.44% |       95.45% |       0.0624 |       0.1281 |      1.0000e-04 |
|       8 |         180 |       00:02:12 |       98.44% |       95.45% |       0.0397 |       0.1118 |      1.0000e-04 |
|       8 |         185 |       00:02:16 |      100.00% |       95.96% |       0.0182 |       0.1397 |      1.0000e-04 |
|       8 |         190 |       00:02:20 |       96.88% |       94.44% |       0.0697 |       0.1369 |      1.0000e-04 |
|       9 |         195 |       00:02:23 |      100.00% |       96.46% |       0.0285 |       0.1104 |      1.0000e-04 |
|       9 |         200 |       00:02:27 |       98.44% |       94.95% |       0.0451 |       0.1341 |      1.0000e-04 |
|       9 |         205 |       00:02:31 |       98.44% |       95.45% |       0.0612 |       0.1265 |      1.0000e-04 |
|       9 |         210 |       00:02:34 |      100.00% |       96.97% |       0.0268 |       0.1193 |      1.0000e-04 |
|       9 |         215 |       00:02:38 |      100.00% |       97.47% |       0.0256 |       0.0914 |      1.0000e-04 |
|      10 |         220 |       00:02:42 |      100.00% |       95.96% |       0.0488 |       0.1066 |      1.0000e-04 |
|      10 |         225 |       00:02:45 |       98.44% |       95.45% |       0.0571 |       0.1129 |      1.0000e-04 |
|      10 |         230 |       00:02:49 |      100.00% |       94.95% |       0.0308 |       0.1322 |      1.0000e-04 |
|      10 |         235 |       00:02:53 |      100.00% |       96.46% |       0.0242 |       0.1231 |      1.0000e-04 |
|      10 |         240 |       00:02:56 |      100.00% |       96.97% |       0.0149 |       0.0884 |      1.0000e-04 |
|      11 |         245 |       00:03:00 |      100.00% |       95.96% |       0.0317 |       0.0859 |      1.0000e-04 |
|      11 |         250 |       00:03:03 |       98.44% |       96.46% |       0.0284 |       0.0949 |      1.0000e-04 |
|      11 |         255 |       00:03:07 |       98.44% |       95.45% |       0.0474 |       0.1313 |      1.0000e-04 |
|      11 |         260 |       00:03:11 |      100.00% |       93.94% |       0.0110 |       0.1343 |      1.0000e-04 |
|      12 |         265 |       00:03:14 |       98.44% |       94.95% |       0.0405 |       0.1090 |      1.0000e-04 |
|      12 |         270 |       00:03:18 |       98.44% |       96.97% |       0.0363 |       0.0858 |      1.0000e-04 |
|      12 |         275 |       00:03:22 |      100.00% |       96.46% |       0.0299 |       0.1151 |      1.0000e-04 |
|      12 |         280 |       00:03:25 |      100.00% |       95.96% |       0.0127 |       0.1407 |      1.0000e-04 |
|      12 |         285 |       00:03:29 |       98.44% |       94.95% |       0.0456 |       0.1620 |      1.0000e-04 |
|      13 |         290 |       00:03:33 |       98.44% |       96.46% |       0.0280 |       0.1223 |      1.0000e-04 |
|      13 |         295 |       00:03:36 |      100.00% |       96.97% |       0.0166 |       0.0950 |      1.0000e-04 |
|      13 |         300 |       00:03:40 |       98.44% |       94.44% |       0.0408 |       0.1331 |      1.0000e-04 |
|      13 |         305 |       00:03:43 |      100.00% |       95.96% |       0.0156 |       0.0992 |      1.0000e-04 |
|      13 |         310 |       00:03:47 |      100.00% |       95.96% |       0.0112 |       0.1598 |      1.0000e-04 |
|      14 |         315 |       00:03:51 |       98.44% |       96.97% |       0.0283 |       0.1031 |      1.0000e-04 |
|      14 |         320 |       00:03:54 |       98.44% |       97.47% |       0.0287 |       0.0917 |      1.0000e-04 |
|      14 |         325 |       00:03:58 |      100.00% |       97.47% |       0.0165 |       0.0670 |      1.0000e-04 |
|      14 |         330 |       00:04:01 |      100.00% |       95.96% |       0.0194 |       0.0912 |      1.0000e-04 |
|      14 |         335 |       00:04:05 |      100.00% |       96.46% |       0.0157 |       0.1314 |      1.0000e-04 |
|      15 |         340 |       00:04:09 |      100.00% |       96.97% |       0.0072 |       0.0698 |      1.0000e-04 |
|      15 |         345 |       00:04:12 |       96.88% |       95.45% |       0.0840 |       0.1380 |      1.0000e-04 |
|      15 |         350 |       00:04:16 |      100.00% |       96.97% |       0.0120 |       0.0769 |      1.0000e-04 |
|      15 |         355 |       00:04:20 |      100.00% |       97.47% |       0.0119 |       0.0913 |      1.0000e-04 |
|      15 |         360 |       00:04:23 |      100.00% |       96.46% |       0.0131 |       0.1246 |      1.0000e-04 |
|      16 |         365 |       00:04:27 |      100.00% |       98.48% |       0.0159 |       0.0752 |      1.0000e-04 |
|      16 |         370 |       00:04:30 |      100.00% |       98.48% |       0.0060 |       0.0672 |      1.0000e-04 |
|      16 |         375 |       00:04:34 |      100.00% |       97.47% |       0.0041 |       0.1208 |      1.0000e-04 |
|      16 |         380 |       00:04:38 |      100.00% |       96.46% |       0.0148 |       0.1166 |      1.0000e-04 |
|      17 |         385 |       00:04:41 |      100.00% |       97.98% |       0.0132 |       0.0689 |      1.0000e-04 |
|      17 |         390 |       00:04:45 |      100.00% |       96.97% |       0.0203 |       0.0724 |      1.0000e-04 |
|      17 |         395 |       00:04:48 |       98.44% |       96.46% |       0.0408 |       0.1190 |      1.0000e-04 |
|      17 |         400 |       00:04:52 |      100.00% |       97.47% |       0.0037 |       0.0751 |      1.0000e-04 |
|      17 |         405 |       00:04:55 |      100.00% |       97.47% |       0.0042 |       0.1220 |      1.0000e-04 |
|      18 |         410 |       00:04:59 |      100.00% |       96.97% |       0.0134 |       0.0907 |      1.0000e-04 |
|      18 |         415 |       00:05:03 |      100.00% |       96.97% |       0.0071 |       0.0975 |      1.0000e-04 |
|      18 |         420 |       00:05:06 |      100.00% |       95.96% |       0.0083 |       0.0862 |      1.0000e-04 |
|      18 |         425 |       00:05:10 |      100.00% |       97.98% |       0.0044 |       0.0770 |      1.0000e-04 |
|      18 |         430 |       00:05:13 |      100.00% |       97.98% |       0.0053 |       0.0689 |      1.0000e-04 |
|      19 |         435 |       00:05:17 |       98.44% |       97.47% |       0.0371 |       0.0659 |      1.0000e-04 |
|      19 |         440 |       00:05:21 |      100.00% |       96.46% |       0.0027 |       0.0939 |      1.0000e-04 |
|      19 |         445 |       00:05:24 |      100.00% |       96.97% |       0.0026 |       0.0787 |      1.0000e-04 |
|      19 |         450 |       00:05:28 |      100.00% |       97.47% |       0.0078 |       0.0880 |      1.0000e-04 |
|      19 |         455 |       00:05:31 |      100.00% |       97.47% |       0.0034 |       0.1053 |      1.0000e-04 |
|      20 |         460 |       00:05:35 |      100.00% |       97.47% |       0.0104 |       0.0658 |      1.0000e-04 |
|      20 |         465 |       00:05:38 |       98.44% |       97.98% |       0.0309 |       0.0688 |      1.0000e-04 |
|      20 |         470 |       00:05:42 |      100.00% |       97.98% |       0.0019 |       0.0762 |      1.0000e-04 |
|      20 |         475 |       00:05:46 |      100.00% |       96.97% |       0.0015 |       0.0623 |      1.0000e-04 |
|      20 |         480 |       00:05:49 |      100.00% |       97.47% |       0.0123 |       0.0881 |      1.0000e-04 |
|      21 |         485 |       00:05:53 |      100.00% |       97.47% |       0.0024 |       0.0780 |      1.0000e-04 |
|      21 |         490 |       00:05:56 |      100.00% |       97.47% |       0.0019 |       0.0653 |      1.0000e-04 |
|      21 |         495 |       00:06:00 |      100.00% |       95.45% |       0.0050 |       0.1041 |      1.0000e-04 |
|      21 |         500 |       00:06:04 |      100.00% |       98.48% |       0.0081 |       0.0650 |      1.0000e-04 |
|      22 |         505 |       00:06:07 |      100.00% |       97.98% |       0.0065 |       0.0509 |      1.0000e-04 |
|      22 |         510 |       00:06:11 |      100.00% |       96.46% |       0.0052 |       0.0815 |      1.0000e-04 |
|      22 |         515 |       00:06:15 |      100.00% |       97.47% |       0.0026 |       0.0626 |      1.0000e-04 |
|      22 |         520 |       00:06:19 |      100.00% |       96.97% |       0.0015 |       0.0895 |      1.0000e-04 |
|      22 |         525 |       00:06:23 |      100.00% |       98.48% |       0.0045 |       0.0458 |      1.0000e-04 |
|      23 |         530 |       00:06:27 |      100.00% |       97.98% |       0.0040 |       0.0554 |      1.0000e-04 |
|      23 |         535 |       00:06:30 |      100.00% |       97.47% |       0.0063 |       0.0818 |      1.0000e-04 |
|      23 |         540 |       00:06:34 |      100.00% |       97.47% |       0.0041 |       0.0821 |      1.0000e-04 |
|      23 |         545 |       00:06:38 |      100.00% |       96.97% |       0.0025 |       0.0685 |      1.0000e-04 |
|      23 |         550 |       00:06:41 |      100.00% |       96.46% |       0.0012 |       0.0738 |      1.0000e-04 |
|      24 |         555 |       00:06:45 |      100.00% |       97.47% |       0.0010 |       0.0566 |      1.0000e-04 |
|      24 |         560 |       00:06:48 |      100.00% |       96.97% |       0.0014 |       0.0720 |      1.0000e-04 |
|      24 |         565 |       00:06:52 |      100.00% |       97.98% |       0.0031 |       0.0634 |      1.0000e-04 |
|      24 |         570 |       00:06:56 |      100.00% |       97.98% |       0.0028 |       0.0569 |      1.0000e-04 |
|      24 |         575 |       00:06:59 |      100.00% |       96.46% |       0.0012 |       0.1121 |      1.0000e-04 |
|      25 |         580 |       00:07:03 |      100.00% |       98.99% |       0.0009 |       0.0395 |      1.0000e-04 |
|      25 |         585 |       00:07:07 |      100.00% |       97.47% |       0.0013 |       0.0741 |      1.0000e-04 |
|      25 |         590 |       00:07:10 |      100.00% |       97.98% |       0.0035 |       0.0444 |      1.0000e-04 |
|      25 |         595 |       00:07:14 |      100.00% |       97.47% |       0.0021 |       0.1000 |      1.0000e-04 |
|      25 |         600 |       00:07:17 |      100.00% |       96.97% |       0.0051 |       0.0909 |      1.0000e-04 |
|      26 |         605 |       00:07:21 |      100.00% |       97.47% |       0.0019 |       0.0742 |      1.0000e-04 |
|      26 |         610 |       00:07:25 |      100.00% |       97.47% |       0.0025 |       0.0715 |      1.0000e-04 |
|      26 |         615 |       00:07:28 |      100.00% |       97.98% |       0.0042 |       0.0682 |      1.0000e-04 |
|      26 |         620 |       00:07:32 |      100.00% |       97.47% |       0.0021 |       0.0886 |      1.0000e-04 |
|      27 |         625 |       00:07:36 |      100.00% |       96.97% |       0.0016 |       0.0682 |      1.0000e-04 |
|      27 |         630 |       00:07:39 |      100.00% |       97.98% |       0.0098 |       0.0608 |      1.0000e-04 |
|      27 |         635 |       00:07:43 |      100.00% |       97.98% |       0.0015 |       0.0598 |      1.0000e-04 |
|      27 |         640 |       00:07:46 |      100.00% |       98.48% |       0.0010 |       0.0555 |      1.0000e-04 |
|      27 |         645 |       00:07:50 |      100.00% |       97.98% |       0.0021 |       0.0949 |      1.0000e-04 |
|      28 |         650 |       00:07:54 |      100.00% |       96.97% |       0.0060 |       0.0744 |      1.0000e-04 |
|      28 |         655 |       00:07:57 |      100.00% |       96.97% |       0.0011 |       0.0767 |      1.0000e-04 |
|      28 |         660 |       00:08:01 |       98.44% |       97.98% |       0.0126 |       0.0467 |      1.0000e-04 |
|      28 |         665 |       00:08:05 |      100.00% |       96.97% |       0.0017 |       0.0708 |      1.0000e-04 |
|      28 |         670 |       00:08:09 |      100.00% |       96.46% |       0.0026 |       0.0818 |      1.0000e-04 |
|      29 |         675 |       00:08:12 |      100.00% |       97.98% |       0.0037 |       0.0551 |      1.0000e-04 |
|      29 |         680 |       00:08:16 |      100.00% |       98.48% |       0.0050 |       0.0492 |      1.0000e-04 |
|      29 |         685 |       00:08:19 |      100.00% |       98.48% |       0.0011 |       0.0672 |      1.0000e-04 |
|      29 |         690 |       00:08:23 |      100.00% |       97.98% |       0.0015 |       0.0636 |      1.0000e-04 |
|      29 |         695 |       00:08:27 |      100.00% |       97.47% |       0.0007 |       0.1094 |      1.0000e-04 |
|      30 |         700 |       00:08:30 |      100.00% |       96.97% |       0.0013 |       0.0964 |      1.0000e-04 |
|      30 |         705 |       00:08:34 |      100.00% |       97.47% |       0.0065 |       0.0900 |      1.0000e-04 |
|      30 |         710 |       00:08:37 |      100.00% |       96.46% |       0.0023 |       0.1136 |      1.0000e-04 |
|      30 |         715 |       00:08:41 |      100.00% |       97.98% |       0.0007 |       0.0565 |      1.0000e-04 |
|      30 |         720 |       00:08:45 |      100.00% |       98.48% |       0.0041 |       0.0420 |      1.0000e-04 |
|      31 |         725 |       00:08:48 |      100.00% |       97.47% |       0.0010 |       0.0792 |      1.0000e-04 |
|      31 |         730 |       00:08:52 |      100.00% |       97.47% |       0.0021 |       0.0908 |      1.0000e-04 |
|      31 |         735 |       00:08:56 |      100.00% |       96.97% |       0.0012 |       0.1000 |      1.0000e-04 |
|      31 |         740 |       00:08:59 |      100.00% |       95.96% |       0.0103 |       0.0820 |      1.0000e-04 |
|      32 |         745 |       00:09:03 |      100.00% |       97.47% |       0.0077 |       0.0596 |      1.0000e-04 |
|      32 |         750 |       00:09:07 |      100.00% |       96.97% |       0.0030 |       0.0730 |      1.0000e-04 |
|      32 |         755 |       00:09:10 |      100.00% |       97.47% |       0.0033 |       0.0691 |      1.0000e-04 |
|      32 |         760 |       00:09:14 |      100.00% |       97.98% |       0.0025 |       0.0860 |      1.0000e-04 |
|      32 |         765 |       00:09:18 |      100.00% |       96.97% |       0.0022 |       0.0864 |      1.0000e-04 |
|      33 |         770 |       00:09:21 |      100.00% |       96.97% |       0.0035 |       0.0678 |      1.0000e-04 |
|      33 |         775 |       00:09:25 |      100.00% |       96.46% |       0.0022 |       0.0801 |      1.0000e-04 |
|      33 |         780 |       00:09:29 |      100.00% |       95.45% |       0.0065 |       0.1323 |      1.0000e-04 |
|      33 |         785 |       00:09:32 |      100.00% |       97.47% |       0.0010 |       0.0847 |      1.0000e-04 |
|      33 |         790 |       00:09:36 |      100.00% |       96.97% |       0.0035 |       0.0713 |      1.0000e-04 |
|      34 |         795 |       00:09:40 |      100.00% |       96.97% |       0.0006 |       0.0956 |      1.0000e-04 |
|      34 |         800 |       00:09:43 |      100.00% |       96.97% |       0.0015 |       0.0708 |      1.0000e-04 |
|      34 |         805 |       00:09:47 |      100.00% |       97.47% |       0.0091 |       0.0714 |      1.0000e-04 |
|      34 |         810 |       00:09:50 |      100.00% |       96.97% |       0.0009 |       0.0787 |      1.0000e-04 |
|      34 |         815 |       00:09:54 |      100.00% |       96.46% |       0.0017 |       0.1256 |      1.0000e-04 |
|      35 |         820 |       00:09:58 |      100.00% |       95.96% |       0.0009 |       0.1005 |      1.0000e-04 |
|      35 |         825 |       00:10:01 |      100.00% |       97.98% |       0.0016 |       0.0628 |      1.0000e-04 |
|      35 |         830 |       00:10:05 |      100.00% |       97.98% |       0.0074 |       0.0555 |      1.0000e-04 |
|      35 |         835 |       00:10:08 |      100.00% |       98.48% |       0.0014 |       0.0655 |      1.0000e-04 |
|      35 |         840 |       00:10:12 |      100.00% |       97.47% |       0.0019 |       0.1008 |      1.0000e-04 |
|      36 |         845 |       00:10:16 |      100.00% |       98.48% |       0.0039 |       0.0606 |      1.0000e-04 |
|      36 |         850 |       00:10:19 |      100.00% |       96.97% |       0.0048 |       0.0967 |      1.0000e-04 |
|      36 |         855 |       00:10:23 |      100.00% |       96.97% |       0.0121 |       0.1448 |      1.0000e-04 |
|      36 |         860 |       00:10:26 |      100.00% |       95.96% |       0.0012 |       0.1012 |      1.0000e-04 |
|      37 |         865 |       00:10:30 |      100.00% |       96.97% |       0.0027 |       0.1533 |      1.0000e-04 |
|      37 |         870 |       00:10:34 |      100.00% |       95.96% |       0.0087 |       0.1589 |      1.0000e-04 |
|      37 |         875 |       00:10:37 |       98.44% |       96.97% |       0.1052 |       0.1126 |      1.0000e-04 |
|      37 |         880 |       00:10:41 |       98.44% |       95.45% |       0.0271 |       0.1371 |      1.0000e-04 |
|      37 |         885 |       00:10:45 |      100.00% |       95.96% |       0.0045 |       0.1481 |      1.0000e-04 |
|      38 |         890 |       00:10:48 |      100.00% |       96.46% |       0.0120 |       0.1440 |      1.0000e-04 |
|      38 |         895 |       00:10:52 |      100.00% |       96.97% |       0.0159 |       0.0849 |      1.0000e-04 |
|      38 |         900 |       00:10:56 |      100.00% |       97.47% |       0.0075 |       0.0990 |      1.0000e-04 |
|      38 |         905 |       00:10:59 |      100.00% |       97.47% |       0.0033 |       0.0881 |      1.0000e-04 |
|      38 |         910 |       00:11:03 |       98.44% |       97.98% |       0.0216 |       0.0615 |      1.0000e-04 |
|      39 |         915 |       00:11:07 |       98.44% |       95.45% |       0.0173 |       0.1474 |      1.0000e-04 |
|      39 |         920 |       00:11:10 |      100.00% |       97.47% |       0.0008 |       0.0898 |      1.0000e-04 |
|      39 |         925 |       00:11:14 |      100.00% |       96.46% |       0.0096 |       0.1312 |      1.0000e-04 |
|      39 |         930 |       00:11:17 |      100.00% |       95.45% |       0.0154 |       0.1649 |      1.0000e-04 |
|      39 |         935 |       00:11:21 |      100.00% |       96.97% |       0.0136 |       0.1643 |      1.0000e-04 |
|      40 |         940 |       00:11:25 |      100.00% |       96.46% |       0.0144 |       0.1485 |      1.0000e-04 |
|      40 |         945 |       00:11:28 |      100.00% |       97.47% |       0.0062 |       0.0965 |      1.0000e-04 |
|      40 |         950 |       00:11:32 |       98.44% |       96.46% |       0.0187 |       0.1534 |      1.0000e-04 |
|      40 |         955 |       00:11:35 |      100.00% |       96.97% |       0.0080 |       0.1534 |      1.0000e-04 |
|      40 |         960 |       00:11:39 |      100.00% |       95.45% |       0.0073 |       0.1450 |      1.0000e-04 |
|      41 |         965 |       00:11:43 |       98.44% |       95.45% |       0.0179 |       0.1565 |      1.0000e-04 |
|      41 |         970 |       00:11:46 |      100.00% |       95.96% |       0.0092 |       0.1182 |      1.0000e-04 |
|      41 |         975 |       00:11:50 |      100.00% |       96.46% |       0.0068 |       0.0868 |      1.0000e-04 |
|      41 |         980 |       00:11:53 |      100.00% |       96.97% |       0.0127 |       0.1069 |      1.0000e-04 |
|      42 |         985 |       00:11:57 |       98.44% |       97.98% |       0.1457 |       0.0542 |      1.0000e-04 |
|      42 |         990 |       00:12:00 |      100.00% |       96.97% |       0.0055 |       0.0712 |      1.0000e-04 |
|      42 |         995 |       00:12:04 |      100.00% |       95.96% |       0.0220 |       0.1335 |      1.0000e-04 |
|      42 |        1000 |       00:12:07 |      100.00% |       96.97% |       0.0141 |       0.1054 |      1.0000e-04 |
|      42 |        1005 |       00:12:11 |      100.00% |       96.97% |       0.0019 |       0.1165 |      1.0000e-04 |
|      43 |        1010 |       00:12:14 |      100.00% |       97.47% |       0.0088 |       0.0809 |      1.0000e-04 |
|      43 |        1015 |       00:12:18 |      100.00% |       97.47% |       0.0032 |       0.1089 |      1.0000e-04 |
|      43 |        1020 |       00:12:22 |       98.44% |       95.45% |       0.0521 |       0.1520 |      1.0000e-04 |
|      43 |        1025 |       00:12:25 |      100.00% |       96.97% |       0.0044 |       0.1001 |      1.0000e-04 |
|      43 |        1030 |       00:12:29 |       98.44% |       96.97% |       0.0360 |       0.1274 |      1.0000e-04 |
|      44 |        1035 |       00:12:33 |       98.44% |       96.46% |       0.0391 |       0.1423 |      1.0000e-04 |
|      44 |        1040 |       00:12:36 |       98.44% |       96.97% |       0.0301 |       0.1343 |      1.0000e-04 |
|      44 |        1045 |       00:12:40 |      100.00% |       96.97% |       0.0096 |       0.0963 |      1.0000e-04 |
|      44 |        1050 |       00:12:43 |      100.00% |       96.46% |       0.0015 |       0.1268 |      1.0000e-04 |
|      44 |        1055 |       00:12:47 |      100.00% |       96.46% |       0.0067 |       0.1586 |      1.0000e-04 |
|      45 |        1060 |       00:12:51 |      100.00% |       97.47% |       0.0030 |       0.0989 |      1.0000e-04 |
|      45 |        1065 |       00:12:54 |      100.00% |       95.45% |       0.0061 |       0.1154 |      1.0000e-04 |
|      45 |        1070 |       00:12:58 |      100.00% |       97.47% |       0.0026 |       0.0946 |      1.0000e-04 |
|      45 |        1075 |       00:13:01 |      100.00% |       97.47% |       0.0087 |       0.0842 |      1.0000e-04 |
|      45 |        1080 |       00:13:05 |       96.88% |       98.48% |       0.0426 |       0.0746 |      1.0000e-04 |
|      46 |        1085 |       00:13:09 |      100.00% |       95.45% |       0.0082 |       0.1150 |      1.0000e-04 |
|      46 |        1090 |       00:13:12 |      100.00% |       95.96% |       0.0123 |       0.1326 |      1.0000e-04 |
|      46 |        1095 |       00:13:16 |      100.00% |       95.45% |       0.0110 |       0.1497 |      1.0000e-04 |
|      46 |        1100 |       00:13:19 |       96.88% |       96.46% |       0.0574 |       0.1451 |      1.0000e-04 |
|      47 |        1105 |       00:13:23 |      100.00% |       95.96% |       0.0230 |       0.1096 |      1.0000e-04 |
|      47 |        1110 |       00:13:27 |       96.88% |       95.96% |       0.0388 |       0.1509 |      1.0000e-04 |
|      47 |        1115 |       00:13:30 |       98.44% |       95.96% |       0.0327 |       0.1480 |      1.0000e-04 |
|      47 |        1120 |       00:13:34 |      100.00% |       96.97% |       0.0049 |       0.0971 |      1.0000e-04 |
|      47 |        1125 |       00:13:38 |      100.00% |       96.97% |       0.0044 |       0.1312 |      1.0000e-04 |
|      48 |        1130 |       00:13:41 |      100.00% |       97.47% |       0.0080 |       0.0809 |      1.0000e-04 |
|      48 |        1135 |       00:13:45 |      100.00% |       96.46% |       0.0015 |       0.1393 |      1.0000e-04 |
|      48 |        1140 |       00:13:49 |      100.00% |       97.47% |       0.0039 |       0.1241 |      1.0000e-04 |
|      48 |        1145 |       00:13:52 |      100.00% |       98.99% |       0.0044 |       0.0592 |      1.0000e-04 |
|      48 |        1150 |       00:13:56 |      100.00% |       96.97% |       0.0033 |       0.1285 |      1.0000e-04 |
|      49 |        1155 |       00:13:59 |      100.00% |       97.98% |       0.0020 |       0.0868 |      1.0000e-04 |
|      49 |        1160 |       00:14:03 |      100.00% |       97.98% |       0.0011 |       0.0699 |      1.0000e-04 |
|      49 |        1165 |       00:14:07 |      100.00% |       97.47% |       0.0019 |       0.0812 |      1.0000e-04 |
|      49 |        1170 |       00:14:10 |      100.00% |       96.97% |       0.0099 |       0.0705 |      1.0000e-04 |
|      49 |        1175 |       00:14:14 |      100.00% |       96.97% |       0.0006 |       0.0952 |      1.0000e-04 |
|      50 |        1180 |       00:14:18 |      100.00% |       97.98% |       0.0076 |       0.0822 |      1.0000e-04 |
|      50 |        1185 |       00:14:21 |      100.00% |       96.46% |       0.0065 |       0.1321 |      1.0000e-04 |
|      50 |        1190 |       00:14:25 |      100.00% |       96.46% |       0.0045 |       0.0863 |      1.0000e-04 |
|      50 |        1195 |       00:14:28 |      100.00% |       96.97% |       0.0005 |       0.1093 |      1.0000e-04 |
|      50 |        1200 |       00:14:32 |      100.00% |       97.98% |       0.0078 |       0.1197 |      1.0000e-04 |
|      51 |        1205 |       00:14:36 |      100.00% |       97.47% |       0.0019 |       0.0927 |      1.0000e-04 |
|      51 |        1210 |       00:14:39 |      100.00% |       96.46% |       0.0004 |       0.1258 |      1.0000e-04 |
|      51 |        1215 |       00:14:43 |      100.00% |       97.47% |       0.0025 |       0.0875 |      1.0000e-04 |
|      51 |        1220 |       00:14:46 |      100.00% |       97.98% |       0.0061 |       0.1140 |      1.0000e-04 |
|      52 |        1225 |       00:14:50 |      100.00% |       96.97% |       0.0017 |       0.0667 |      1.0000e-04 |
|      52 |        1230 |       00:14:54 |      100.00% |       97.98% |       0.0010 |       0.0655 |      1.0000e-04 |
|      52 |        1235 |       00:14:57 |      100.00% |       97.98% |       0.0037 |       0.0610 |      1.0000e-04 |
|      52 |        1240 |       00:15:01 |      100.00% |       97.98% |       0.0032 |       0.0538 |      1.0000e-04 |
|      52 |        1245 |       00:15:04 |      100.00% |       97.98% |       0.0008 |       0.0802 |      1.0000e-04 |
|      53 |        1250 |       00:15:08 |      100.00% |       96.97% |       0.0017 |       0.0653 |      1.0000e-04 |
|      53 |        1255 |       00:15:12 |      100.00% |       96.97% |       0.0015 |       0.0912 |      1.0000e-04 |
|      53 |        1260 |       00:15:15 |      100.00% |       97.47% |       0.0019 |       0.0514 |      1.0000e-04 |
|      53 |        1265 |       00:15:19 |      100.00% |       97.47% |       0.0030 |       0.0778 |      1.0000e-04 |
|      53 |        1270 |       00:15:23 |      100.00% |       96.97% |       0.0007 |       0.0867 |      1.0000e-04 |
|      54 |        1275 |       00:15:26 |      100.00% |       97.47% |       0.0007 |       0.0697 |      1.0000e-04 |
|      54 |        1280 |       00:15:30 |      100.00% |       98.99% |       0.0008 |       0.0467 |      1.0000e-04 |
|      54 |        1285 |       00:15:34 |      100.00% |       97.47% |       0.0005 |       0.0845 |      1.0000e-04 |
|      54 |        1290 |       00:15:37 |      100.00% |       97.98% |       0.0005 |       0.0911 |      1.0000e-04 |
|      54 |        1295 |       00:15:41 |      100.00% |       97.47% |       0.0006 |       0.0767 |      1.0000e-04 |
|      55 |        1300 |       00:15:44 |      100.00% |       98.99% |       0.0007 |       0.0676 |      1.0000e-04 |
|      55 |        1305 |       00:15:48 |      100.00% |       97.47% |       0.0003 |       0.0529 |      1.0000e-04 |
|      55 |        1310 |       00:15:52 |      100.00% |       96.46% |       0.0014 |       0.1145 |      1.0000e-04 |
|      55 |        1315 |       00:15:55 |      100.00% |       97.98% |       0.0008 |       0.0825 |      1.0000e-04 |
|      55 |        1320 |       00:15:59 |      100.00% |       97.98% |       0.0011 |       0.0981 |      1.0000e-04 |
|      56 |        1325 |       00:16:02 |      100.00% |       98.99% |       0.0008 |       0.0562 |      1.0000e-04 |
|      56 |        1330 |       00:16:06 |      100.00% |       97.47% |       0.0003 |       0.0849 |      1.0000e-04 |
|      56 |        1335 |       00:16:09 |      100.00% |       97.98% |       0.0003 |       0.0874 |      1.0000e-04 |
|      56 |        1340 |       00:16:13 |      100.00% |       98.48% |       0.0004 |       0.0893 |      1.0000e-04 |
|      57 |        1345 |       00:16:17 |      100.00% |       98.48% |       0.0007 |       0.0437 |      1.0000e-04 |
|      57 |        1350 |       00:16:20 |      100.00% |       97.98% |       0.0038 |       0.0780 |      1.0000e-04 |
|      57 |        1355 |       00:16:24 |      100.00% |       97.98% |       0.0005 |       0.0908 |      1.0000e-04 |
|      57 |        1360 |       00:16:27 |      100.00% |       96.97% |       0.0003 |       0.1042 |      1.0000e-04 |
|      57 |        1365 |       00:16:31 |      100.00% |       97.98% |       0.0004 |       0.0856 |      1.0000e-04 |
|      58 |        1370 |       00:16:35 |      100.00% |       97.47% |       0.0018 |       0.0742 |      1.0000e-04 |
|      58 |        1375 |       00:16:38 |      100.00% |       98.48% |       0.0007 |       0.1093 |      1.0000e-04 |
|      58 |        1380 |       00:16:42 |      100.00% |       97.98% |       0.0007 |       0.0953 |      1.0000e-04 |
|      58 |        1385 |       00:16:45 |      100.00% |       97.98% |       0.0002 |       0.0986 |      1.0000e-04 |
|      58 |        1390 |       00:16:49 |      100.00% |       96.97% |       0.0004 |       0.0907 |      1.0000e-04 |
|      59 |        1395 |       00:16:53 |      100.00% |       98.99% |       0.0005 |       0.0531 |      1.0000e-04 |
|      59 |        1400 |       00:16:56 |      100.00% |       97.98% |       0.0001 |       0.0680 |      1.0000e-04 |
|      59 |        1405 |       00:17:00 |      100.00% |       96.97% |       0.0003 |       0.0940 |      1.0000e-04 |
|      59 |        1410 |       00:17:03 |      100.00% |       97.98% |       0.0002 |       0.0641 |      1.0000e-04 |
|      59 |        1415 |       00:17:07 |      100.00% |       97.98% |       0.0005 |       0.0791 |      1.0000e-04 |
|      60 |        1420 |       00:17:11 |      100.00% |       96.97% |       0.0003 |       0.0880 |      1.0000e-04 |
|      60 |        1425 |       00:17:14 |      100.00% |       97.98% |       0.0002 |       0.0826 |      1.0000e-04 |
|      60 |        1430 |       00:17:18 |      100.00% |       97.47% |       0.0005 |       0.0748 |      1.0000e-04 |
|      60 |        1435 |       00:17:21 |      100.00% |       97.98% |       0.0005 |       0.0724 |      1.0000e-04 |
|      60 |        1440 |       00:17:25 |      100.00% |       97.47% |       0.0002 |       0.0798 |      1.0000e-04 |
|      61 |        1445 |       00:17:28 |      100.00% |       98.99% |       0.0004 |       0.0402 |      1.0000e-04 |
|      61 |        1450 |       00:17:32 |      100.00% |       96.97% |       0.0003 |       0.0802 |      1.0000e-04 |
|      61 |        1455 |       00:17:36 |      100.00% |       97.47% |       0.0002 |       0.0883 |      1.0000e-04 |
|      61 |        1460 |       00:17:39 |      100.00% |       97.98% |       0.0009 |       0.0652 |      1.0000e-04 |
|      62 |        1465 |       00:17:43 |      100.00% |       97.98% |       0.0004 |       0.0830 |      1.0000e-04 |
|      62 |        1470 |       00:17:46 |      100.00% |       96.97% |       0.0013 |       0.0772 |      1.0000e-04 |
|      62 |        1475 |       00:17:50 |      100.00% |       97.98% |       0.0003 |       0.0664 |      1.0000e-04 |
|      62 |        1480 |       00:17:54 |      100.00% |       97.98% |       0.0002 |       0.0695 |      1.0000e-04 |
|      62 |        1485 |       00:17:57 |      100.00% |       98.48% |       0.0005 |       0.0836 |      1.0000e-04 |
|      63 |        1490 |       00:18:01 |      100.00% |       96.97% |       0.0002 |       0.0903 |      1.0000e-04 |
|      63 |        1495 |       00:18:06 |      100.00% |       97.98% |       0.0004 |       0.0514 |      1.0000e-04 |
|      63 |        1500 |       00:18:11 |      100.00% |       97.98% |       0.0002 |       0.0565 |      1.0000e-04 |
|      63 |        1505 |       00:18:16 |      100.00% |       98.99% |       0.0002 |       0.0260 |      1.0000e-04 |
|      63 |        1510 |       00:18:22 |      100.00% |       97.47% |       0.0014 |       0.0833 |      1.0000e-04 |
|      64 |        1515 |       00:18:27 |      100.00% |       96.97% |       0.0005 |       0.0799 |      1.0000e-04 |
|      64 |        1520 |       00:18:32 |      100.00% |       97.47% |       0.0002 |       0.0951 |      1.0000e-04 |
|      64 |        1525 |       00:18:38 |      100.00% |       97.98% |       0.0003 |       0.0604 |      1.0000e-04 |
|      64 |        1530 |       00:18:43 |      100.00% |       97.98% |       0.0001 |       0.0990 |      1.0000e-04 |
|      64 |        1535 |       00:18:49 |      100.00% |       97.47% |       0.0002 |       0.0561 |      1.0000e-04 |
|      65 |        1540 |       00:18:54 |      100.00% |       96.97% |       0.0004 |       0.0757 |      1.0000e-04 |
|      65 |        1545 |       00:19:00 |      100.00% |       97.47% |       0.0002 |       0.0740 |      1.0000e-04 |
|      65 |        1550 |       00:19:05 |      100.00% |       98.48% |       0.0005 |       0.0412 |      1.0000e-04 |
|      65 |        1555 |       00:19:10 |      100.00% |       96.97% |       0.0008 |       0.0754 |      1.0000e-04 |
|      65 |        1560 |       00:19:16 |      100.00% |       97.98% |       0.0003 |       0.0448 |      1.0000e-04 |
|      66 |        1565 |       00:19:21 |      100.00% |       97.98% |       0.0003 |       0.0616 |      1.0000e-04 |
|      66 |        1570 |       00:19:27 |      100.00% |       98.48% |       0.0001 |       0.0410 |      1.0000e-04 |
|      66 |        1575 |       00:19:32 |      100.00% |       97.98% |       0.0003 |       0.0935 |      1.0000e-04 |
|      66 |        1580 |       00:19:38 |      100.00% |       97.47% |       0.0006 |       0.0763 |      1.0000e-04 |
|      67 |        1585 |       00:19:44 |      100.00% |       96.97% |       0.0003 |       0.0643 |      1.0000e-04 |
|      67 |        1590 |       00:19:50 |      100.00% |       98.48% |       0.0011 |       0.0705 |      1.0000e-04 |
|      67 |        1595 |       00:19:55 |      100.00% |       96.97% |       0.0008 |       0.0885 |      1.0000e-04 |
|      67 |        1600 |       00:20:01 |      100.00% |       97.98% |       0.0004 |       0.0841 |      1.0000e-04 |
|      67 |        1605 |       00:20:07 |      100.00% |       97.47% |       0.0004 |       0.0943 |      1.0000e-04 |
|      68 |        1610 |       00:20:13 |      100.00% |       99.49% |       0.0002 |       0.0375 |      1.0000e-04 |
|      68 |        1615 |       00:20:18 |      100.00% |       97.47% |       0.0002 |       0.0742 |      1.0000e-04 |
|      68 |        1620 |       00:20:24 |      100.00% |       97.47% |       0.0002 |       0.0620 |      1.0000e-04 |
|      68 |        1625 |       00:20:29 |      100.00% |       97.98% |       0.0002 |       0.0692 |      1.0000e-04 |
|      68 |        1630 |       00:20:35 |      100.00% |       97.98% |       0.0002 |       0.0600 |      1.0000e-04 |
|      69 |        1635 |       00:20:41 |      100.00% |       97.98% |       0.0002 |       0.0714 |      1.0000e-04 |
|      69 |        1640 |       00:20:46 |      100.00% |       97.98% |       0.0002 |       0.0643 |      1.0000e-04 |
|      69 |        1645 |       00:20:52 |      100.00% |       97.98% |       0.0003 |       0.0854 |      1.0000e-04 |
|      69 |        1650 |       00:20:57 |      100.00% |       97.47% |       0.0003 |       0.0780 |      1.0000e-04 |
|      69 |        1655 |       00:21:03 |      100.00% |       98.48% |       0.0002 |       0.0361 |      1.0000e-04 |
|      70 |        1660 |       00:21:09 |      100.00% |       96.97% |       0.0003 |       0.1050 |      1.0000e-04 |
|      70 |        1665 |       00:21:14 |      100.00% |       97.47% |       0.0003 |       0.0857 |      1.0000e-04 |
|      70 |        1670 |       00:21:19 |      100.00% |       98.48% |       0.0004 |       0.0577 |      1.0000e-04 |
|      70 |        1675 |       00:21:24 |      100.00% |       98.48% |       0.0001 |       0.0470 |      1.0000e-04 |
|      70 |        1680 |       00:21:29 |      100.00% |       97.98% |       0.0002 |       0.0546 |      1.0000e-04 |
|      71 |        1685 |       00:21:35 |      100.00% |       98.48% |       0.0001 |       0.0527 |      1.0000e-04 |
|      71 |        1690 |       00:21:40 |      100.00% |       96.97% |       0.0002 |       0.0899 |      1.0000e-04 |
|      71 |        1695 |       00:21:46 |      100.00% |       97.47% |       0.0001 |       0.1153 |      1.0000e-04 |
|      71 |        1700 |       00:21:51 |      100.00% |       97.98% |       0.0001 |       0.0532 |      1.0000e-04 |
|      72 |        1705 |       00:21:57 |      100.00% |       97.98% |       0.0002 |       0.0785 |      1.0000e-04 |
|      72 |        1710 |       00:22:02 |      100.00% |       96.46% |       0.0010 |       0.0970 |      1.0000e-04 |
|      72 |        1715 |       00:22:08 |      100.00% |       98.48% |       0.0004 |       0.0664 |      1.0000e-04 |
|      72 |        1720 |       00:22:13 |      100.00% |       97.98% |       0.0003 |       0.0584 |      1.0000e-04 |
|      72 |        1725 |       00:22:19 |      100.00% |       97.98% |       0.0003 |       0.0714 |      1.0000e-04 |
|      73 |        1730 |       00:22:24 |      100.00% |       97.98% |       0.0004 |       0.0797 |      1.0000e-04 |
|      73 |        1735 |       00:22:29 |      100.00% |       98.48% |       0.0001 |       0.0570 |      1.0000e-04 |
|      73 |        1740 |       00:22:35 |      100.00% |       98.48% |       0.0003 |       0.0747 |      1.0000e-04 |
|      73 |        1745 |       00:22:40 |      100.00% |       97.98% |       0.0001 |       0.0572 |      1.0000e-04 |
|      73 |        1750 |       00:22:46 |      100.00% |       98.48% |   8.8572e-05 |       0.0687 |      1.0000e-04 |
|      74 |        1755 |       00:22:52 |      100.00% |       97.47% |       0.0002 |       0.0835 |      1.0000e-04 |
|      74 |        1760 |       00:22:57 |      100.00% |       97.47% |       0.0001 |       0.0883 |      1.0000e-04 |
|      74 |        1765 |       00:23:03 |      100.00% |       98.48% |       0.0003 |       0.0910 |      1.0000e-04 |
|      74 |        1770 |       00:23:08 |      100.00% |       97.47% |   5.9289e-05 |       0.0654 |      1.0000e-04 |
|      74 |        1775 |       00:23:13 |      100.00% |       98.48% |       0.0001 |       0.0520 |      1.0000e-04 |
|      75 |        1780 |       00:23:19 |      100.00% |       97.98% |       0.0002 |       0.0899 |      1.0000e-04 |
|      75 |        1785 |       00:23:24 |      100.00% |       97.98% |       0.0002 |       0.0712 |      1.0000e-04 |
|      75 |        1790 |       00:23:30 |      100.00% |       96.97% |       0.0002 |       0.0888 |      1.0000e-04 |
|      75 |        1795 |       00:23:35 |      100.00% |       97.47% |   7.2681e-05 |       0.0603 |      1.0000e-04 |
|      75 |        1800 |       00:23:41 |      100.00% |       97.98% |       0.0001 |       0.0981 |      1.0000e-04 |
|      76 |        1805 |       00:23:46 |      100.00% |       97.98% |   7.8163e-05 |       0.0809 |      1.0000e-04 |
|      76 |        1810 |       00:23:52 |      100.00% |       98.48% |       0.0002 |       0.0458 |      1.0000e-04 |
|      76 |        1815 |       00:23:57 |      100.00% |       97.98% |       0.0002 |       0.0789 |      1.0000e-04 |
|      76 |        1820 |       00:24:02 |      100.00% |       98.48% |       0.0001 |       0.0705 |      1.0000e-04 |
|      77 |        1825 |       00:24:08 |      100.00% |       97.98% |       0.0002 |       0.0502 |      1.0000e-04 |
|      77 |        1830 |       00:24:14 |      100.00% |       97.98% |       0.0005 |       0.0686 |      1.0000e-04 |
|      77 |        1835 |       00:24:19 |      100.00% |       97.47% |       0.0004 |       0.0664 |      1.0000e-04 |
|      77 |        1840 |       00:24:24 |      100.00% |       98.48% |       0.0005 |       0.0575 |      1.0000e-04 |
|      77 |        1845 |       00:24:30 |      100.00% |       98.48% |       0.0004 |       0.0645 |      1.0000e-04 |
|      78 |        1850 |       00:24:35 |      100.00% |       96.97% |       0.0002 |       0.0647 |      1.0000e-04 |
|      78 |        1855 |       00:24:41 |      100.00% |       98.48% |       0.0002 |       0.0411 |      1.0000e-04 |
|      78 |        1860 |       00:24:46 |      100.00% |       97.47% |       0.0002 |       0.0504 |      1.0000e-04 |
|      78 |        1865 |       00:24:51 |      100.00% |       97.98% |       0.0001 |       0.0528 |      1.0000e-04 |
|      78 |        1870 |       00:24:57 |      100.00% |       97.47% |       0.0005 |       0.0771 |      1.0000e-04 |
|      79 |        1875 |       00:25:02 |      100.00% |       98.48% |       0.0001 |       0.0659 |      1.0000e-04 |
|      79 |        1880 |       00:25:08 |      100.00% |       97.47% |       0.0002 |       0.0444 |      1.0000e-04 |
|      79 |        1885 |       00:25:13 |      100.00% |       98.48% |       0.0002 |       0.0519 |      1.0000e-04 |
|      79 |        1890 |       00:25:19 |      100.00% |       98.99% |       0.0003 |       0.0637 |      1.0000e-04 |
|      79 |        1895 |       00:25:24 |      100.00% |       97.98% |       0.0002 |       0.0698 |      1.0000e-04 |
|      80 |        1900 |       00:25:29 |      100.00% |       97.47% |   9.6618e-05 |       0.0680 |      1.0000e-04 |
|      80 |        1905 |       00:25:35 |      100.00% |       98.48% |       0.0001 |       0.0444 |      1.0000e-04 |
|      80 |        1910 |       00:25:40 |      100.00% |       97.47% |       0.0004 |       0.1116 |      1.0000e-04 |
|      80 |        1915 |       00:25:45 |      100.00% |       97.98% |       0.0002 |       0.0687 |      1.0000e-04 |
|      80 |        1920 |       00:25:51 |      100.00% |       98.48% |       0.0001 |       0.0620 |      1.0000e-04 |
|      81 |        1925 |       00:25:57 |      100.00% |       97.98% |   5.8755e-05 |       0.0717 |      1.0000e-04 |
|      81 |        1930 |       00:26:02 |      100.00% |       98.99% |       0.0002 |       0.0572 |      1.0000e-04 |
|      81 |        1935 |       00:26:07 |      100.00% |       97.47% |       0.0002 |       0.1001 |      1.0000e-04 |
|      81 |        1940 |       00:26:13 |      100.00% |       97.98% |       0.0002 |       0.0572 |      1.0000e-04 |
|      82 |        1945 |       00:26:18 |      100.00% |       98.48% |       0.0001 |       0.0672 |      1.0000e-04 |
|      82 |        1950 |       00:26:24 |      100.00% |       97.47% |       0.0003 |       0.0564 |      1.0000e-04 |
|      82 |        1955 |       00:26:29 |      100.00% |       97.98% |       0.0002 |       0.0467 |      1.0000e-04 |
|      82 |        1960 |       00:26:35 |      100.00% |       97.98% |       0.0001 |       0.1130 |      1.0000e-04 |
|      82 |        1965 |       00:26:40 |      100.00% |       97.47% |       0.0003 |       0.0619 |      1.0000e-04 |
|      83 |        1970 |       00:26:46 |      100.00% |       98.48% |       0.0002 |       0.0680 |      1.0000e-04 |
|      83 |        1975 |       00:26:51 |      100.00% |       98.48% |   8.2277e-05 |       0.0292 |      1.0000e-04 |
|      83 |        1980 |       00:26:56 |      100.00% |       97.47% |       0.0001 |       0.0745 |      1.0000e-04 |
|      83 |        1985 |       00:27:02 |      100.00% |       98.99% |   7.9689e-05 |       0.0403 |      1.0000e-04 |
|      83 |        1990 |       00:27:07 |      100.00% |       97.47% |   6.9735e-05 |       0.0754 |      1.0000e-04 |
|      84 |        1995 |       00:27:13 |      100.00% |       98.48% |       0.0002 |       0.0431 |      1.0000e-04 |
|      84 |        2000 |       00:27:18 |      100.00% |       97.98% |       0.0001 |       0.0516 |      1.0000e-04 |
|      84 |        2005 |       00:27:24 |      100.00% |       97.98% |       0.0002 |       0.0823 |      1.0000e-04 |
|      84 |        2010 |       00:27:29 |      100.00% |       98.48% |   8.0721e-05 |       0.0889 |      1.0000e-04 |
|      84 |        2015 |       00:27:34 |      100.00% |       98.48% |   6.1063e-05 |       0.0546 |      1.0000e-04 |
|      85 |        2020 |       00:27:40 |      100.00% |       97.98% |       0.0002 |       0.0610 |      1.0000e-04 |
|      85 |        2025 |       00:27:45 |      100.00% |       98.99% |       0.0009 |       0.0625 |      1.0000e-04 |
|      85 |        2030 |       00:27:51 |      100.00% |       98.48% |       0.0001 |       0.0661 |      1.0000e-04 |
|      85 |        2035 |       00:27:56 |      100.00% |       98.48% |   5.4460e-05 |       0.1032 |      1.0000e-04 |
|      85 |        2040 |       00:28:02 |      100.00% |       97.98% |       0.0005 |       0.0956 |      1.0000e-04 |
|      86 |        2045 |       00:28:08 |      100.00% |       98.48% |       0.0001 |       0.0593 |      1.0000e-04 |
|      86 |        2050 |       00:28:13 |      100.00% |       97.98% |   6.0090e-05 |       0.0457 |      1.0000e-04 |
|      86 |        2055 |       00:28:18 |      100.00% |       97.98% |   7.2994e-05 |       0.0760 |      1.0000e-04 |
|      86 |        2060 |       00:28:23 |      100.00% |       97.98% |       0.0001 |       0.0505 |      1.0000e-04 |
|      87 |        2065 |       00:28:29 |      100.00% |       97.98% |       0.0002 |       0.1031 |      1.0000e-04 |
|      87 |        2070 |       00:28:34 |      100.00% |       98.48% |       0.0002 |       0.0607 |      1.0000e-04 |
|      87 |        2075 |       00:28:40 |      100.00% |       97.47% |       0.0004 |       0.0689 |      1.0000e-04 |
|      87 |        2080 |       00:28:45 |      100.00% |       97.98% |   9.2208e-05 |       0.0576 |      1.0000e-04 |
|      87 |        2085 |       00:28:51 |      100.00% |       98.48% |       0.0001 |       0.0302 |      1.0000e-04 |
|      88 |        2090 |       00:28:56 |      100.00% |       97.98% |       0.0001 |       0.0772 |      1.0000e-04 |
|      88 |        2095 |       00:29:02 |      100.00% |       98.48% |   7.4850e-05 |       0.0776 |      1.0000e-04 |
|      88 |        2100 |       00:29:08 |      100.00% |       98.48% |   9.7457e-05 |       0.0612 |      1.0000e-04 |
|      88 |        2105 |       00:29:13 |      100.00% |       97.98% |   6.5648e-05 |       0.0723 |      1.0000e-04 |
|      88 |        2110 |       00:29:18 |      100.00% |       97.98% |       0.0001 |       0.0832 |      1.0000e-04 |
|      89 |        2115 |       00:29:24 |      100.00% |       98.48% |       0.0002 |       0.0537 |      1.0000e-04 |
|      89 |        2120 |       00:29:29 |      100.00% |       98.48% |   5.1738e-05 |       0.0758 |      1.0000e-04 |
|      89 |        2125 |       00:29:35 |      100.00% |       97.98% |       0.0002 |       0.0601 |      1.0000e-04 |
|      89 |        2130 |       00:29:40 |      100.00% |       98.48% |       0.0001 |       0.0555 |      1.0000e-04 |
|      89 |        2135 |       00:29:46 |      100.00% |       97.98% |       0.0003 |       0.0651 |      1.0000e-04 |
|      90 |        2140 |       00:29:51 |      100.00% |       97.98% |       0.0001 |       0.1078 |      1.0000e-04 |
|      90 |        2145 |       00:29:57 |      100.00% |       98.48% |   8.4287e-05 |       0.0777 |      1.0000e-04 |
|      90 |        2150 |       00:30:02 |      100.00% |       97.98% |       0.0001 |       0.0794 |      1.0000e-04 |
|      90 |        2155 |       00:30:07 |      100.00% |       97.98% |       0.0002 |       0.0679 |      1.0000e-04 |
|      90 |        2160 |       00:30:13 |      100.00% |       97.98% |       0.0004 |       0.0638 |      1.0000e-04 |
|      91 |        2165 |       00:30:18 |      100.00% |       97.98% |       0.0002 |       0.0760 |      1.0000e-04 |
|      91 |        2170 |       00:30:24 |      100.00% |       98.48% |       0.0001 |       0.0686 |      1.0000e-04 |
|      91 |        2175 |       00:30:29 |       98.44% |       97.98% |       0.0698 |       0.0532 |      1.0000e-04 |
|      91 |        2180 |       00:30:35 |      100.00% |       96.97% |       0.0001 |       0.1147 |      1.0000e-04 |
|      92 |        2185 |       00:30:40 |      100.00% |       98.48% |       0.0022 |       0.0561 |      1.0000e-04 |
|      92 |        2190 |       00:30:46 |      100.00% |       96.97% |       0.0123 |       0.0696 |      1.0000e-04 |
|      92 |        2195 |       00:30:51 |      100.00% |       93.94% |       0.0048 |       0.1213 |      1.0000e-04 |
|      92 |        2200 |       00:30:56 |      100.00% |       96.46% |       0.0027 |       0.1608 |      1.0000e-04 |
|      92 |        2205 |       00:31:02 |       96.88% |       96.46% |       0.0860 |       0.1981 |      1.0000e-04 |
|      93 |        2210 |       00:31:08 |      100.00% |       96.46% |       0.0021 |       0.1393 |      1.0000e-04 |
|      93 |        2215 |       00:31:13 |      100.00% |       95.45% |       0.0108 |       0.1916 |      1.0000e-04 |
|      93 |        2220 |       00:31:18 |       95.31% |       94.95% |       0.4437 |       0.2100 |      1.0000e-04 |
|      93 |        2225 |       00:31:24 |       96.88% |       95.96% |       0.1417 |       0.1401 |      1.0000e-04 |
|      93 |        2230 |       00:31:29 |       98.44% |       95.45% |       0.0337 |       0.1475 |      1.0000e-04 |
|      94 |        2235 |       00:31:34 |       93.75% |       96.46% |       0.2892 |       0.1182 |      1.0000e-04 |
|      94 |        2240 |       00:31:40 |       96.88% |       95.96% |       0.0778 |       0.1405 |      1.0000e-04 |
|      94 |        2245 |       00:31:45 |       93.75% |       93.43% |       0.2282 |       0.2484 |      1.0000e-04 |
|      94 |        2250 |       00:31:51 |      100.00% |       94.44% |       0.0131 |       0.1701 |      1.0000e-04 |
|      94 |        2255 |       00:31:56 |       98.44% |       94.44% |       0.0534 |       0.2259 |      1.0000e-04 |
|      95 |        2260 |       00:32:02 |       96.88% |       97.47% |       0.0550 |       0.1342 |      1.0000e-04 |
|      95 |        2265 |       00:32:07 |       95.31% |       95.96% |       0.1275 |       0.1259 |      1.0000e-04 |
|      95 |        2270 |       00:32:13 |       93.75% |       91.92% |       0.2477 |       0.2160 |      1.0000e-04 |
|      95 |        2275 |       00:32:18 |       96.88% |       95.45% |       0.0767 |       0.1325 |      1.0000e-04 |
|      95 |        2280 |       00:32:24 |       96.88% |       93.43% |       0.0857 |       0.1765 |      1.0000e-04 |
|      96 |        2285 |       00:32:29 |       92.19% |       93.94% |       0.0948 |       0.2461 |      1.0000e-04 |
|      96 |        2290 |       00:32:35 |      100.00% |       93.94% |       0.0200 |       0.2284 |      1.0000e-04 |
|      96 |        2295 |       00:32:40 |       93.75% |       89.39% |       0.1806 |       0.4223 |      1.0000e-04 |
|      96 |        2300 |       00:32:46 |       92.19% |       95.45% |       0.1578 |       0.1774 |      1.0000e-04 |
|      97 |        2305 |       00:32:51 |       96.88% |       95.45% |       0.0833 |       0.1514 |      1.0000e-04 |
|      97 |        2310 |       00:32:56 |      100.00% |       95.96% |       0.0184 |       0.1463 |      1.0000e-04 |
|      97 |        2315 |       00:33:02 |       98.44% |       96.46% |       0.1223 |       0.1822 |      1.0000e-04 |
|      97 |        2320 |       00:33:07 |       96.88% |       94.44% |       0.0865 |       0.1981 |      1.0000e-04 |
|      97 |        2325 |       00:33:13 |      100.00% |       94.95% |       0.0254 |       0.2128 |      1.0000e-04 |
|      98 |        2330 |       00:33:18 |       98.44% |       96.97% |       0.0457 |       0.1237 |      1.0000e-04 |
|      98 |        2335 |       00:33:24 |       96.88% |       95.96% |       0.0784 |       0.1130 |      1.0000e-04 |
|      98 |        2340 |       00:33:29 |      100.00% |       95.45% |       0.0092 |       0.1548 |      1.0000e-04 |
|      98 |        2345 |       00:33:35 |       98.44% |       97.47% |       0.0348 |       0.1145 |      1.0000e-04 |
|      98 |        2350 |       00:33:40 |      100.00% |       96.97% |       0.0248 |       0.1336 |      1.0000e-04 |
|      99 |        2355 |       00:33:46 |       98.44% |       95.96% |       0.0387 |       0.1017 |      1.0000e-04 |
|      99 |        2360 |       00:33:51 |      100.00% |       96.97% |       0.0094 |       0.0785 |      1.0000e-04 |
|      99 |        2365 |       00:33:57 |      100.00% |       97.98% |       0.0137 |       0.0574 |      1.0000e-04 |
|      99 |        2370 |       00:34:02 |      100.00% |       96.97% |       0.0141 |       0.0954 |      1.0000e-04 |
|      99 |        2375 |       00:34:08 |      100.00% |       95.45% |       0.0085 |       0.1404 |      1.0000e-04 |
|     100 |        2380 |       00:34:13 |      100.00% |       96.46% |       0.0056 |       0.1192 |      1.0000e-04 |
|     100 |        2385 |       00:34:19 |      100.00% |       95.96% |       0.0087 |       0.1047 |      1.0000e-04 |
|     100 |        2390 |       00:34:24 |      100.00% |       97.98% |       0.0078 |       0.1000 |      1.0000e-04 |
|     100 |        2395 |       00:34:29 |      100.00% |       97.98% |       0.0041 |       0.1095 |      1.0000e-04 |
|     100 |        2400 |       00:34:35 |      100.00% |       97.47% |       0.0141 |       0.0842 |      1.0000e-04 |
|======================================================================================================================|
Predicting accuracy for Test Set 
The accuracy of the test set is 97.474747 
The specificity of the test set is 96.630435 
The sensitivity of the test set is 95.495805 
