Loading Data 
Training on single GPU.
Initializing input data normalization.
|======================================================================================================================|
|  Epoch  |  Iteration  |  Time Elapsed  |  Mini-batch  |  Validation  |  Mini-batch  |  Validation  |  Base Learning  |
|         |             |   (hh:mm:ss)   |   Accuracy   |   Accuracy   |     Loss     |     Loss     |      Rate       |
|======================================================================================================================|
|       1 |           1 |       00:00:04 |        0.00% |       11.62% |       3.0829 |       3.0831 |      1.0000e-04 |
|       1 |           5 |       00:00:11 |       12.50% |       32.83% |       3.0032 |       2.6114 |      1.0000e-04 |
|       1 |          10 |       00:00:18 |       50.00% |       41.92% |       2.0844 |       2.1428 |      1.0000e-04 |
|       1 |          15 |       00:00:26 |       37.50% |       44.44% |       2.3859 |       1.8968 |      1.0000e-04 |
|       1 |          20 |       00:00:34 |       75.00% |       50.51% |       1.0730 |       1.7048 |      1.0000e-04 |
|       1 |          25 |       00:00:41 |       68.75% |       55.56% |       1.3201 |       1.5307 |      1.0000e-04 |
|       1 |          30 |       00:00:49 |       68.75% |       61.62% |       1.2664 |       1.3942 |      1.0000e-04 |
|       1 |          35 |       00:00:57 |       75.00% |       72.22% |       0.9609 |       1.2073 |      1.0000e-04 |
|       1 |          40 |       00:01:05 |       75.00% |       68.18% |       0.9714 |       1.1016 |      1.0000e-04 |
|       1 |          45 |       00:01:12 |       56.25% |       72.73% |       1.0488 |       1.0186 |      1.0000e-04 |
|       1 |          50 |       00:01:20 |       75.00% |       70.71% |       0.9049 |       0.9871 |      1.0000e-04 |
|       1 |          55 |       00:01:28 |       87.50% |       70.71% |       0.4700 |       0.9318 |      1.0000e-04 |
|       1 |          60 |       00:01:35 |       75.00% |       73.23% |       1.1756 |       0.8796 |      1.0000e-04 |
|       1 |          65 |       00:01:43 |       87.50% |       77.27% |       0.8023 |       0.7904 |      1.0000e-04 |
|       1 |          70 |       00:01:51 |       75.00% |       79.29% |       0.8435 |       0.7562 |      1.0000e-04 |
|       1 |          75 |       00:01:58 |      100.00% |       77.78% |       0.3269 |       0.7515 |      1.0000e-04 |
|       1 |          80 |       00:02:06 |       81.25% |       82.83% |       0.6023 |       0.6694 |      1.0000e-04 |
|       1 |          85 |       00:02:14 |       75.00% |       81.31% |       0.7362 |       0.6797 |      1.0000e-04 |
|       1 |          90 |       00:02:21 |       93.75% |       83.84% |       0.3973 |       0.6503 |      1.0000e-04 |
|       1 |          95 |       00:02:29 |       81.25% |       83.33% |       0.7127 |       0.6038 |      1.0000e-04 |
|       2 |         100 |       00:02:37 |       75.00% |       83.33% |       0.6985 |       0.5541 |      1.0000e-04 |
|       2 |         105 |       00:02:45 |       87.50% |       82.32% |       0.3627 |       0.5749 |      1.0000e-04 |
|       2 |         110 |       00:02:52 |       81.25% |       79.80% |       0.7321 |       0.5429 |      1.0000e-04 |
|       2 |         115 |       00:03:00 |      100.00% |       85.86% |       0.2813 |       0.4364 |      1.0000e-04 |
|       2 |         120 |       00:03:08 |       93.75% |       86.87% |       0.2244 |       0.4458 |      1.0000e-04 |
|       2 |         125 |       00:03:16 |       81.25% |       84.85% |       0.4903 |       0.4528 |      1.0000e-04 |
|       2 |         130 |       00:03:24 |       87.50% |       87.37% |       0.2925 |       0.4419 |      1.0000e-04 |
|       2 |         135 |       00:03:31 |       81.25% |       85.35% |       0.6116 |       0.4998 |      1.0000e-04 |
|       2 |         140 |       00:03:39 |       68.75% |       85.35% |       0.7743 |       0.4946 |      1.0000e-04 |
|       2 |         145 |       00:03:47 |       81.25% |       86.36% |       0.6593 |       0.4122 |      1.0000e-04 |
|       2 |         150 |       00:03:54 |       87.50% |       83.33% |       0.3485 |       0.4832 |      1.0000e-04 |
|       2 |         155 |       00:04:02 |       81.25% |       82.32% |       0.5680 |       0.5162 |      1.0000e-04 |
|       2 |         160 |       00:04:10 |       81.25% |       84.34% |       0.3778 |       0.4866 |      1.0000e-04 |
|       2 |         165 |       00:04:18 |      100.00% |       84.85% |       0.1254 |       0.4334 |      1.0000e-04 |
|       2 |         170 |       00:04:26 |       87.50% |       84.85% |       0.4010 |       0.4406 |      1.0000e-04 |
|       2 |         175 |       00:04:34 |      100.00% |       84.34% |       0.0850 |       0.4958 |      1.0000e-04 |
|       2 |         180 |       00:04:42 |       93.75% |       85.86% |       0.1462 |       0.4886 |      1.0000e-04 |
|       2 |         185 |       00:04:50 |       93.75% |       87.37% |       0.1459 |       0.4450 |      1.0000e-04 |
|       2 |         190 |       00:04:58 |       81.25% |       87.37% |       0.5573 |       0.4740 |      1.0000e-04 |
|       2 |         195 |       00:05:06 |       87.50% |       86.87% |       0.4353 |       0.4180 |      1.0000e-04 |
|       3 |         200 |       00:05:14 |       93.75% |       89.39% |       0.1271 |       0.4126 |      1.0000e-04 |
|       3 |         205 |       00:05:21 |       93.75% |       87.37% |       0.1993 |       0.3729 |      1.0000e-04 |
|       3 |         210 |       00:05:29 |       93.75% |       90.91% |       0.3361 |       0.3245 |      1.0000e-04 |
|       3 |         215 |       00:05:37 |       93.75% |       90.40% |       0.2525 |       0.3217 |      1.0000e-04 |
|       3 |         220 |       00:05:45 |      100.00% |       90.91% |       0.1063 |       0.3108 |      1.0000e-04 |
|       3 |         225 |       00:05:52 |       93.75% |       86.87% |       0.2287 |       0.3601 |      1.0000e-04 |
|       3 |         230 |       00:06:00 |      100.00% |       90.91% |       0.1129 |       0.2957 |      1.0000e-04 |
|       3 |         235 |       00:06:08 |       81.25% |       86.87% |       0.4430 |       0.3435 |      1.0000e-04 |
|       3 |         240 |       00:06:16 |      100.00% |       88.89% |       0.1062 |       0.4041 |      1.0000e-04 |
|       3 |         245 |       00:06:24 |       87.50% |       88.38% |       0.2628 |       0.3493 |      1.0000e-04 |
|       3 |         250 |       00:06:31 |       93.75% |       89.39% |       0.1546 |       0.3460 |      1.0000e-04 |
|       3 |         255 |       00:06:39 |       93.75% |       90.40% |       0.1653 |       0.3795 |      1.0000e-04 |
|       3 |         260 |       00:06:47 |       87.50% |       85.86% |       0.2684 |       0.4102 |      1.0000e-04 |
|       3 |         265 |       00:06:55 |       93.75% |       90.40% |       0.1633 |       0.3422 |      1.0000e-04 |
|       3 |         270 |       00:07:02 |       87.50% |       89.90% |       0.3174 |       0.3018 |      1.0000e-04 |
|       3 |         275 |       00:07:10 |       87.50% |       89.39% |       0.2862 |       0.3466 |      1.0000e-04 |
|       3 |         280 |       00:07:18 |       93.75% |       89.90% |       0.2453 |       0.3522 |      1.0000e-04 |
|       3 |         285 |       00:07:26 |       93.75% |       90.91% |       0.1152 |       0.3361 |      1.0000e-04 |
|       3 |         290 |       00:07:33 |       93.75% |       89.90% |       0.1205 |       0.3506 |      1.0000e-04 |
|       3 |         295 |       00:07:42 |      100.00% |       89.90% |       0.1351 |       0.3487 |      1.0000e-04 |
|       4 |         300 |       00:07:50 |       93.75% |       88.38% |       0.1360 |       0.3479 |      1.0000e-04 |
|       4 |         305 |       00:07:58 |      100.00% |       87.88% |       0.0923 |       0.3528 |      1.0000e-04 |
|       4 |         310 |       00:08:06 |       93.75% |       86.87% |       0.1421 |       0.3801 |      1.0000e-04 |
|       4 |         315 |       00:08:14 |       93.75% |       89.39% |       0.1110 |       0.2908 |      1.0000e-04 |
|       4 |         320 |       00:08:22 |       93.75% |       89.39% |       0.1994 |       0.2926 |      1.0000e-04 |
|       4 |         325 |       00:08:30 |       87.50% |       92.42% |       0.1737 |       0.2701 |      1.0000e-04 |
|       4 |         330 |       00:08:39 |      100.00% |       90.40% |       0.0616 |       0.2749 |      1.0000e-04 |
|       4 |         335 |       00:08:47 |      100.00% |       90.91% |       0.0944 |       0.2748 |      1.0000e-04 |
|       4 |         340 |       00:08:55 |       93.75% |       91.41% |       0.2092 |       0.2630 |      1.0000e-04 |
|       4 |         345 |       00:09:02 |       93.75% |       90.40% |       0.3588 |       0.2754 |      1.0000e-04 |
|       4 |         350 |       00:09:10 |      100.00% |       88.89% |       0.0559 |       0.3422 |      1.0000e-04 |
|       4 |         355 |       00:09:18 |       93.75% |       90.91% |       0.1018 |       0.3133 |      1.0000e-04 |
|       4 |         360 |       00:09:25 |       93.75% |       89.39% |       0.2666 |       0.3272 |      1.0000e-04 |
|       4 |         365 |       00:09:33 |      100.00% |       90.40% |       0.0740 |       0.3177 |      1.0000e-04 |
|       4 |         370 |       00:09:41 |       93.75% |       89.90% |       0.0943 |       0.3460 |      1.0000e-04 |
|       4 |         375 |       00:09:49 |      100.00% |       89.90% |       0.0842 |       0.3177 |      1.0000e-04 |
|       4 |         380 |       00:09:56 |       93.75% |       89.90% |       0.2122 |       0.3252 |      1.0000e-04 |
|       4 |         385 |       00:10:04 |      100.00% |       90.91% |       0.0396 |       0.2767 |      1.0000e-04 |
|       4 |         390 |       00:10:12 |       93.75% |       89.39% |       0.1420 |       0.2848 |      1.0000e-04 |
