Loading Data 
Training on single GPU.
Initializing input data normalization.
|======================================================================================================================|
|  Epoch  |  Iteration  |  Time Elapsed  |  Mini-batch  |  Validation  |  Mini-batch  |  Validation  |  Base Learning  |
|         |             |   (hh:mm:ss)   |   Accuracy   |   Accuracy   |     Loss     |     Loss     |      Rate       |
|======================================================================================================================|
|       1 |           1 |       00:00:06 |        1.56% |       15.15% |       3.4055 |       2.8714 |      1.0000e-04 |
|       1 |           5 |       00:00:17 |       51.56% |       55.05% |       1.8604 |       1.7602 |      1.0000e-04 |
|       1 |          10 |       00:00:29 |       62.50% |       66.16% |       1.1983 |       1.1885 |      1.0000e-04 |
|       1 |          15 |       00:00:41 |       57.81% |       73.74% |       1.1267 |       0.8866 |      1.0000e-04 |
|       1 |          20 |       00:00:54 |       85.94% |       82.32% |       0.5486 |       0.6092 |      1.0000e-04 |
|       2 |          25 |       00:01:06 |       82.81% |       83.84% |       0.4643 |       0.5001 |      1.0000e-04 |
|       2 |          30 |       00:01:19 |       90.62% |       86.36% |       0.2672 |       0.4641 |      1.0000e-04 |
|       2 |          35 |       00:01:32 |       89.06% |       91.92% |       0.4392 |       0.3264 |      1.0000e-04 |
|       2 |          40 |       00:01:44 |       92.19% |       88.89% |       0.2482 |       0.3119 |      1.0000e-04 |
|       2 |          45 |       00:01:57 |       93.75% |       89.90% |       0.1718 |       0.2874 |      1.0000e-04 |
|       3 |          50 |       00:02:09 |       95.31% |       90.91% |       0.1327 |       0.2666 |      1.0000e-04 |
|       3 |          55 |       00:02:21 |       98.44% |       90.40% |       0.1006 |       0.2873 |      1.0000e-04 |
|       3 |          60 |       00:02:34 |       93.75% |       93.43% |       0.2329 |       0.2226 |      1.0000e-04 |
|       3 |          65 |       00:02:46 |       93.75% |       91.92% |       0.1559 |       0.2560 |      1.0000e-04 |
|       3 |          70 |       00:02:59 |       96.88% |       90.40% |       0.1436 |       0.2518 |      1.0000e-04 |
|       4 |          75 |       00:03:11 |      100.00% |       91.41% |       0.0418 |       0.1961 |      1.0000e-04 |
|       4 |          80 |       00:03:24 |       98.44% |       91.92% |       0.0624 |       0.2479 |      1.0000e-04 |
|       4 |          85 |       00:03:36 |      100.00% |       92.93% |       0.0231 |       0.2447 |      1.0000e-04 |
|       4 |          90 |       00:03:49 |       96.88% |       94.44% |       0.1447 |       0.1779 |      1.0000e-04 |
|       4 |          95 |       00:04:01 |       96.88% |       93.43% |       0.1104 |       0.1910 |      1.0000e-04 |
|       5 |         100 |       00:04:14 |       98.44% |       92.93% |       0.0665 |       0.1607 |      1.0000e-04 |
|       5 |         105 |       00:04:27 |      100.00% |       95.45% |       0.0285 |       0.1570 |      1.0000e-04 |
|       5 |         110 |       00:04:39 |       98.44% |       92.42% |       0.0645 |       0.2046 |      1.0000e-04 |
|       5 |         115 |       00:04:52 |      100.00% |       93.94% |       0.0307 |       0.1656 |      1.0000e-04 |
|       5 |         120 |       00:05:04 |       98.44% |       93.43% |       0.1411 |       0.1943 |      1.0000e-04 |
|       6 |         125 |       00:05:17 |       98.44% |       92.42% |       0.0796 |       0.2373 |      1.0000e-04 |
|       6 |         130 |       00:05:30 |      100.00% |       92.93% |       0.0328 |       0.1932 |      1.0000e-04 |
|       6 |         135 |       00:05:42 |       98.44% |       91.92% |       0.0549 |       0.1550 |      1.0000e-04 |
|       6 |         140 |       00:05:55 |       95.31% |       93.43% |       0.0854 |       0.1832 |      1.0000e-04 |
|       7 |         145 |       00:06:08 |      100.00% |       93.43% |       0.0086 |       0.1422 |      1.0000e-04 |
|       7 |         150 |       00:06:20 |      100.00% |       91.92% |       0.0084 |       0.1848 |      1.0000e-04 |
|       7 |         155 |       00:06:33 |      100.00% |       95.96% |       0.0369 |       0.1852 |      1.0000e-04 |
|       7 |         160 |       00:06:46 |       96.88% |       95.45% |       0.0432 |       0.1469 |      1.0000e-04 |
|       7 |         165 |       00:06:58 |      100.00% |       94.44% |       0.0140 |       0.1187 |      1.0000e-04 |
|       8 |         170 |       00:07:11 |       98.44% |       92.42% |       0.0377 |       0.1512 |      1.0000e-04 |
|       8 |         175 |       00:07:24 |       98.44% |       90.91% |       0.0347 |       0.2781 |      1.0000e-04 |
|       8 |         180 |       00:07:36 |      100.00% |       93.94% |       0.0174 |       0.2119 |      1.0000e-04 |
|       8 |         185 |       00:07:48 |      100.00% |       94.95% |       0.0112 |       0.1586 |      1.0000e-04 |
|       8 |         190 |       00:08:01 |       98.44% |       94.95% |       0.0362 |       0.1542 |      1.0000e-04 |
|       9 |         195 |       00:08:13 |       98.44% |       94.95% |       0.0304 |       0.1503 |      1.0000e-04 |
|       9 |         200 |       00:08:26 |       98.44% |       92.93% |       0.0452 |       0.1842 |      1.0000e-04 |
|       9 |         205 |       00:08:38 |      100.00% |       95.96% |       0.0018 |       0.1320 |      1.0000e-04 |
|       9 |         210 |       00:08:52 |       98.44% |       96.46% |       0.0940 |       0.1162 |      1.0000e-04 |
|       9 |         215 |       00:09:05 |      100.00% |       97.47% |       0.0128 |       0.0999 |      1.0000e-04 |
|      10 |         220 |       00:09:18 |       98.44% |       96.46% |       0.0260 |       0.0975 |      1.0000e-04 |
|      10 |         225 |       00:09:31 |      100.00% |       95.96% |       0.0114 |       0.1283 |      1.0000e-04 |
|      10 |         230 |       00:09:43 |       98.44% |       95.45% |       0.0227 |       0.1413 |      1.0000e-04 |
|      10 |         235 |       00:09:56 |      100.00% |       97.47% |       0.0192 |       0.1224 |      1.0000e-04 |
|      10 |         240 |       00:10:09 |       96.88% |       98.48% |       0.0925 |       0.0890 |      1.0000e-04 |
|      11 |         245 |       00:10:21 |       98.44% |       95.96% |       0.0248 |       0.1526 |      1.0000e-04 |
|      11 |         250 |       00:10:34 |      100.00% |       94.44% |       0.0083 |       0.1352 |      1.0000e-04 |
|      11 |         255 |       00:10:47 |      100.00% |       93.43% |       0.0054 |       0.1743 |      1.0000e-04 |
|      11 |         260 |       00:11:00 |      100.00% |       96.46% |       0.0148 |       0.1493 |      1.0000e-04 |
|      12 |         265 |       00:11:13 |      100.00% |       96.46% |       0.0126 |       0.1430 |      1.0000e-04 |
|      12 |         270 |       00:11:25 |      100.00% |       95.96% |       0.0048 |       0.1274 |      1.0000e-04 |
|      12 |         275 |       00:11:37 |      100.00% |       95.45% |       0.0049 |       0.1498 |      1.0000e-04 |
|      12 |         280 |       00:11:50 |      100.00% |       93.94% |       0.0089 |       0.1692 |      1.0000e-04 |
|      12 |         285 |       00:12:03 |       98.44% |       97.47% |       0.0748 |       0.0834 |      1.0000e-04 |
|      13 |         290 |       00:12:16 |      100.00% |       97.98% |       0.0035 |       0.1061 |      1.0000e-04 |
|      13 |         295 |       00:12:29 |      100.00% |       98.99% |       0.0078 |       0.0649 |      1.0000e-04 |
|      13 |         300 |       00:12:41 |      100.00% |       96.97% |       0.0202 |       0.0898 |      1.0000e-04 |
|      13 |         305 |       00:12:54 |      100.00% |       95.45% |       0.0084 |       0.1233 |      1.0000e-04 |
|      13 |         310 |       00:13:06 |      100.00% |       94.95% |       0.0042 |       0.1588 |      1.0000e-04 |
|      14 |         315 |       00:13:19 |       98.44% |       93.43% |       0.0588 |       0.1507 |      1.0000e-04 |
|      14 |         320 |       00:13:31 |      100.00% |       95.45% |       0.0091 |       0.1102 |      1.0000e-04 |
|      14 |         325 |       00:13:44 |      100.00% |       95.96% |       0.0016 |       0.1341 |      1.0000e-04 |
|      14 |         330 |       00:13:57 |      100.00% |       93.94% |       0.0087 |       0.1571 |      1.0000e-04 |
|      14 |         335 |       00:14:09 |      100.00% |       95.96% |       0.0147 |       0.1408 |      1.0000e-04 |
|      15 |         340 |       00:14:22 |      100.00% |       95.45% |       0.0035 |       0.1630 |      1.0000e-04 |
|      15 |         345 |       00:14:34 |      100.00% |       93.94% |       0.0064 |       0.2173 |      1.0000e-04 |
|      15 |         350 |       00:14:47 |      100.00% |       95.45% |       0.0089 |       0.1354 |      1.0000e-04 |
|      15 |         355 |       00:14:59 |      100.00% |       94.95% |       0.0047 |       0.1388 |      1.0000e-04 |
|      15 |         360 |       00:15:11 |      100.00% |       95.96% |       0.0153 |       0.1075 |      1.0000e-04 |
|      16 |         365 |       00:15:24 |      100.00% |       96.97% |       0.0020 |       0.1174 |      1.0000e-04 |
|      16 |         370 |       00:15:36 |      100.00% |       97.47% |       0.0018 |       0.0962 |      1.0000e-04 |
|      16 |         375 |       00:15:49 |       98.44% |       96.97% |       0.0168 |       0.0991 |      1.0000e-04 |
|      16 |         380 |       00:16:02 |      100.00% |       96.46% |       0.0051 |       0.1174 |      1.0000e-04 |
|      17 |         385 |       00:16:14 |      100.00% |       97.98% |       0.0009 |       0.0946 |      1.0000e-04 |
|      17 |         390 |       00:16:27 |       98.44% |       95.45% |       0.0135 |       0.1056 |      1.0000e-04 |
|      17 |         395 |       00:16:39 |      100.00% |       95.45% |       0.0069 |       0.1444 |      1.0000e-04 |
|      17 |         400 |       00:16:49 |      100.00% |       93.94% |       0.0111 |       0.1770 |      1.0000e-04 |
|      17 |         405 |       00:16:58 |       98.44% |       97.47% |       0.0740 |       0.0972 |      1.0000e-04 |
|      18 |         410 |       00:17:06 |      100.00% |       96.97% |       0.0157 |       0.1377 |      1.0000e-04 |
|      18 |         415 |       00:17:15 |      100.00% |       94.44% |       0.0020 |       0.1300 |      1.0000e-04 |
|      18 |         420 |       00:17:24 |      100.00% |       94.95% |       0.0145 |       0.1660 |      1.0000e-04 |
|      18 |         425 |       00:17:33 |      100.00% |       95.96% |       0.0115 |       0.1102 |      1.0000e-04 |
|      18 |         430 |       00:17:42 |       98.44% |       96.46% |       0.0218 |       0.1183 |      1.0000e-04 |
|      19 |         435 |       00:17:51 |      100.00% |       96.97% |       0.0085 |       0.1286 |      1.0000e-04 |
|      19 |         440 |       00:17:59 |      100.00% |       94.44% |       0.0082 |       0.1450 |      1.0000e-04 |
|      19 |         445 |       00:18:08 |      100.00% |       95.45% |       0.0011 |       0.1323 |      1.0000e-04 |
|      19 |         450 |       00:18:17 |      100.00% |       95.96% |       0.0029 |       0.1214 |      1.0000e-04 |
|      19 |         455 |       00:18:27 |      100.00% |       95.45% |       0.0123 |       0.1336 |      1.0000e-04 |
|      20 |         460 |       00:18:35 |      100.00% |       94.95% |       0.0018 |       0.1285 |      1.0000e-04 |
|      20 |         465 |       00:18:44 |      100.00% |       96.46% |       0.0016 |       0.0942 |      1.0000e-04 |
|      20 |         470 |       00:18:53 |       96.88% |       97.47% |       0.1091 |       0.0651 |      1.0000e-04 |
|      20 |         475 |       00:19:01 |      100.00% |       97.47% |       0.0030 |       0.0850 |      1.0000e-04 |
|      20 |         480 |       00:19:10 |      100.00% |       96.97% |       0.0024 |       0.1313 |      1.0000e-04 |
|      21 |         485 |       00:19:19 |      100.00% |       96.46% |       0.0022 |       0.1276 |      1.0000e-04 |
|      21 |         490 |       00:19:28 |      100.00% |       94.95% |       0.0010 |       0.1150 |      1.0000e-04 |
|      21 |         495 |       00:19:37 |      100.00% |       96.46% |       0.0066 |       0.1219 |      1.0000e-04 |
|      21 |         500 |       00:19:46 |       98.44% |       95.45% |       0.0142 |       0.1269 |      1.0000e-04 |
|      22 |         505 |       00:19:54 |      100.00% |       95.96% |       0.0007 |       0.1523 |      1.0000e-04 |
|      22 |         510 |       00:20:03 |      100.00% |       97.98% |       0.0029 |       0.0658 |      1.0000e-04 |
|      22 |         515 |       00:20:12 |       98.44% |       96.46% |       0.0235 |       0.1181 |      1.0000e-04 |
|      22 |         520 |       00:20:21 |      100.00% |       95.96% |       0.0052 |       0.1138 |      1.0000e-04 |
|      22 |         525 |       00:20:30 |       98.44% |       95.96% |       0.0408 |       0.1894 |      1.0000e-04 |
|      23 |         530 |       00:20:39 |      100.00% |       92.93% |       0.0076 |       0.2995 |      1.0000e-04 |
|      23 |         535 |       00:20:48 |      100.00% |       94.95% |       0.0019 |       0.1605 |      1.0000e-04 |
|      23 |         540 |       00:20:56 |      100.00% |       94.95% |       0.0083 |       0.1219 |      1.0000e-04 |
|      23 |         545 |       00:21:05 |      100.00% |       96.97% |       0.0055 |       0.0778 |      1.0000e-04 |
|      23 |         550 |       00:21:14 |      100.00% |       96.97% |       0.0056 |       0.0968 |      1.0000e-04 |
|      24 |         555 |       00:21:22 |       98.44% |       95.96% |       0.0200 |       0.1390 |      1.0000e-04 |
|      24 |         560 |       00:21:31 |      100.00% |       94.95% |       0.0006 |       0.1701 |      1.0000e-04 |
|      24 |         565 |       00:21:40 |      100.00% |       96.97% |       0.0013 |       0.1681 |      1.0000e-04 |
|      24 |         570 |       00:21:49 |      100.00% |       95.96% |       0.0049 |       0.1300 |      1.0000e-04 |
|      24 |         575 |       00:21:58 |      100.00% |       95.96% |       0.0012 |       0.0992 |      1.0000e-04 |
|      25 |         580 |       00:22:07 |      100.00% |       96.97% |       0.0011 |       0.0775 |      1.0000e-04 |
|      25 |         585 |       00:22:16 |      100.00% |       97.98% |       0.0010 |       0.0563 |      1.0000e-04 |
|      25 |         590 |       00:22:24 |      100.00% |       96.46% |       0.0050 |       0.0962 |      1.0000e-04 |
|      25 |         595 |       00:22:33 |      100.00% |       96.46% |       0.0039 |       0.1110 |      1.0000e-04 |
|      25 |         600 |       00:22:42 |      100.00% |       96.46% |       0.0033 |       0.0971 |      1.0000e-04 |
|      26 |         605 |       00:22:51 |      100.00% |       95.45% |       0.0007 |       0.1028 |      1.0000e-04 |
|      26 |         610 |       00:23:00 |      100.00% |       96.46% |       0.0035 |       0.2133 |      1.0000e-04 |
|      26 |         615 |       00:23:09 |      100.00% |       95.96% |       0.0047 |       0.2200 |      1.0000e-04 |
|      26 |         620 |       00:23:17 |       98.44% |       97.47% |       0.0247 |       0.1031 |      1.0000e-04 |
|      27 |         625 |       00:23:26 |      100.00% |       96.97% |       0.0012 |       0.1382 |      1.0000e-04 |
|      27 |         630 |       00:23:35 |      100.00% |       96.97% |       0.0005 |       0.1049 |      1.0000e-04 |
|      27 |         635 |       00:23:44 |      100.00% |       97.98% |       0.0006 |       0.0772 |      1.0000e-04 |
|      27 |         640 |       00:23:53 |      100.00% |       96.46% |       0.0114 |       0.1027 |      1.0000e-04 |
|      27 |         645 |       00:24:02 |      100.00% |       95.96% |       0.0042 |       0.1317 |      1.0000e-04 |
|      28 |         650 |       00:24:10 |      100.00% |       95.45% |       0.0085 |       0.1055 |      1.0000e-04 |
|      28 |         655 |       00:24:19 |      100.00% |       96.97% |       0.0012 |       0.1536 |      1.0000e-04 |
|      28 |         660 |       00:24:28 |       98.44% |       94.95% |       0.0134 |       0.2201 |      1.0000e-04 |
|      28 |         665 |       00:24:37 |      100.00% |       97.98% |       0.0040 |       0.1003 |      1.0000e-04 |
|      28 |         670 |       00:24:45 |      100.00% |       95.45% |       0.0007 |       0.1428 |      1.0000e-04 |
|      29 |         675 |       00:24:54 |      100.00% |       94.44% |       0.0027 |       0.2491 |      1.0000e-04 |
|      29 |         680 |       00:25:03 |       98.44% |       95.45% |       0.0228 |       0.2444 |      1.0000e-04 |
|      29 |         685 |       00:25:13 |      100.00% |       92.93% |       0.0191 |       0.2113 |      1.0000e-04 |
|      29 |         690 |       00:25:22 |      100.00% |       96.97% |       0.0148 |       0.1277 |      1.0000e-04 |
|      29 |         695 |       00:25:34 |       96.88% |       94.95% |       0.0583 |       0.1952 |      1.0000e-04 |
|      30 |         700 |       00:25:45 |      100.00% |       95.96% |       0.0396 |       0.1537 |      1.0000e-04 |
|      30 |         705 |       00:25:55 |       98.44% |       95.45% |       0.0538 |       0.1137 |      1.0000e-04 |
|      30 |         710 |       00:26:06 |       95.31% |       96.46% |       0.1168 |       0.1742 |      1.0000e-04 |
|      30 |         715 |       00:26:17 |      100.00% |       94.44% |       0.0022 |       0.1790 |      1.0000e-04 |
|      30 |         720 |       00:26:28 |       98.44% |       93.94% |       0.0467 |       0.2535 |      1.0000e-04 |
|      31 |         725 |       00:26:39 |      100.00% |       93.94% |       0.0039 |       0.1819 |      1.0000e-04 |
|      31 |         730 |       00:26:50 |       98.44% |       92.93% |       0.0472 |       0.2719 |      1.0000e-04 |
|      31 |         735 |       00:27:01 |       96.88% |       91.41% |       0.0397 |       0.2606 |      1.0000e-04 |
|      31 |         740 |       00:27:12 |      100.00% |       96.46% |       0.0161 |       0.1208 |      1.0000e-04 |
|      32 |         745 |       00:27:23 |       98.44% |       95.96% |       0.0407 |       0.1831 |      1.0000e-04 |
|      32 |         750 |       00:27:34 |      100.00% |       91.41% |       0.0098 |       0.2189 |      1.0000e-04 |
|      32 |         755 |       00:27:45 |      100.00% |       94.44% |       0.0178 |       0.1506 |      1.0000e-04 |
|      32 |         760 |       00:27:56 |       98.44% |       92.42% |       0.0557 |       0.3310 |      1.0000e-04 |
|      32 |         765 |       00:28:07 |      100.00% |       93.43% |       0.0211 |       0.2296 |      1.0000e-04 |
|      33 |         770 |       00:28:19 |       98.44% |       93.94% |       0.0479 |       0.2187 |      1.0000e-04 |
|      33 |         775 |       00:28:29 |       96.88% |       94.95% |       0.0750 |       0.2204 |      1.0000e-04 |
|      33 |         780 |       00:28:40 |       95.31% |       92.93% |       0.1517 |       0.2083 |      1.0000e-04 |
|      33 |         785 |       00:28:51 |       98.44% |       92.42% |       0.0447 |       0.2439 |      1.0000e-04 |
|      33 |         790 |       00:29:01 |      100.00% |       92.93% |       0.0192 |       0.2357 |      1.0000e-04 |
|      34 |         795 |       00:29:12 |       93.75% |       95.45% |       0.2057 |       0.1816 |      1.0000e-04 |
|      34 |         800 |       00:29:23 |      100.00% |       93.94% |       0.0196 |       0.2189 |      1.0000e-04 |
|      34 |         805 |       00:29:34 |      100.00% |       93.94% |       0.0056 |       0.2365 |      1.0000e-04 |
|      34 |         810 |       00:29:44 |      100.00% |       97.47% |       0.0350 |       0.0923 |      1.0000e-04 |
|      34 |         815 |       00:29:55 |      100.00% |       95.45% |       0.0139 |       0.1591 |      1.0000e-04 |
|      35 |         820 |       00:30:06 |       98.44% |       96.46% |       0.0329 |       0.1464 |      1.0000e-04 |
|      35 |         825 |       00:30:17 |      100.00% |       95.45% |       0.0043 |       0.2493 |      1.0000e-04 |
|      35 |         830 |       00:30:28 |      100.00% |       95.96% |       0.0184 |       0.1032 |      1.0000e-04 |
|      35 |         835 |       00:30:39 |      100.00% |       95.96% |       0.0036 |       0.1362 |      1.0000e-04 |
|      35 |         840 |       00:30:50 |       96.88% |       96.46% |       0.0589 |       0.1282 |      1.0000e-04 |
|      36 |         845 |       00:31:00 |      100.00% |       95.96% |       0.0028 |       0.1319 |      1.0000e-04 |
|      36 |         850 |       00:31:12 |      100.00% |       95.45% |       0.0121 |       0.1745 |      1.0000e-04 |
|      36 |         855 |       00:31:23 |      100.00% |       97.47% |       0.0077 |       0.0972 |      1.0000e-04 |
|      36 |         860 |       00:31:38 |      100.00% |       96.97% |       0.0013 |       0.0976 |      1.0000e-04 |
|      37 |         865 |       00:31:57 |      100.00% |       94.95% |       0.0075 |       0.1650 |      1.0000e-04 |
|      37 |         870 |       00:32:16 |      100.00% |       97.98% |       0.0054 |       0.0714 |      1.0000e-04 |
|      37 |         875 |       00:32:36 |      100.00% |       96.97% |       0.0055 |       0.1330 |      1.0000e-04 |
|      37 |         880 |       00:32:56 |      100.00% |       95.96% |       0.0011 |       0.0971 |      1.0000e-04 |
[Warning: GPU is low on memory, which can slow performance due to additional
data transfers with main memory. Try reducing the 'MiniBatchSize' training
option. This warning will not appear again unless you run the command: <a
href="matlab:warning('on','nnet_cnn:warning:GPULowOnMemory')">warning('on','nnet_cnn:warning:GPULowOnMemory')</a>.] 
|      37 |         885 |       00:33:27 |      100.00% |       96.97% |       0.0013 |       0.0955 |      1.0000e-04 |
|      38 |         890 |       00:33:46 |      100.00% |       96.46% |       0.0034 |       0.0590 |      1.0000e-04 |
|      38 |         895 |       00:34:05 |      100.00% |       97.47% |       0.0017 |       0.0782 |      1.0000e-04 |
|      38 |         900 |       00:34:25 |      100.00% |       97.98% |       0.0105 |       0.0729 |      1.0000e-04 |
|      38 |         905 |       00:34:44 |      100.00% |       95.96% |       0.0010 |       0.1050 |      1.0000e-04 |
|      38 |         910 |       00:35:04 |      100.00% |       97.98% |       0.0024 |       0.0775 |      1.0000e-04 |
|      39 |         915 |       00:35:24 |      100.00% |       96.97% |       0.0031 |       0.1131 |      1.0000e-04 |
|      39 |         920 |       00:35:45 |      100.00% |       96.97% |       0.0007 |       0.1045 |      1.0000e-04 |
|      39 |         925 |       00:36:03 |      100.00% |       95.96% |       0.0003 |       0.0956 |      1.0000e-04 |
|      39 |         930 |       00:36:22 |      100.00% |       97.98% |       0.0069 |       0.0737 |      1.0000e-04 |
|      39 |         935 |       00:36:42 |      100.00% |       95.96% |       0.0022 |       0.1127 |      1.0000e-04 |
|      40 |         940 |       00:37:01 |      100.00% |       97.47% |       0.0011 |       0.1062 |      1.0000e-04 |
|      40 |         945 |       00:37:20 |      100.00% |       95.96% |       0.0016 |       0.1075 |      1.0000e-04 |
|      40 |         950 |       00:37:39 |      100.00% |       97.47% |       0.0008 |       0.0943 |      1.0000e-04 |
|      40 |         955 |       00:37:58 |      100.00% |       96.97% |       0.0008 |       0.0691 |      1.0000e-04 |
|      40 |         960 |       00:38:17 |      100.00% |       97.47% |       0.0010 |       0.0934 |      1.0000e-04 |
|      41 |         965 |       00:38:37 |      100.00% |       96.46% |       0.0002 |       0.1134 |      1.0000e-04 |
|      41 |         970 |       00:38:56 |      100.00% |       97.98% |       0.0012 |       0.0866 |      1.0000e-04 |
|      41 |         975 |       00:39:15 |      100.00% |       95.96% |       0.0012 |       0.1364 |      1.0000e-04 |
|      41 |         980 |       00:39:35 |      100.00% |       96.97% |       0.0004 |       0.0760 |      1.0000e-04 |
|      42 |         985 |       00:39:54 |      100.00% |       96.46% |       0.0011 |       0.1203 |      1.0000e-04 |
|      42 |         990 |       00:40:13 |      100.00% |       97.47% |       0.0003 |       0.0970 |      1.0000e-04 |
|      42 |         995 |       00:40:33 |      100.00% |       96.46% |       0.0005 |       0.1165 |      1.0000e-04 |
|      42 |        1000 |       00:40:52 |      100.00% |       96.97% |       0.0003 |       0.1270 |      1.0000e-04 |
|      42 |        1005 |       00:41:11 |      100.00% |       98.48% |       0.0052 |       0.0604 |      1.0000e-04 |
|      43 |        1010 |       00:41:30 |      100.00% |       95.96% |       0.0015 |       0.0789 |      1.0000e-04 |
|      43 |        1015 |       00:41:50 |      100.00% |       96.97% |       0.0003 |       0.0772 |      1.0000e-04 |
|      43 |        1020 |       00:42:08 |      100.00% |       97.98% |       0.0009 |       0.0893 |      1.0000e-04 |
|      43 |        1025 |       00:42:27 |      100.00% |       98.48% |       0.0003 |       0.0729 |      1.0000e-04 |
|      43 |        1030 |       00:42:46 |      100.00% |       96.97% |       0.0016 |       0.1027 |      1.0000e-04 |
|      44 |        1035 |       00:43:06 |      100.00% |       96.97% |       0.0003 |       0.1052 |      1.0000e-04 |
|      44 |        1040 |       00:43:25 |      100.00% |       96.46% |       0.0002 |       0.0872 |      1.0000e-04 |
|      44 |        1045 |       00:43:45 |      100.00% |       96.46% |       0.0001 |       0.0872 |      1.0000e-04 |
|      44 |        1050 |       00:44:04 |      100.00% |       95.96% |       0.0038 |       0.1180 |      1.0000e-04 |
|      44 |        1055 |       00:44:23 |      100.00% |       96.97% |       0.0023 |       0.0853 |      1.0000e-04 |
|      45 |        1060 |       00:44:42 |      100.00% |       95.96% |       0.0003 |       0.0905 |      1.0000e-04 |
|      45 |        1065 |       00:45:01 |      100.00% |       96.97% |       0.0002 |       0.1043 |      1.0000e-04 |
|      45 |        1070 |       00:45:21 |      100.00% |       98.48% |       0.0013 |       0.0946 |      1.0000e-04 |
|      45 |        1075 |       00:45:40 |      100.00% |       95.45% |       0.0010 |       0.1697 |      1.0000e-04 |
|      45 |        1080 |       00:46:00 |      100.00% |       96.97% |       0.0007 |       0.0970 |      1.0000e-04 |
|      46 |        1085 |       00:46:20 |      100.00% |       97.47% |       0.0002 |       0.1223 |      1.0000e-04 |
|      46 |        1090 |       00:46:39 |      100.00% |       98.48% |       0.0003 |       0.0539 |      1.0000e-04 |
|      46 |        1095 |       00:46:59 |       98.44% |       98.48% |       0.0258 |       0.0686 |      1.0000e-04 |
|      46 |        1100 |       00:47:18 |      100.00% |       97.98% |       0.0002 |       0.0970 |      1.0000e-04 |
|      47 |        1105 |       00:47:38 |      100.00% |       96.97% |       0.0007 |       0.0791 |      1.0000e-04 |
|      47 |        1110 |       00:47:58 |      100.00% |       96.46% |       0.0016 |       0.1118 |      1.0000e-04 |
|      47 |        1115 |       00:48:17 |      100.00% |       96.46% |       0.0007 |       0.0926 |      1.0000e-04 |
|      47 |        1120 |       00:48:36 |      100.00% |       97.47% |       0.0006 |       0.1128 |      1.0000e-04 |
|      47 |        1125 |       00:48:56 |      100.00% |       96.46% |       0.0003 |       0.1313 |      1.0000e-04 |
|      48 |        1130 |       00:49:14 |      100.00% |       95.45% |       0.0063 |       0.1172 |      1.0000e-04 |
|      48 |        1135 |       00:49:33 |       96.88% |       96.97% |       0.0548 |       0.0910 |      1.0000e-04 |
|      48 |        1140 |       00:49:53 |       98.44% |       95.45% |       0.0310 |       0.1514 |      1.0000e-04 |
|      48 |        1145 |       00:50:12 |       98.44% |       93.94% |       0.0226 |       0.2319 |      1.0000e-04 |
|      48 |        1150 |       00:50:32 |      100.00% |       97.47% |       0.0055 |       0.1229 |      1.0000e-04 |
|      49 |        1155 |       00:50:51 |      100.00% |       94.95% |       0.0048 |       0.1514 |      1.0000e-04 |
|      49 |        1160 |       00:51:11 |       98.44% |       96.97% |       0.0202 |       0.1209 |      1.0000e-04 |
|      49 |        1165 |       00:51:30 |      100.00% |       95.45% |       0.0007 |       0.1039 |      1.0000e-04 |
|      49 |        1170 |       00:51:49 |      100.00% |       95.45% |       0.0022 |       0.1547 |      1.0000e-04 |
|      49 |        1175 |       00:52:09 |      100.00% |       95.96% |       0.0013 |       0.1575 |      1.0000e-04 |
|      50 |        1180 |       00:52:27 |      100.00% |       95.96% |       0.0012 |       0.1687 |      1.0000e-04 |
|      50 |        1185 |       00:52:46 |      100.00% |       96.97% |       0.0005 |       0.0823 |      1.0000e-04 |
|      50 |        1190 |       00:53:05 |      100.00% |       94.95% |       0.0049 |       0.1214 |      1.0000e-04 |
|      50 |        1195 |       00:53:25 |      100.00% |       96.97% |       0.0002 |       0.1175 |      1.0000e-04 |
|      50 |        1200 |       00:53:44 |       98.44% |       95.45% |       0.0170 |       0.1536 |      1.0000e-04 |
|      51 |        1205 |       00:54:04 |      100.00% |       95.45% |       0.0017 |       0.1269 |      1.0000e-04 |
|      51 |        1210 |       00:54:23 |      100.00% |       95.96% |       0.0004 |       0.1031 |      1.0000e-04 |
|      51 |        1215 |       00:54:43 |      100.00% |       95.45% |       0.0003 |       0.1374 |      1.0000e-04 |
|      51 |        1220 |       00:55:02 |      100.00% |       94.95% |       0.0002 |       0.1598 |      1.0000e-04 |
|      52 |        1225 |       00:55:21 |      100.00% |       95.96% |       0.0089 |       0.1093 |      1.0000e-04 |
|      52 |        1230 |       00:55:41 |      100.00% |       96.97% |       0.0035 |       0.1004 |      1.0000e-04 |
|      52 |        1235 |       00:55:59 |      100.00% |       96.46% |       0.0004 |       0.1145 |      1.0000e-04 |
|      52 |        1240 |       00:56:19 |      100.00% |       96.46% |       0.0019 |       0.1193 |      1.0000e-04 |
|      52 |        1245 |       00:56:38 |      100.00% |       94.95% |       0.0002 |       0.1090 |      1.0000e-04 |
|      53 |        1250 |       00:56:59 |      100.00% |       96.97% |       0.0002 |       0.0713 |      1.0000e-04 |
|      53 |        1255 |       00:57:19 |      100.00% |       95.45% |       0.0008 |       0.1346 |      1.0000e-04 |
|      53 |        1260 |       00:57:38 |      100.00% |       97.47% |       0.0012 |       0.1102 |      1.0000e-04 |
|      53 |        1265 |       00:57:57 |      100.00% |       96.46% |       0.0002 |       0.1148 |      1.0000e-04 |
|      53 |        1270 |       00:58:16 |      100.00% |       96.46% |       0.0004 |       0.0858 |      1.0000e-04 |
|      54 |        1275 |       00:58:36 |      100.00% |       96.97% |       0.0009 |       0.1097 |      1.0000e-04 |
|      54 |        1280 |       00:58:56 |      100.00% |       96.97% |       0.0003 |       0.0831 |      1.0000e-04 |
|      54 |        1285 |       00:59:15 |      100.00% |       96.97% |   9.9025e-05 |       0.0810 |      1.0000e-04 |
|      54 |        1290 |       00:59:35 |      100.00% |       96.46% |       0.0086 |       0.0590 |      1.0000e-04 |
|      54 |        1295 |       00:59:53 |      100.00% |       97.98% |       0.0010 |       0.0637 |      1.0000e-04 |
|      55 |        1300 |       01:00:13 |      100.00% |       96.46% |       0.0003 |       0.1056 |      1.0000e-04 |
|      55 |        1305 |       01:00:33 |      100.00% |       97.47% |       0.0004 |       0.0880 |      1.0000e-04 |
|      55 |        1310 |       01:00:52 |      100.00% |       95.96% |       0.0002 |       0.0944 |      1.0000e-04 |
|      55 |        1315 |       01:01:12 |      100.00% |       98.48% |       0.0001 |       0.0402 |      1.0000e-04 |
|      55 |        1320 |       01:01:31 |      100.00% |       97.47% |       0.0025 |       0.0665 |      1.0000e-04 |
|      56 |        1325 |       01:01:51 |      100.00% |       96.97% |       0.0003 |       0.1154 |      1.0000e-04 |
|      56 |        1330 |       01:02:11 |      100.00% |       97.47% |       0.0009 |       0.0913 |      1.0000e-04 |
|      56 |        1335 |       01:02:30 |      100.00% |       97.47% |       0.0005 |       0.0454 |      1.0000e-04 |
|      56 |        1340 |       01:02:49 |      100.00% |       97.98% |       0.0006 |       0.1020 |      1.0000e-04 |
|      57 |        1345 |       01:03:08 |      100.00% |       97.98% |       0.0002 |       0.0729 |      1.0000e-04 |
|      57 |        1350 |       01:03:28 |      100.00% |       97.47% |       0.0002 |       0.0647 |      1.0000e-04 |
|      57 |        1355 |       01:03:47 |      100.00% |       95.96% |       0.0002 |       0.0705 |      1.0000e-04 |
|      57 |        1360 |       01:04:07 |      100.00% |       97.47% |       0.0003 |       0.0928 |      1.0000e-04 |
|      57 |        1365 |       01:04:26 |      100.00% |       97.47% |       0.0029 |       0.0961 |      1.0000e-04 |
|      58 |        1370 |       01:04:46 |      100.00% |       96.97% |       0.0001 |       0.0996 |      1.0000e-04 |
|      58 |        1375 |       01:05:06 |      100.00% |       96.46% |       0.0004 |       0.1525 |      1.0000e-04 |
|      58 |        1380 |       01:05:25 |      100.00% |       96.46% |       0.0027 |       0.1170 |      1.0000e-04 |
|      58 |        1385 |       01:05:45 |      100.00% |       96.46% |       0.0005 |       0.1176 |      1.0000e-04 |
|      58 |        1390 |       01:06:04 |      100.00% |       96.46% |       0.0007 |       0.1167 |      1.0000e-04 |
|      59 |        1395 |       01:06:23 |      100.00% |       94.95% |       0.0020 |       0.1567 |      1.0000e-04 |
|      59 |        1400 |       01:06:43 |      100.00% |       94.95% |       0.0033 |       0.1671 |      1.0000e-04 |
|      59 |        1405 |       01:07:02 |       98.44% |       95.96% |       0.0206 |       0.1168 |      1.0000e-04 |
|      59 |        1410 |       01:07:22 |       96.88% |       95.96% |       0.0485 |       0.1914 |      1.0000e-04 |
|      59 |        1415 |       01:07:41 |       98.44% |       96.46% |       0.0280 |       0.1206 |      1.0000e-04 |
|      60 |        1420 |       01:08:00 |       98.44% |       94.95% |       0.0434 |       0.1312 |      1.0000e-04 |
|      60 |        1425 |       01:08:20 |       98.44% |       96.46% |       0.0675 |       0.1347 |      1.0000e-04 |
|      60 |        1430 |       01:08:38 |      100.00% |       92.93% |       0.0043 |       0.2647 |      1.0000e-04 |
|      60 |        1435 |       01:09:04 |       98.44% |       96.46% |       0.0491 |       0.1236 |      1.0000e-04 |
|      60 |        1440 |       01:09:24 |       98.44% |       95.96% |       0.1448 |       0.1076 |      1.0000e-04 |
|      61 |        1445 |       01:09:44 |      100.00% |       95.96% |       0.0160 |       0.1798 |      1.0000e-04 |
|      61 |        1450 |       01:10:03 |      100.00% |       94.95% |       0.0080 |       0.1758 |      1.0000e-04 |
|      61 |        1455 |       01:10:23 |       95.31% |       95.45% |       0.1063 |       0.1656 |      1.0000e-04 |
|      61 |        1460 |       01:10:43 |       98.44% |       94.44% |       0.0185 |       0.2376 |      1.0000e-04 |
|      62 |        1465 |       01:11:03 |      100.00% |       94.95% |       0.0034 |       0.1844 |      1.0000e-04 |
|      62 |        1470 |       01:11:23 |      100.00% |       94.95% |       0.0062 |       0.1426 |      1.0000e-04 |
|      62 |        1475 |       01:11:43 |       96.88% |       94.44% |       0.1123 |       0.2303 |      1.0000e-04 |
|      62 |        1480 |       01:12:03 |      100.00% |       93.94% |       0.0052 |       0.1781 |      1.0000e-04 |
|      62 |        1485 |       01:12:23 |       98.44% |       94.95% |       0.0369 |       0.1590 |      1.0000e-04 |
|      63 |        1490 |       01:12:42 |       96.88% |       95.45% |       0.0511 |       0.1460 |      1.0000e-04 |
|      63 |        1495 |       01:13:01 |      100.00% |       94.44% |       0.0060 |       0.2154 |      1.0000e-04 |
|      63 |        1500 |       01:13:21 |       98.44% |       91.92% |       0.0392 |       0.2266 |      1.0000e-04 |
|      63 |        1505 |       01:13:40 |       98.44% |       93.43% |       0.0443 |       0.2968 |      1.0000e-04 |
|      63 |        1510 |       01:14:00 |      100.00% |       94.95% |       0.0154 |       0.1691 |      1.0000e-04 |
|      64 |        1515 |       01:14:20 |       98.44% |       95.96% |       0.0319 |       0.1317 |      1.0000e-04 |
|      64 |        1520 |       01:14:39 |       98.44% |       95.45% |       0.0292 |       0.1074 |      1.0000e-04 |
|      64 |        1525 |       01:15:03 |      100.00% |       95.45% |       0.0161 |       0.1363 |      1.0000e-04 |
|      64 |        1530 |       01:15:23 |      100.00% |       93.43% |       0.0185 |       0.1761 |      1.0000e-04 |
|      64 |        1535 |       01:15:41 |      100.00% |       93.94% |       0.0167 |       0.2232 |      1.0000e-04 |
|      65 |        1540 |       01:16:01 |      100.00% |       93.94% |       0.0009 |       0.2195 |      1.0000e-04 |
|      65 |        1545 |       01:16:21 |       98.44% |       93.94% |       0.0182 |       0.2066 |      1.0000e-04 |
|      65 |        1550 |       01:16:39 |      100.00% |       97.47% |       0.0064 |       0.1000 |      1.0000e-04 |
|      65 |        1555 |       01:16:59 |      100.00% |       95.96% |       0.0016 |       0.1560 |      1.0000e-04 |
|      65 |        1560 |       01:17:18 |       98.44% |       95.45% |       0.0725 |       0.1753 |      1.0000e-04 |
|      66 |        1565 |       01:17:38 |      100.00% |       93.94% |       0.0078 |       0.2871 |      1.0000e-04 |
|      66 |        1570 |       01:17:58 |       98.44% |       96.46% |       0.0186 |       0.1338 |      1.0000e-04 |
|      66 |        1575 |       01:18:18 |      100.00% |       96.46% |       0.0061 |       0.1511 |      1.0000e-04 |
|      66 |        1580 |       01:18:36 |      100.00% |       97.47% |       0.0020 |       0.1131 |      1.0000e-04 |
|      67 |        1585 |       01:18:56 |      100.00% |       96.97% |       0.0019 |       0.0895 |      1.0000e-04 |
|      67 |        1590 |       01:19:15 |      100.00% |       95.96% |       0.0056 |       0.1251 |      1.0000e-04 |
|      67 |        1595 |       01:19:35 |       98.44% |       96.46% |       0.0484 |       0.1362 |      1.0000e-04 |
|      67 |        1600 |       01:19:54 |       98.44% |       96.97% |       0.0378 |       0.1567 |      1.0000e-04 |
|      67 |        1605 |       01:20:13 |      100.00% |       96.97% |       0.0030 |       0.1278 |      1.0000e-04 |
|      68 |        1610 |       01:20:32 |      100.00% |       98.48% |       0.0007 |       0.0849 |      1.0000e-04 |
|      68 |        1615 |       01:20:52 |       98.44% |       95.96% |       0.0276 |       0.1437 |      1.0000e-04 |
|      68 |        1620 |       01:21:11 |      100.00% |       96.46% |       0.0024 |       0.1749 |      1.0000e-04 |
|      68 |        1625 |       01:21:31 |      100.00% |       95.45% |       0.0007 |       0.1501 |      1.0000e-04 |
|      68 |        1630 |       01:21:50 |       96.88% |       96.46% |       0.1549 |       0.1380 |      1.0000e-04 |
|      69 |        1635 |       01:22:10 |      100.00% |       95.96% |       0.0110 |       0.1070 |      1.0000e-04 |
|      69 |        1640 |       01:22:30 |      100.00% |       95.96% |       0.0011 |       0.1391 |      1.0000e-04 |
|      69 |        1645 |       01:22:50 |      100.00% |       95.96% |       0.0021 |       0.1725 |      1.0000e-04 |
|      69 |        1650 |       01:23:09 |       98.44% |       94.44% |       0.0454 |       0.2192 |      1.0000e-04 |
|      69 |        1655 |       01:23:29 |      100.00% |       96.46% |       0.0012 |       0.1234 |      1.0000e-04 |
|      70 |        1660 |       01:23:48 |       98.44% |       95.96% |       0.0822 |       0.1581 |      1.0000e-04 |
|      70 |        1665 |       01:24:07 |      100.00% |       94.95% |       0.0026 |       0.1355 |      1.0000e-04 |
|      70 |        1670 |       01:24:26 |      100.00% |       94.44% |       0.0172 |       0.1655 |      1.0000e-04 |
|      70 |        1675 |       01:24:44 |      100.00% |       95.45% |       0.0196 |       0.1218 |      1.0000e-04 |
|      70 |        1680 |       01:25:04 |      100.00% |       95.45% |       0.0080 |       0.0854 |      1.0000e-04 |
|      71 |        1685 |       01:25:25 |      100.00% |       97.47% |       0.0008 |       0.1042 |      1.0000e-04 |
|      71 |        1690 |       01:25:44 |      100.00% |       95.45% |       0.0003 |       0.1205 |      1.0000e-04 |
|      71 |        1695 |       01:26:03 |      100.00% |       95.45% |       0.0002 |       0.1233 |      1.0000e-04 |
|      71 |        1700 |       01:26:23 |      100.00% |       97.47% |       0.0025 |       0.1129 |      1.0000e-04 |
|      72 |        1705 |       01:26:42 |       98.44% |       96.97% |       0.0642 |       0.0868 |      1.0000e-04 |
|      72 |        1710 |       01:27:02 |      100.00% |       96.46% |       0.0007 |       0.0920 |      1.0000e-04 |
|      72 |        1715 |       01:27:21 |      100.00% |       97.47% |       0.0015 |       0.0719 |      1.0000e-04 |
|      72 |        1720 |       01:27:40 |      100.00% |       97.47% |       0.0008 |       0.0838 |      1.0000e-04 |
|      72 |        1725 |       01:28:00 |      100.00% |       96.97% |       0.0003 |       0.1209 |      1.0000e-04 |
|      73 |        1730 |       01:28:19 |      100.00% |       95.45% |       0.0047 |       0.1331 |      1.0000e-04 |
|      73 |        1735 |       01:28:39 |      100.00% |       95.96% |       0.0002 |       0.1458 |      1.0000e-04 |
|      73 |        1740 |       01:28:58 |      100.00% |       96.46% |       0.0014 |       0.1550 |      1.0000e-04 |
|      73 |        1745 |       01:29:17 |      100.00% |       95.96% |       0.0010 |       0.1889 |      1.0000e-04 |
|      73 |        1750 |       01:29:36 |      100.00% |       95.96% |       0.0018 |       0.1465 |      1.0000e-04 |
|      74 |        1755 |       01:29:56 |      100.00% |       97.98% |       0.0003 |       0.1135 |      1.0000e-04 |
|      74 |        1760 |       01:30:16 |      100.00% |       96.97% |       0.0003 |       0.1319 |      1.0000e-04 |
|      74 |        1765 |       01:30:36 |      100.00% |       95.96% |   7.6781e-05 |       0.1359 |      1.0000e-04 |
|      74 |        1770 |       01:30:56 |      100.00% |       96.46% |       0.0005 |       0.1286 |      1.0000e-04 |
|      74 |        1775 |       01:31:15 |      100.00% |       95.96% |       0.0003 |       0.1554 |      1.0000e-04 |
|      75 |        1780 |       01:31:35 |      100.00% |       98.48% |       0.0006 |       0.1027 |      1.0000e-04 |
|      75 |        1785 |       01:31:55 |      100.00% |       96.97% |       0.0012 |       0.1242 |      1.0000e-04 |
|      75 |        1790 |       01:32:15 |      100.00% |       95.96% |       0.0003 |       0.1311 |      1.0000e-04 |
|      75 |        1795 |       01:32:34 |      100.00% |       97.47% |       0.0002 |       0.0963 |      1.0000e-04 |
|      75 |        1800 |       01:32:54 |      100.00% |       96.97% |       0.0002 |       0.1286 |      1.0000e-04 |
|      76 |        1805 |       01:33:13 |      100.00% |       96.46% |   8.5594e-05 |       0.1442 |      1.0000e-04 |
|      76 |        1810 |       01:33:32 |      100.00% |       95.96% |       0.0001 |       0.1240 |      1.0000e-04 |
|      76 |        1815 |       01:33:51 |      100.00% |       95.96% |       0.0001 |       0.1195 |      1.0000e-04 |
|      76 |        1820 |       01:34:11 |      100.00% |       97.47% |       0.0001 |       0.1048 |      1.0000e-04 |
|      77 |        1825 |       01:34:31 |      100.00% |       96.97% |       0.0001 |       0.1291 |      1.0000e-04 |
|      77 |        1830 |       01:34:49 |      100.00% |       96.46% |       0.0002 |       0.1061 |      1.0000e-04 |
|      77 |        1835 |       01:35:09 |      100.00% |       96.97% |       0.0002 |       0.1015 |      1.0000e-04 |
|      77 |        1840 |       01:35:29 |      100.00% |       97.47% |       0.0003 |       0.0883 |      1.0000e-04 |
|      77 |        1845 |       01:35:48 |      100.00% |       96.97% |       0.0002 |       0.1535 |      1.0000e-04 |
|      78 |        1850 |       01:36:08 |      100.00% |       96.46% |       0.0002 |       0.1024 |      1.0000e-04 |
|      78 |        1855 |       01:36:28 |      100.00% |       97.47% |       0.0001 |       0.0782 |      1.0000e-04 |
|      78 |        1860 |       01:36:47 |      100.00% |       95.96% |       0.0004 |       0.1139 |      1.0000e-04 |
|      78 |        1865 |       01:37:06 |      100.00% |       96.97% |       0.0002 |       0.0911 |      1.0000e-04 |
|      78 |        1870 |       01:37:25 |      100.00% |       97.47% |       0.0003 |       0.0870 |      1.0000e-04 |
|      79 |        1875 |       01:37:45 |      100.00% |       97.98% |   7.3023e-05 |       0.1003 |      1.0000e-04 |
|      79 |        1880 |       01:38:04 |      100.00% |       97.47% |       0.0001 |       0.0946 |      1.0000e-04 |
|      79 |        1885 |       01:38:25 |      100.00% |       97.98% |   4.2588e-05 |       0.0934 |      1.0000e-04 |
|      79 |        1890 |       01:38:44 |      100.00% |       96.97% |       0.0003 |       0.1116 |      1.0000e-04 |
|      79 |        1895 |       01:39:03 |      100.00% |       96.97% |       0.0001 |       0.1147 |      1.0000e-04 |
|      80 |        1900 |       01:39:21 |      100.00% |       96.46% |       0.0002 |       0.1386 |      1.0000e-04 |
|      80 |        1905 |       01:39:40 |      100.00% |       96.97% |       0.0002 |       0.1349 |      1.0000e-04 |
|      80 |        1910 |       01:39:58 |      100.00% |       98.48% |   9.7700e-05 |       0.1118 |      1.0000e-04 |
|      80 |        1915 |       01:40:13 |      100.00% |       96.97% |       0.0001 |       0.1237 |      1.0000e-04 |
|      80 |        1920 |       01:40:29 |      100.00% |       98.48% |       0.0007 |       0.1064 |      1.0000e-04 |
|      81 |        1925 |       01:40:44 |      100.00% |       96.97% |       0.0001 |       0.1009 |      1.0000e-04 |
|      81 |        1930 |       01:40:59 |      100.00% |       97.98% |   4.2243e-05 |       0.0859 |      1.0000e-04 |
|      81 |        1935 |       01:41:15 |      100.00% |       97.98% |       0.0002 |       0.1289 |      1.0000e-04 |
|      81 |        1940 |       01:41:31 |      100.00% |       96.97% |   7.9893e-05 |       0.1131 |      1.0000e-04 |
|      82 |        1945 |       01:41:47 |      100.00% |       97.47% |       0.0001 |       0.0882 |      1.0000e-04 |
|      82 |        1950 |       01:42:02 |      100.00% |       97.47% |       0.0001 |       0.1062 |      1.0000e-04 |
|      82 |        1955 |       01:42:17 |      100.00% |       96.97% |       0.0001 |       0.1226 |      1.0000e-04 |
|      82 |        1960 |       01:42:32 |      100.00% |       96.97% |       0.0004 |       0.1184 |      1.0000e-04 |
|      82 |        1965 |       01:42:47 |      100.00% |       96.97% |       0.0005 |       0.1406 |      1.0000e-04 |
|      83 |        1970 |       01:43:03 |      100.00% |       95.45% |       0.0006 |       0.1157 |      1.0000e-04 |
|      83 |        1975 |       01:43:18 |      100.00% |       96.97% |       0.0001 |       0.1383 |      1.0000e-04 |
|      83 |        1980 |       01:43:33 |      100.00% |       96.46% |       0.0010 |       0.1103 |      1.0000e-04 |
|      83 |        1985 |       01:43:48 |      100.00% |       96.46% |   9.0053e-05 |       0.1402 |      1.0000e-04 |
|      83 |        1990 |       01:44:03 |      100.00% |       96.97% |       0.0001 |       0.1173 |      1.0000e-04 |
|      84 |        1995 |       01:44:18 |      100.00% |       96.97% |   6.0037e-05 |       0.1195 |      1.0000e-04 |
|      84 |        2000 |       01:44:33 |      100.00% |       97.47% |   7.3990e-05 |       0.1215 |      1.0000e-04 |
|      84 |        2005 |       01:44:49 |      100.00% |       97.47% |   7.8736e-05 |       0.1323 |      1.0000e-04 |
|      84 |        2010 |       01:45:05 |      100.00% |       95.96% |       0.0010 |       0.1221 |      1.0000e-04 |
|      84 |        2015 |       01:45:20 |      100.00% |       96.46% |   8.1162e-05 |       0.0877 |      1.0000e-04 |
|      85 |        2020 |       01:45:36 |      100.00% |       97.47% |       0.0004 |       0.1153 |      1.0000e-04 |
|      85 |        2025 |       01:45:52 |      100.00% |       97.98% |       0.0001 |       0.1066 |      1.0000e-04 |
|      85 |        2030 |       01:46:07 |      100.00% |       97.47% |       0.0003 |       0.1206 |      1.0000e-04 |
|      85 |        2035 |       01:46:23 |      100.00% |       96.97% |   8.5180e-05 |       0.0971 |      1.0000e-04 |
|      85 |        2040 |       01:46:38 |      100.00% |       96.97% |       0.0003 |       0.1171 |      1.0000e-04 |
|      86 |        2045 |       01:46:54 |      100.00% |       95.96% |   8.0302e-05 |       0.1589 |      1.0000e-04 |
|      86 |        2050 |       01:47:09 |      100.00% |       97.47% |       0.0001 |       0.0703 |      1.0000e-04 |
|      86 |        2055 |       01:47:24 |      100.00% |       96.97% |       0.0005 |       0.1025 |      1.0000e-04 |
|      86 |        2060 |       01:47:39 |      100.00% |       97.47% |   3.3468e-05 |       0.1119 |      1.0000e-04 |
|      87 |        2065 |       01:47:55 |      100.00% |       96.97% |   5.0714e-05 |       0.1238 |      1.0000e-04 |
|      87 |        2070 |       01:48:11 |      100.00% |       96.97% |       0.0001 |       0.1182 |      1.0000e-04 |
|      87 |        2075 |       01:48:27 |      100.00% |       96.97% |       0.0001 |       0.1087 |      1.0000e-04 |
|      87 |        2080 |       01:48:43 |      100.00% |       97.98% |       0.0001 |       0.1051 |      1.0000e-04 |
|      87 |        2085 |       01:48:58 |      100.00% |       96.46% |       0.0002 |       0.1242 |      1.0000e-04 |
|      88 |        2090 |       01:49:14 |      100.00% |       96.46% |       0.0001 |       0.1102 |      1.0000e-04 |
|      88 |        2095 |       01:49:30 |      100.00% |       97.47% |   5.0340e-05 |       0.1009 |      1.0000e-04 |
|      88 |        2100 |       01:49:46 |      100.00% |       96.46% |   7.2496e-05 |       0.1516 |      1.0000e-04 |
|      88 |        2105 |       01:50:02 |      100.00% |       96.97% |       0.0001 |       0.1234 |      1.0000e-04 |
|      88 |        2110 |       01:50:17 |      100.00% |       96.97% |   6.0837e-05 |       0.1085 |      1.0000e-04 |
|      89 |        2115 |       01:50:33 |      100.00% |       95.96% |       0.0001 |       0.0929 |      1.0000e-04 |
|      89 |        2120 |       01:50:48 |      100.00% |       97.47% |   8.7791e-05 |       0.0645 |      1.0000e-04 |
|      89 |        2125 |       01:51:04 |      100.00% |       97.47% |   3.0404e-05 |       0.1406 |      1.0000e-04 |
|      89 |        2130 |       01:51:20 |      100.00% |       97.98% |       0.0001 |       0.1184 |      1.0000e-04 |
|      89 |        2135 |       01:51:36 |      100.00% |       96.97% |   5.7432e-05 |       0.1018 |      1.0000e-04 |
|      90 |        2140 |       01:51:51 |      100.00% |       96.46% |   7.7142e-05 |       0.1452 |      1.0000e-04 |
|      90 |        2145 |       01:52:07 |      100.00% |       96.46% |       0.0009 |       0.1430 |      1.0000e-04 |
|      90 |        2150 |       01:52:23 |      100.00% |       95.96% |       0.0002 |       0.1539 |      1.0000e-04 |
|      90 |        2155 |       01:52:39 |      100.00% |       96.46% |       0.0003 |       0.1196 |      1.0000e-04 |
|      90 |        2160 |       01:52:55 |      100.00% |       96.97% |       0.0007 |       0.1123 |      1.0000e-04 |
|      91 |        2165 |       01:53:11 |      100.00% |       95.96% |   2.8699e-05 |       0.1034 |      1.0000e-04 |
|      91 |        2170 |       01:53:27 |      100.00% |       96.97% |   6.4446e-05 |       0.0788 |      1.0000e-04 |
|      91 |        2175 |       01:53:42 |      100.00% |       96.97% |   7.2629e-05 |       0.1331 |      1.0000e-04 |
|      91 |        2180 |       01:53:58 |      100.00% |       96.97% |   3.0823e-05 |       0.1498 |      1.0000e-04 |
|      92 |        2185 |       01:54:13 |      100.00% |       96.46% |       0.0001 |       0.0989 |      1.0000e-04 |
|      92 |        2190 |       01:54:29 |      100.00% |       97.98% |   6.9101e-05 |       0.0723 |      1.0000e-04 |
|      92 |        2195 |       01:54:45 |      100.00% |       96.97% |       0.0002 |       0.1639 |      1.0000e-04 |
|      92 |        2200 |       01:55:01 |      100.00% |       97.47% |   3.8147e-05 |       0.1365 |      1.0000e-04 |
|      92 |        2205 |       01:55:17 |      100.00% |       95.45% |       0.0002 |       0.1380 |      1.0000e-04 |
|      93 |        2210 |       01:55:32 |      100.00% |       97.47% |   9.3386e-05 |       0.1095 |      1.0000e-04 |
|      93 |        2215 |       01:55:48 |      100.00% |       97.47% |   8.4672e-05 |       0.1087 |      1.0000e-04 |
|      93 |        2220 |       01:56:03 |      100.00% |       96.97% |       0.0002 |       0.0971 |      1.0000e-04 |
|      93 |        2225 |       01:56:19 |      100.00% |       96.46% |   8.9568e-05 |       0.1392 |      1.0000e-04 |
|      93 |        2230 |       01:56:34 |      100.00% |       96.46% |       0.0001 |       0.1386 |      1.0000e-04 |
|      94 |        2235 |       01:56:50 |      100.00% |       97.47% |   6.6083e-05 |       0.1255 |      1.0000e-04 |
|      94 |        2240 |       01:57:06 |      100.00% |       96.46% |   4.3947e-05 |       0.1563 |      1.0000e-04 |
|      94 |        2245 |       01:57:22 |      100.00% |       96.46% |   2.3287e-05 |       0.1599 |      1.0000e-04 |
|      94 |        2250 |       01:57:38 |      100.00% |       96.97% |   7.1466e-05 |       0.1142 |      1.0000e-04 |
|      94 |        2255 |       01:57:53 |      100.00% |       97.47% |   3.9168e-05 |       0.0934 |      1.0000e-04 |
|      95 |        2260 |       01:58:09 |      100.00% |       95.45% |   5.6955e-05 |       0.1559 |      1.0000e-04 |
|      95 |        2265 |       01:58:24 |      100.00% |       97.98% |   4.0525e-05 |       0.1048 |      1.0000e-04 |
|      95 |        2270 |       01:58:40 |      100.00% |       94.95% |   5.2105e-05 |       0.1196 |      1.0000e-04 |
|      95 |        2275 |       01:58:57 |      100.00% |       97.47% |   2.4892e-05 |       0.1276 |      1.0000e-04 |
|      95 |        2280 |       01:59:12 |      100.00% |       97.47% |       0.0001 |       0.1029 |      1.0000e-04 |
|      96 |        2285 |       01:59:28 |      100.00% |       96.97% |   7.1873e-05 |       0.1020 |      1.0000e-04 |
|      96 |        2290 |       01:59:44 |      100.00% |       97.47% |   8.3551e-05 |       0.1424 |      1.0000e-04 |
|      96 |        2295 |       02:00:00 |      100.00% |       97.98% |   3.9776e-05 |       0.1318 |      1.0000e-04 |
|      96 |        2300 |       02:00:16 |      100.00% |       96.97% |   2.0484e-05 |       0.1469 |      1.0000e-04 |
|      97 |        2305 |       02:00:31 |      100.00% |       96.46% |   3.4158e-05 |       0.1355 |      1.0000e-04 |
|      97 |        2310 |       02:00:47 |      100.00% |       96.46% |   3.7201e-05 |       0.0889 |      1.0000e-04 |
|      97 |        2315 |       02:01:02 |      100.00% |       97.47% |   6.1887e-05 |       0.1019 |      1.0000e-04 |
|      97 |        2320 |       02:01:18 |      100.00% |       97.47% |       0.0001 |       0.1097 |      1.0000e-04 |
|      97 |        2325 |       02:01:34 |      100.00% |       96.97% |   4.5846e-05 |       0.1297 |      1.0000e-04 |
|      98 |        2330 |       02:01:50 |      100.00% |       96.97% |       0.0002 |       0.0869 |      1.0000e-04 |
|      98 |        2335 |       02:02:05 |      100.00% |       95.96% |   9.7974e-05 |       0.1069 |      1.0000e-04 |
|      98 |        2340 |       02:02:21 |      100.00% |       97.98% |       0.0002 |       0.1084 |      1.0000e-04 |
|      98 |        2345 |       02:02:36 |      100.00% |       95.96% |   6.5064e-05 |       0.1201 |      1.0000e-04 |
|      98 |        2350 |       02:02:52 |      100.00% |       95.96% |       0.0001 |       0.0988 |      1.0000e-04 |
|      99 |        2355 |       02:03:08 |      100.00% |       97.47% |   3.5574e-05 |       0.0730 |      1.0000e-04 |
|      99 |        2360 |       02:03:24 |      100.00% |       96.97% |   2.2909e-05 |       0.1380 |      1.0000e-04 |
|      99 |        2365 |       02:03:40 |      100.00% |       96.97% |   1.0617e-05 |       0.1161 |      1.0000e-04 |
|      99 |        2370 |       02:03:56 |      100.00% |       97.47% |       0.0001 |       0.1003 |      1.0000e-04 |
|      99 |        2375 |       02:04:12 |      100.00% |       95.96% |   5.8315e-05 |       0.1523 |      1.0000e-04 |
|     100 |        2380 |       02:04:27 |      100.00% |       96.97% |   5.4366e-05 |       0.1465 |      1.0000e-04 |
|     100 |        2385 |       02:04:43 |      100.00% |       96.97% |       0.0009 |       0.1387 |      1.0000e-04 |
|     100 |        2390 |       02:04:59 |      100.00% |       96.97% |   4.3892e-05 |       0.1060 |      1.0000e-04 |
|     100 |        2395 |       02:05:14 |      100.00% |       95.96% |       0.0002 |       0.1099 |      1.0000e-04 |
|     100 |        2400 |       02:05:30 |      100.00% |       95.96% |       0.0002 |       0.1175 |      1.0000e-04 |
|======================================================================================================================|
Predicting accuracy for Test Set 
The accuracy of the test set is 96.969697 
The specificity of the test set is 96.605605 
The sensitivity of the test set is 94.660340 
