Loading Data 
Training on single GPU.
Initializing input data normalization.
|======================================================================================================================|
|  Epoch  |  Iteration  |  Time Elapsed  |  Mini-batch  |  Validation  |  Mini-batch  |  Validation  |  Base Learning  |
|         |             |   (hh:mm:ss)   |   Accuracy   |   Accuracy   |     Loss     |     Loss     |      Rate       |
|======================================================================================================================|
|       1 |           1 |       00:00:03 |       10.94% |       12.63% |       4.5264 |       3.4407 |      1.0000e-04 |
|       1 |           5 |       00:00:07 |       17.19% |       41.41% |       2.6730 |       2.3400 |      1.0000e-04 |
|       1 |          10 |       00:00:11 |       31.25% |       49.49% |       2.4865 |       1.9538 |      1.0000e-04 |
|       1 |          15 |       00:00:15 |       42.19% |       52.53% |       1.9389 |       1.6572 |      1.0000e-04 |
|       1 |          20 |       00:00:19 |       51.56% |       60.10% |       1.8074 |       1.4041 |      1.0000e-04 |
|       2 |          25 |       00:00:23 |       57.81% |       67.17% |       1.5562 |       1.1827 |      1.0000e-04 |
|       2 |          30 |       00:00:27 |       62.50% |       68.18% |       1.1830 |       0.9894 |      1.0000e-04 |
|       2 |          35 |       00:00:31 |       75.00% |       70.71% |       0.7810 |       0.8827 |      1.0000e-04 |
|       2 |          40 |       00:00:36 |       75.00% |       82.32% |       0.9026 |       0.6436 |      1.0000e-04 |
|       2 |          45 |       00:00:40 |       75.00% |       82.83% |       0.6708 |       0.5546 |      1.0000e-04 |
|       3 |          50 |       00:00:44 |       76.56% |       88.89% |       0.6331 |       0.5210 |      1.0000e-04 |
|       3 |          55 |       00:00:48 |       73.44% |       87.88% |       0.7160 |       0.4429 |      1.0000e-04 |
|       3 |          60 |       00:00:52 |       82.81% |       89.39% |       0.5306 |       0.3941 |      1.0000e-04 |
|       3 |          65 |       00:00:56 |       71.88% |       88.89% |       0.7451 |       0.4040 |      1.0000e-04 |
|       3 |          70 |       00:01:01 |       81.25% |       87.88% |       0.6768 |       0.3503 |      1.0000e-04 |
|       4 |          75 |       00:01:05 |       79.69% |       91.92% |       0.6637 |       0.3323 |      1.0000e-04 |
|       4 |          80 |       00:01:09 |       87.50% |       88.89% |       0.3875 |       0.3116 |      1.0000e-04 |
|       4 |          85 |       00:01:13 |       90.62% |       90.40% |       0.3799 |       0.2922 |      1.0000e-04 |
|       4 |          90 |       00:01:17 |       79.69% |       91.92% |       0.6315 |       0.2607 |      1.0000e-04 |
|       4 |          95 |       00:01:21 |       92.19% |       89.39% |       0.1877 |       0.2750 |      1.0000e-04 |
|       5 |         100 |       00:01:26 |       89.06% |       90.40% |       0.3298 |       0.2582 |      1.0000e-04 |
|       5 |         105 |       00:01:30 |       84.38% |       91.41% |       0.3738 |       0.2516 |      1.0000e-04 |
|       5 |         110 |       00:01:34 |       85.94% |       91.92% |       0.3203 |       0.2810 |      1.0000e-04 |
|       5 |         115 |       00:01:38 |       92.19% |       92.42% |       0.2714 |       0.2143 |      1.0000e-04 |
|       5 |         120 |       00:01:42 |       92.19% |       93.94% |       0.2925 |       0.2377 |      1.0000e-04 |
|       6 |         125 |       00:01:47 |       89.06% |       91.41% |       0.3465 |       0.2486 |      1.0000e-04 |
|       6 |         130 |       00:01:51 |       90.62% |       90.91% |       0.2729 |       0.2383 |      1.0000e-04 |
|       6 |         135 |       00:01:55 |       90.62% |       92.42% |       0.2246 |       0.2098 |      1.0000e-04 |
|       6 |         140 |       00:01:59 |       93.75% |       95.45% |       0.2330 |       0.1789 |      1.0000e-04 |
|       7 |         145 |       00:02:03 |       89.06% |       94.95% |       0.2769 |       0.1983 |      1.0000e-04 |
|       7 |         150 |       00:02:07 |       89.06% |       91.92% |       0.3359 |       0.2230 |      1.0000e-04 |
|       7 |         155 |       00:02:12 |       96.88% |       94.44% |       0.1547 |       0.1758 |      1.0000e-04 |
|       7 |         160 |       00:02:16 |       92.19% |       97.47% |       0.1707 |       0.1227 |      1.0000e-04 |
|       7 |         165 |       00:02:20 |       96.88% |       92.42% |       0.1394 |       0.1898 |      1.0000e-04 |
|       8 |         170 |       00:02:24 |       93.75% |       92.42% |       0.1219 |       0.2034 |      1.0000e-04 |
|       8 |         175 |       00:02:28 |       98.44% |       93.43% |       0.0748 |       0.2344 |      1.0000e-04 |
|       8 |         180 |       00:02:32 |       98.44% |       93.94% |       0.0813 |       0.2038 |      1.0000e-04 |
|       8 |         185 |       00:02:37 |       93.75% |       94.95% |       0.1911 |       0.1718 |      1.0000e-04 |
|       8 |         190 |       00:02:41 |       96.88% |       96.97% |       0.1159 |       0.1550 |      1.0000e-04 |
|       9 |         195 |       00:02:45 |       93.75% |       93.43% |       0.2759 |       0.1990 |      1.0000e-04 |
|       9 |         200 |       00:02:49 |       87.50% |       93.94% |       0.3083 |       0.2304 |      1.0000e-04 |
|       9 |         205 |       00:02:54 |       96.88% |       95.96% |       0.0661 |       0.1505 |      1.0000e-04 |
|       9 |         210 |       00:02:58 |       95.31% |       95.96% |       0.1306 |       0.1767 |      1.0000e-04 |
|       9 |         215 |       00:03:02 |       93.75% |       94.44% |       0.1534 |       0.1841 |      1.0000e-04 |
|      10 |         220 |       00:03:06 |       95.31% |       91.92% |       0.1635 |       0.2252 |      1.0000e-04 |
|      10 |         225 |       00:03:10 |       96.88% |       95.45% |       0.0639 |       0.2096 |      1.0000e-04 |
|      10 |         230 |       00:03:15 |       89.06% |       94.44% |       0.2329 |       0.1802 |      1.0000e-04 |
|      10 |         235 |       00:03:19 |       98.44% |       93.94% |       0.0724 |       0.2449 |      1.0000e-04 |
|      10 |         240 |       00:03:23 |       95.31% |       94.44% |       0.1203 |       0.2109 |      1.0000e-04 |
|      11 |         245 |       00:03:28 |       92.19% |       95.45% |       0.1811 |       0.1649 |      1.0000e-04 |
|      11 |         250 |       00:03:33 |       92.19% |       94.44% |       0.1513 |       0.1941 |      1.0000e-04 |
|      11 |         255 |       00:03:38 |       98.44% |       94.95% |       0.0514 |       0.1522 |      1.0000e-04 |
|      11 |         260 |       00:03:43 |       93.75% |       93.94% |       0.1164 |       0.2086 |      1.0000e-04 |
|      12 |         265 |       00:03:49 |       93.75% |       92.42% |       0.1341 |       0.2557 |      1.0000e-04 |
|      12 |         270 |       00:03:54 |       96.88% |       91.92% |       0.2269 |       0.2979 |      1.0000e-04 |
|      12 |         275 |       00:03:59 |      100.00% |       93.43% |       0.0463 |       0.1949 |      1.0000e-04 |
|      12 |         280 |       00:04:05 |      100.00% |       94.95% |       0.0249 |       0.1863 |      1.0000e-04 |
|      12 |         285 |       00:04:10 |       95.31% |       95.96% |       0.0831 |       0.1849 |      1.0000e-04 |
|      13 |         290 |       00:04:16 |       96.88% |       94.44% |       0.1492 |       0.2017 |      1.0000e-04 |
|      13 |         295 |       00:04:21 |       96.88% |       94.44% |       0.0582 |       0.2055 |      1.0000e-04 |
|      13 |         300 |       00:04:26 |       92.19% |       94.95% |       0.1406 |       0.1874 |      1.0000e-04 |
|      13 |         305 |       00:04:31 |       98.44% |       95.96% |       0.0838 |       0.1484 |      1.0000e-04 |
|      13 |         310 |       00:04:37 |       98.44% |       94.44% |       0.0894 |       0.2212 |      1.0000e-04 |
|      14 |         315 |       00:04:42 |       95.31% |       93.94% |       0.1335 |       0.2224 |      1.0000e-04 |
|      14 |         320 |       00:04:47 |       93.75% |       94.44% |       0.1022 |       0.1990 |      1.0000e-04 |
|      14 |         325 |       00:04:53 |      100.00% |       95.45% |       0.0201 |       0.2001 |      1.0000e-04 |
|      14 |         330 |       00:04:59 |       98.44% |       95.96% |       0.0987 |       0.1468 |      1.0000e-04 |
|      14 |         335 |       00:05:04 |      100.00% |       94.95% |       0.0333 |       0.1777 |      1.0000e-04 |
|      15 |         340 |       00:05:09 |       98.44% |       93.94% |       0.0376 |       0.2260 |      1.0000e-04 |
|      15 |         345 |       00:05:15 |       98.44% |       93.94% |       0.0467 |       0.2182 |      1.0000e-04 |
|      15 |         350 |       00:05:20 |       95.31% |       93.94% |       0.1161 |       0.2031 |      1.0000e-04 |
|      15 |         355 |       00:05:26 |       96.88% |       94.95% |       0.0772 |       0.1864 |      1.0000e-04 |
|      15 |         360 |       00:05:31 |       95.31% |       96.46% |       0.1023 |       0.1513 |      1.0000e-04 |
|      16 |         365 |       00:05:37 |       93.75% |       92.93% |       0.2206 |       0.2627 |      1.0000e-04 |
|      16 |         370 |       00:05:43 |       95.31% |       95.96% |       0.1701 |       0.1446 |      1.0000e-04 |
|      16 |         375 |       00:05:48 |       98.44% |       94.44% |       0.0713 |       0.1493 |      1.0000e-04 |
|      16 |         380 |       00:05:53 |      100.00% |       95.45% |       0.0318 |       0.1422 |      1.0000e-04 |
|      17 |         385 |       00:05:59 |       98.44% |       96.46% |       0.0796 |       0.1725 |      1.0000e-04 |
|      17 |         390 |       00:06:04 |       98.44% |       93.94% |       0.0528 |       0.1839 |      1.0000e-04 |
|      17 |         395 |       00:06:09 |       95.31% |       94.95% |       0.0759 |       0.1872 |      1.0000e-04 |
|      17 |         400 |       00:06:15 |       98.44% |       95.96% |       0.0432 |       0.1338 |      1.0000e-04 |
|      17 |         405 |       00:06:20 |       98.44% |       96.97% |       0.0363 |       0.1672 |      1.0000e-04 |
|      18 |         410 |       00:06:26 |      100.00% |       96.97% |       0.0085 |       0.1550 |      1.0000e-04 |
|      18 |         415 |       00:06:31 |      100.00% |       96.46% |       0.0179 |       0.1501 |      1.0000e-04 |
|      18 |         420 |       00:06:36 |       98.44% |       96.46% |       0.0462 |       0.1696 |      1.0000e-04 |
|      18 |         425 |       00:06:42 |       98.44% |       95.96% |       0.0828 |       0.2057 |      1.0000e-04 |
|      18 |         430 |       00:06:47 |       96.88% |       96.46% |       0.0417 |       0.1624 |      1.0000e-04 |
|      19 |         435 |       00:06:53 |       95.31% |       94.44% |       0.1324 |       0.1828 |      1.0000e-04 |
|      19 |         440 |       00:06:58 |       96.88% |       96.46% |       0.0658 |       0.1674 |      1.0000e-04 |
|      19 |         445 |       00:07:04 |      100.00% |       96.97% |       0.0134 |       0.1527 |      1.0000e-04 |
|      19 |         450 |       00:07:09 |       96.88% |       93.43% |       0.1140 |       0.2384 |      1.0000e-04 |
|      19 |         455 |       00:07:15 |       96.88% |       95.45% |       0.0571 |       0.1759 |      1.0000e-04 |
|      20 |         460 |       00:07:20 |       98.44% |       92.93% |       0.0802 |       0.2642 |      1.0000e-04 |
|      20 |         465 |       00:07:26 |       95.31% |       91.92% |       0.2237 |       0.3863 |      1.0000e-04 |
|      20 |         470 |       00:07:31 |       98.44% |       94.95% |       0.0519 |       0.1792 |      1.0000e-04 |
|      20 |         475 |       00:07:36 |       93.75% |       95.96% |       0.1168 |       0.1549 |      1.0000e-04 |
|      20 |         480 |       00:07:42 |       98.44% |       95.96% |       0.0579 |       0.1345 |      1.0000e-04 |
|      21 |         485 |       00:07:48 |       95.31% |       95.96% |       0.0831 |       0.1851 |      1.0000e-04 |
|      21 |         490 |       00:07:53 |       98.44% |       95.96% |       0.0398 |       0.2064 |      1.0000e-04 |
|      21 |         495 |       00:07:59 |       93.75% |       94.95% |       0.1218 |       0.2355 |      1.0000e-04 |
|      21 |         500 |       00:08:04 |       98.44% |       95.96% |       0.0329 |       0.2126 |      1.0000e-04 |
|      22 |         505 |       00:08:10 |       98.44% |       96.97% |       0.0355 |       0.1449 |      1.0000e-04 |
|      22 |         510 |       00:08:15 |       96.88% |       95.96% |       0.0794 |       0.1332 |      1.0000e-04 |
|      22 |         515 |       00:08:21 |      100.00% |       93.94% |       0.0305 |       0.1980 |      1.0000e-04 |
|      22 |         520 |       00:08:26 |       98.44% |       96.97% |       0.0317 |       0.1696 |      1.0000e-04 |
|      22 |         525 |       00:08:32 |       98.44% |       96.46% |       0.0221 |       0.1526 |      1.0000e-04 |
|      23 |         530 |       00:08:37 |      100.00% |       95.96% |       0.0120 |       0.1322 |      1.0000e-04 |
|      23 |         535 |       00:08:43 |      100.00% |       94.44% |       0.0168 |       0.2028 |      1.0000e-04 |
|      23 |         540 |       00:08:48 |      100.00% |       94.44% |       0.0160 |       0.2178 |      1.0000e-04 |
|      23 |         545 |       00:08:54 |       96.88% |       96.97% |       0.0849 |       0.1618 |      1.0000e-04 |
|      23 |         550 |       00:08:59 |       98.44% |       94.95% |       0.0228 |       0.1894 |      1.0000e-04 |
|      24 |         555 |       00:09:05 |       96.88% |       95.96% |       0.0720 |       0.1821 |      1.0000e-04 |
|      24 |         560 |       00:09:10 |       95.31% |       96.97% |       0.1136 |       0.1686 |      1.0000e-04 |
|      24 |         565 |       00:09:15 |      100.00% |       96.97% |       0.0007 |       0.1737 |      1.0000e-04 |
|      24 |         570 |       00:09:21 |      100.00% |       96.97% |       0.0229 |       0.1179 |      1.0000e-04 |
|      24 |         575 |       00:09:26 |       96.88% |       96.46% |       0.0751 |       0.1430 |      1.0000e-04 |
|      25 |         580 |       00:09:32 |       96.88% |       95.96% |       0.0685 |       0.1819 |      1.0000e-04 |
|      25 |         585 |       00:09:37 |      100.00% |       96.46% |       0.0247 |       0.2277 |      1.0000e-04 |
|      25 |         590 |       00:09:43 |      100.00% |       97.47% |       0.0076 |       0.1247 |      1.0000e-04 |
|      25 |         595 |       00:09:48 |      100.00% |       97.47% |       0.0196 |       0.1387 |      1.0000e-04 |
|      25 |         600 |       00:09:54 |       96.88% |       97.47% |       0.0753 |       0.1332 |      1.0000e-04 |
|      26 |         605 |       00:09:59 |       98.44% |       96.97% |       0.0440 |       0.1476 |      1.0000e-04 |
|      26 |         610 |       00:10:05 |      100.00% |       96.97% |       0.0421 |       0.1401 |      1.0000e-04 |
|      26 |         615 |       00:10:10 |       98.44% |       98.48% |       0.0273 |       0.1064 |      1.0000e-04 |
|      26 |         620 |       00:10:16 |       96.88% |       97.47% |       0.0701 |       0.1277 |      1.0000e-04 |
|      27 |         625 |       00:10:21 |       98.44% |       97.98% |       0.0570 |       0.1180 |      1.0000e-04 |
|      27 |         630 |       00:10:27 |       98.44% |       96.46% |       0.0515 |       0.1741 |      1.0000e-04 |
|      27 |         635 |       00:10:32 |      100.00% |       96.97% |       0.0087 |       0.1532 |      1.0000e-04 |
|      27 |         640 |       00:10:38 |      100.00% |       95.96% |       0.0168 |       0.1749 |      1.0000e-04 |
|      27 |         645 |       00:10:43 |      100.00% |       96.97% |       0.0034 |       0.1616 |      1.0000e-04 |
|      28 |         650 |       00:10:49 |      100.00% |       95.96% |       0.0025 |       0.1743 |      1.0000e-04 |
|      28 |         655 |       00:10:54 |      100.00% |       96.46% |       0.0115 |       0.1934 |      1.0000e-04 |
|      28 |         660 |       00:10:59 |      100.00% |       97.47% |       0.0021 |       0.1268 |      1.0000e-04 |
|      28 |         665 |       00:11:05 |       96.88% |       96.97% |       0.0607 |       0.1142 |      1.0000e-04 |
|      28 |         670 |       00:11:10 |       98.44% |       97.47% |       0.0745 |       0.1504 |      1.0000e-04 |
|      29 |         675 |       00:11:16 |       98.44% |       95.96% |       0.0202 |       0.1206 |      1.0000e-04 |
|      29 |         680 |       00:11:21 |      100.00% |       97.47% |       0.0070 |       0.1316 |      1.0000e-04 |
|      29 |         685 |       00:11:27 |      100.00% |       97.47% |       0.0019 |       0.1443 |      1.0000e-04 |
|      29 |         690 |       00:11:32 |       96.88% |       96.46% |       0.0551 |       0.1914 |      1.0000e-04 |
|      29 |         695 |       00:11:38 |      100.00% |       96.97% |       0.0195 |       0.1009 |      1.0000e-04 |
|      30 |         700 |       00:11:43 |       98.44% |       97.47% |       0.0329 |       0.1427 |      1.0000e-04 |
|      30 |         705 |       00:11:49 |      100.00% |       97.47% |       0.0021 |       0.1094 |      1.0000e-04 |
|      30 |         710 |       00:11:54 |       95.31% |       96.46% |       0.0848 |       0.1856 |      1.0000e-04 |
|      30 |         715 |       00:12:00 |      100.00% |       97.98% |       0.0143 |       0.1053 |      1.0000e-04 |
|      30 |         720 |       00:12:05 |       98.44% |       97.47% |       0.0433 |       0.1375 |      1.0000e-04 |
|      31 |         725 |       00:12:11 |       96.88% |       98.48% |       0.0570 |       0.0574 |      1.0000e-04 |
|      31 |         730 |       00:12:16 |       96.88% |       96.97% |       0.1551 |       0.1149 |      1.0000e-04 |
|      31 |         735 |       00:12:22 |       98.44% |       96.97% |       0.0310 |       0.1134 |      1.0000e-04 |
|      31 |         740 |       00:12:27 |       96.88% |       97.98% |       0.0835 |       0.0849 |      1.0000e-04 |
|      32 |         745 |       00:12:33 |       98.44% |       98.48% |       0.0555 |       0.1003 |      1.0000e-04 |
|      32 |         750 |       00:12:39 |       98.44% |       97.98% |       0.0258 |       0.0898 |      1.0000e-04 |
|      32 |         755 |       00:12:44 |       98.44% |       95.96% |       0.0187 |       0.1299 |      1.0000e-04 |
|      32 |         760 |       00:12:50 |      100.00% |       94.95% |       0.0121 |       0.1698 |      1.0000e-04 |
|      32 |         765 |       00:12:55 |       98.44% |       97.47% |       0.0587 |       0.1224 |      1.0000e-04 |
|      33 |         770 |       00:13:01 |      100.00% |       97.47% |       0.0011 |       0.1099 |      1.0000e-04 |
|      33 |         775 |       00:13:06 |      100.00% |       96.46% |       0.0156 |       0.1355 |      1.0000e-04 |
|      33 |         780 |       00:13:11 |      100.00% |       97.47% |       0.0023 |       0.1458 |      1.0000e-04 |
|      33 |         785 |       00:13:17 |       98.44% |       96.97% |       0.0346 |       0.1604 |      1.0000e-04 |
|      33 |         790 |       00:13:23 |       96.88% |       96.97% |       0.0919 |       0.1563 |      1.0000e-04 |
|      34 |         795 |       00:13:28 |      100.00% |       96.46% |       0.0147 |       0.1773 |      1.0000e-04 |
|      34 |         800 |       00:13:34 |       98.44% |       96.46% |       0.0245 |       0.1946 |      1.0000e-04 |
|      34 |         805 |       00:13:39 |       98.44% |       96.46% |       0.0329 |       0.1181 |      1.0000e-04 |
|      34 |         810 |       00:13:45 |       98.44% |       97.47% |       0.0595 |       0.1131 |      1.0000e-04 |
|      34 |         815 |       00:13:50 |      100.00% |       97.47% |       0.0102 |       0.1071 |      1.0000e-04 |
|      35 |         820 |       00:13:55 |       96.88% |       97.47% |       0.0859 |       0.1216 |      1.0000e-04 |
|      35 |         825 |       00:14:01 |       98.44% |       95.96% |       0.0862 |       0.2023 |      1.0000e-04 |
|      35 |         830 |       00:14:07 |      100.00% |       95.96% |       0.0117 |       0.1925 |      1.0000e-04 |
|      35 |         835 |       00:14:13 |       98.44% |       94.44% |       0.0771 |       0.1706 |      1.0000e-04 |
|      35 |         840 |       00:14:18 |       96.88% |       95.96% |       0.0578 |       0.1295 |      1.0000e-04 |
|      36 |         845 |       00:14:23 |       98.44% |       95.45% |       0.0260 |       0.1116 |      1.0000e-04 |
|      36 |         850 |       00:14:29 |       96.88% |       96.97% |       0.0912 |       0.1210 |      1.0000e-04 |
|      36 |         855 |       00:14:34 |       98.44% |       94.95% |       0.0445 |       0.2275 |      1.0000e-04 |
|      36 |         860 |       00:14:39 |       95.31% |       98.48% |       0.1259 |       0.1135 |      1.0000e-04 |
|      37 |         865 |       00:14:45 |      100.00% |       97.47% |       0.0177 |       0.0883 |      1.0000e-04 |
|      37 |         870 |       00:14:50 |       98.44% |       98.48% |       0.0591 |       0.0813 |      1.0000e-04 |
|      37 |         875 |       00:14:56 |      100.00% |       96.46% |       0.0160 |       0.1426 |      1.0000e-04 |
|      37 |         880 |       00:15:01 |      100.00% |       95.45% |       0.0029 |       0.1300 |      1.0000e-04 |
|      37 |         885 |       00:15:07 |      100.00% |       97.47% |       0.0006 |       0.0720 |      1.0000e-04 |
|      38 |         890 |       00:15:12 |      100.00% |       95.45% |       0.0036 |       0.0981 |      1.0000e-04 |
|      38 |         895 |       00:15:18 |      100.00% |       96.46% |       0.0111 |       0.1108 |      1.0000e-04 |
|      38 |         900 |       00:15:23 |      100.00% |       95.96% |       0.0195 |       0.1324 |      1.0000e-04 |
|      38 |         905 |       00:15:29 |       98.44% |       95.96% |       0.0294 |       0.1137 |      1.0000e-04 |
|      38 |         910 |       00:15:34 |      100.00% |       96.97% |       0.0033 |       0.1126 |      1.0000e-04 |
|      39 |         915 |       00:15:39 |      100.00% |       97.98% |       0.0152 |       0.1256 |      1.0000e-04 |
|      39 |         920 |       00:15:45 |      100.00% |       96.46% |       0.0161 |       0.1777 |      1.0000e-04 |
|      39 |         925 |       00:15:51 |       98.44% |       97.98% |       0.0224 |       0.1337 |      1.0000e-04 |
|      39 |         930 |       00:15:56 |       95.31% |       94.95% |       0.0788 |       0.1936 |      1.0000e-04 |
|      39 |         935 |       00:16:01 |      100.00% |       97.47% |       0.0080 |       0.1081 |      1.0000e-04 |
|      40 |         940 |       00:16:07 |       98.44% |       96.97% |       0.0206 |       0.1254 |      1.0000e-04 |
|      40 |         945 |       00:16:12 |       96.88% |       96.97% |       0.0803 |       0.1440 |      1.0000e-04 |
|      40 |         950 |       00:16:17 |       93.75% |       95.45% |       0.2479 |       0.1795 |      1.0000e-04 |
|      40 |         955 |       00:16:23 |      100.00% |       95.96% |       0.0138 |       0.1539 |      1.0000e-04 |
|      40 |         960 |       00:16:28 |       98.44% |       96.97% |       0.0561 |       0.1023 |      1.0000e-04 |
|      41 |         965 |       00:16:34 |       98.44% |       96.97% |       0.0258 |       0.1263 |      1.0000e-04 |
|      41 |         970 |       00:16:39 |      100.00% |       97.47% |       0.0258 |       0.1350 |      1.0000e-04 |
|      41 |         975 |       00:16:45 |      100.00% |       96.46% |       0.0029 |       0.1006 |      1.0000e-04 |
|      41 |         980 |       00:16:51 |       98.44% |       96.97% |       0.0320 |       0.1110 |      1.0000e-04 |
|      42 |         985 |       00:16:56 |      100.00% |       97.98% |       0.0074 |       0.1239 |      1.0000e-04 |
|      42 |         990 |       00:17:01 |      100.00% |       97.98% |       0.0059 |       0.0722 |      1.0000e-04 |
|      42 |         995 |       00:17:07 |      100.00% |       96.97% |       0.0124 |       0.1535 |      1.0000e-04 |
|      42 |        1000 |       00:17:13 |       98.44% |       96.46% |       0.0887 |       0.1521 |      1.0000e-04 |
|      42 |        1005 |       00:17:19 |       98.44% |       97.98% |       0.0596 |       0.1368 |      1.0000e-04 |
|      43 |        1010 |       00:17:24 |       98.44% |       97.47% |       0.0353 |       0.1082 |      1.0000e-04 |
|      43 |        1015 |       00:17:29 |      100.00% |       97.98% |       0.0119 |       0.0761 |      1.0000e-04 |
|      43 |        1020 |       00:17:35 |      100.00% |       97.98% |       0.0054 |       0.1148 |      1.0000e-04 |
|      43 |        1025 |       00:17:40 |       98.44% |       96.97% |       0.0290 |       0.0841 |      1.0000e-04 |
|      43 |        1030 |       00:17:46 |      100.00% |       94.95% |       0.0151 |       0.1694 |      1.0000e-04 |
|      44 |        1035 |       00:17:51 |       98.44% |       97.47% |       0.0491 |       0.1097 |      1.0000e-04 |
|      44 |        1040 |       00:17:57 |       96.88% |       96.46% |       0.0978 |       0.1159 |      1.0000e-04 |
|      44 |        1045 |       00:18:03 |       98.44% |       98.48% |       0.0737 |       0.0854 |      1.0000e-04 |
|      44 |        1050 |       00:18:08 |       98.44% |       97.98% |       0.0329 |       0.0798 |      1.0000e-04 |
|      44 |        1055 |       00:18:14 |      100.00% |       95.96% |       0.0185 |       0.1967 |      1.0000e-04 |
|      45 |        1060 |       00:18:19 |       98.44% |       96.97% |       0.0223 |       0.1318 |      1.0000e-04 |
|      45 |        1065 |       00:18:25 |      100.00% |       95.96% |       0.0019 |       0.1188 |      1.0000e-04 |
|      45 |        1070 |       00:18:30 |       96.88% |       95.96% |       0.0995 |       0.1767 |      1.0000e-04 |
|      45 |        1075 |       00:18:36 |       98.44% |       95.96% |       0.0264 |       0.1741 |      1.0000e-04 |
|      45 |        1080 |       00:18:41 |       95.31% |       96.97% |       0.1412 |       0.1611 |      1.0000e-04 |
|      46 |        1085 |       00:18:46 |       98.44% |       97.98% |       0.0173 |       0.1122 |      1.0000e-04 |
|      46 |        1090 |       00:18:52 |      100.00% |       98.48% |       0.0051 |       0.0863 |      1.0000e-04 |
|      46 |        1095 |       00:18:57 |      100.00% |       96.97% |       0.0014 |       0.1215 |      1.0000e-04 |
|      46 |        1100 |       00:19:03 |      100.00% |       98.99% |       0.0013 |       0.1006 |      1.0000e-04 |
|      47 |        1105 |       00:19:08 |       98.44% |       98.99% |       0.2508 |       0.0682 |      1.0000e-04 |
|      47 |        1110 |       00:19:14 |      100.00% |       98.48% |       0.0113 |       0.0704 |      1.0000e-04 |
|      47 |        1115 |       00:19:19 |       98.44% |       96.97% |       0.0305 |       0.0780 |      1.0000e-04 |
|      47 |        1120 |       00:19:25 |       98.44% |       96.46% |       0.0155 |       0.0945 |      1.0000e-04 |
|      47 |        1125 |       00:19:30 |       98.44% |       96.46% |       0.0450 |       0.1205 |      1.0000e-04 |
|      48 |        1130 |       00:19:35 |      100.00% |       96.97% |       0.0075 |       0.1222 |      1.0000e-04 |
|      48 |        1135 |       00:19:41 |       98.44% |       98.48% |       0.0225 |       0.0536 |      1.0000e-04 |
|      48 |        1140 |       00:19:46 |      100.00% |       97.47% |       0.0006 |       0.1505 |      1.0000e-04 |
|      48 |        1145 |       00:19:52 |       98.44% |       97.98% |       0.0136 |       0.1172 |      1.0000e-04 |
|      48 |        1150 |       00:19:57 |      100.00% |       97.47% |       0.0024 |       0.1499 |      1.0000e-04 |
|      49 |        1155 |       00:20:02 |       95.31% |       97.47% |       0.1062 |       0.1691 |      1.0000e-04 |
|      49 |        1160 |       00:20:07 |      100.00% |       97.98% |       0.0061 |       0.0857 |      1.0000e-04 |
|      49 |        1165 |       00:20:13 |      100.00% |       95.45% |       0.0121 |       0.1672 |      1.0000e-04 |
|      49 |        1170 |       00:20:18 |      100.00% |       95.45% |       0.0047 |       0.1204 |      1.0000e-04 |
|      49 |        1175 |       00:20:24 |      100.00% |       96.46% |       0.0112 |       0.1137 |      1.0000e-04 |
|      50 |        1180 |       00:20:29 |       98.44% |       94.44% |       0.0433 |       0.1774 |      1.0000e-04 |
|      50 |        1185 |       00:20:35 |       92.19% |       97.98% |       0.2216 |       0.1092 |      1.0000e-04 |
|      50 |        1190 |       00:20:40 |       96.88% |       96.97% |       0.0916 |       0.1209 |      1.0000e-04 |
|      50 |        1195 |       00:20:46 |      100.00% |       97.98% |       0.0281 |       0.1132 |      1.0000e-04 |
|      50 |        1200 |       00:20:52 |       98.44% |       97.47% |       0.0904 |       0.0894 |      1.0000e-04 |
|======================================================================================================================|
Predicting accuracy for Test Set 
The accuracy of the test set is 95.454545 
The specificity of the test set is 95.060230 
The sensitivity of the test set is 93.469864 
