Loading Data 
Training on single GPU.
Initializing input data normalization.
|======================================================================================================================|
|  Epoch  |  Iteration  |  Time Elapsed  |  Mini-batch  |  Validation  |  Mini-batch  |  Validation  |  Base Learning  |
|         |             |   (hh:mm:ss)   |   Accuracy   |   Accuracy   |     Loss     |     Loss     |      Rate       |
|======================================================================================================================|
|       1 |           1 |       00:00:02 |       15.62% |       14.29% |       3.3041 |       3.1343 |      1.0000e-04 |
|       3 |           5 |       00:00:07 |       34.38% |       38.10% |       1.9998 |       2.0458 |      1.0000e-04 |
|       5 |          10 |       00:00:12 |       54.69% |       61.90% |       1.2856 |       1.2176 |      1.0000e-04 |
|       8 |          15 |       00:00:17 |       79.69% |       66.67% |       0.6705 |       0.7519 |      1.0000e-04 |
|      10 |          20 |       00:00:22 |       87.50% |       71.43% |       0.3528 |       0.6558 |      1.0000e-04 |
|      13 |          25 |       00:00:27 |       96.88% |       66.67% |       0.1871 |       0.7027 |      1.0000e-04 |
|      15 |          30 |       00:00:31 |       96.88% |       76.19% |       0.1955 |       0.8260 |      1.0000e-04 |
|      18 |          35 |       00:00:36 |       98.44% |       80.95% |       0.0801 |       0.4410 |      1.0000e-04 |
|      20 |          40 |       00:00:41 |       98.44% |       90.48% |       0.1049 |       0.2429 |      1.0000e-04 |
|      23 |          45 |       00:00:46 |      100.00% |       85.71% |       0.0415 |       0.3601 |      1.0000e-04 |
|      25 |          50 |       00:00:51 |       96.88% |       90.48% |       0.0933 |       0.2364 |      1.0000e-04 |
|      28 |          55 |       00:00:56 |      100.00% |       90.48% |       0.0488 |       0.4012 |      1.0000e-04 |
|      30 |          60 |       00:01:01 |      100.00% |       95.24% |       0.0395 |       0.2616 |      1.0000e-04 |
|      33 |          65 |       00:01:06 |      100.00% |       95.24% |       0.0329 |       0.1927 |      1.0000e-04 |
|      35 |          70 |       00:01:11 |      100.00% |       80.95% |       0.0258 |       0.3855 |      1.0000e-04 |
|      38 |          75 |       00:01:16 |      100.00% |       76.19% |       0.0234 |       0.4739 |      1.0000e-04 |
|      40 |          80 |       00:01:21 |      100.00% |       85.71% |       0.0369 |       0.4368 |      1.0000e-04 |
|      43 |          85 |       00:01:26 |      100.00% |       85.71% |       0.0201 |       0.2733 |      1.0000e-04 |
|      45 |          90 |       00:01:31 |      100.00% |       90.48% |       0.0175 |       0.3194 |      1.0000e-04 |
|      48 |          95 |       00:01:36 |      100.00% |       95.24% |       0.0128 |       0.1462 |      1.0000e-04 |
|      50 |         100 |       00:01:41 |      100.00% |       85.71% |       0.0137 |       0.3063 |      1.0000e-04 |
|      53 |         105 |       00:01:46 |      100.00% |       90.48% |       0.0107 |       0.2504 |      1.0000e-04 |
|      55 |         110 |       00:01:51 |      100.00% |       95.24% |       0.0118 |       0.2092 |      1.0000e-04 |
|      58 |         115 |       00:01:56 |      100.00% |       95.24% |       0.0138 |       0.2078 |      1.0000e-04 |
|      60 |         120 |       00:02:01 |      100.00% |       85.71% |       0.0084 |       0.3044 |      1.0000e-04 |
|      63 |         125 |       00:02:06 |      100.00% |       95.24% |       0.0119 |       0.1134 |      1.0000e-04 |
|      65 |         130 |       00:02:11 |      100.00% |       95.24% |       0.0076 |       0.1865 |      1.0000e-04 |
|      68 |         135 |       00:02:16 |      100.00% |       80.95% |       0.0071 |       0.3114 |      1.0000e-04 |
|      70 |         140 |       00:02:21 |      100.00% |       90.48% |       0.0097 |       0.2006 |      1.0000e-04 |
|      73 |         145 |       00:02:26 |      100.00% |       95.24% |       0.0061 |       0.1754 |      1.0000e-04 |
|      75 |         150 |       00:02:30 |      100.00% |       95.24% |       0.0079 |       0.3130 |      1.0000e-04 |
|      78 |         155 |       00:02:36 |      100.00% |       85.71% |       0.0065 |       0.2595 |      1.0000e-04 |
|      80 |         160 |       00:02:40 |      100.00% |       85.71% |       0.0063 |       0.2538 |      1.0000e-04 |
|      83 |         165 |       00:02:46 |      100.00% |       95.24% |       0.0054 |       0.1329 |      1.0000e-04 |
|      85 |         170 |       00:02:50 |      100.00% |      100.00% |       0.0096 |       0.0957 |      1.0000e-04 |
|      88 |         175 |       00:02:56 |      100.00% |       80.95% |       0.0032 |       0.2503 |      1.0000e-04 |
|      90 |         180 |       00:03:00 |      100.00% |       90.48% |       0.0041 |       0.1843 |      1.0000e-04 |
|      93 |         185 |       00:03:05 |      100.00% |       80.95% |       0.0079 |       0.3346 |      1.0000e-04 |
|      95 |         190 |       00:03:10 |      100.00% |       90.48% |       0.0063 |       0.2515 |      1.0000e-04 |
|      98 |         195 |       00:03:15 |      100.00% |       95.24% |       0.0029 |       0.2368 |      1.0000e-04 |
|     100 |         200 |       00:03:20 |      100.00% |       85.71% |       0.0054 |       0.2283 |      1.0000e-04 |
|======================================================================================================================|
Predicting accuracy for Test Set 
The accuracy of the test set is 91.304348 
The specificity of the test set is NaN 
The sensitivity of the test set is 77.777778 
