Loading Data 
Training on single GPU.
Initializing input data normalization.
|======================================================================================================================|
|  Epoch  |  Iteration  |  Time Elapsed  |  Mini-batch  |  Validation  |  Mini-batch  |  Validation  |  Base Learning  |
|         |             |   (hh:mm:ss)   |   Accuracy   |   Accuracy   |     Loss     |     Loss     |      Rate       |
|======================================================================================================================|
|       1 |           1 |       00:00:02 |       18.75% |       14.29% |       3.1197 |       3.1025 |      1.0000e-04 |
|       1 |           5 |       00:00:05 |       37.50% |       47.62% |       1.5665 |       1.4006 |      1.0000e-04 |
|       1 |          10 |       00:00:09 |       43.75% |       42.86% |       1.5107 |       1.2911 |      1.0000e-04 |
|       2 |          15 |       00:00:13 |       25.00% |       61.90% |       1.5892 |       0.9600 |      1.0000e-04 |
|       2 |          20 |       00:00:16 |       62.50% |       47.62% |       1.0338 |       1.9188 |      1.0000e-04 |
|       3 |          25 |       00:00:20 |       62.50% |       57.14% |       0.8809 |       0.9852 |      1.0000e-04 |
|       3 |          30 |       00:00:24 |       62.50% |       52.38% |       1.0377 |       0.8485 |      1.0000e-04 |
|       4 |          35 |       00:00:28 |       62.50% |       71.43% |       0.6815 |       0.6236 |      1.0000e-04 |
|       4 |          40 |       00:00:32 |       75.00% |       85.71% |       0.8016 |       0.4046 |      1.0000e-04 |
|       5 |          45 |       00:00:35 |       81.25% |       76.19% |       0.3883 |       0.8728 |      1.0000e-04 |
|       5 |          50 |       00:00:39 |       75.00% |       80.95% |       0.6503 |       0.5779 |      1.0000e-04 |
|       6 |          55 |       00:00:43 |       68.75% |       71.43% |       0.6230 |       1.0973 |      1.0000e-04 |
|       6 |          60 |       00:00:47 |       81.25% |       76.19% |       0.4066 |       0.8472 |      1.0000e-04 |
|       7 |          65 |       00:00:50 |       81.25% |       76.19% |       0.8447 |       0.8262 |      1.0000e-04 |
|       7 |          70 |       00:00:54 |       81.25% |       95.24% |       0.5162 |       0.2474 |      1.0000e-04 |
|       8 |          75 |       00:00:58 |       75.00% |       71.43% |       0.7527 |       0.8266 |      1.0000e-04 |
|       8 |          80 |       00:01:01 |       62.50% |       80.95% |       1.1708 |       0.5057 |      1.0000e-04 |
|       9 |          85 |       00:01:05 |       62.50% |       80.95% |       1.3518 |       0.3154 |      1.0000e-04 |
|       9 |          90 |       00:01:09 |       93.75% |       76.19% |       0.2106 |       0.6392 |      1.0000e-04 |
|      10 |          95 |       00:01:12 |       75.00% |       85.71% |       0.5349 |       0.3497 |      1.0000e-04 |
|      10 |         100 |       00:01:16 |       87.50% |       66.67% |       0.3904 |       0.8237 |      1.0000e-04 |
|      11 |         105 |       00:01:20 |       87.50% |       61.90% |       0.4025 |       1.2863 |      1.0000e-04 |
|      11 |         110 |       00:01:23 |       81.25% |       71.43% |       0.2675 |       0.5911 |      1.0000e-04 |
|      12 |         115 |       00:01:27 |       75.00% |       71.43% |       0.5530 |       0.5216 |      1.0000e-04 |
|      12 |         120 |       00:01:30 |      100.00% |       85.71% |       0.0737 |       0.3691 |      1.0000e-04 |
|      13 |         125 |       00:01:34 |       93.75% |       85.71% |       0.4690 |       0.9115 |      1.0000e-04 |
|      13 |         130 |       00:01:38 |      100.00% |       80.95% |       0.0699 |       0.9270 |      1.0000e-04 |
|      14 |         135 |       00:01:41 |       81.25% |       90.48% |       0.4999 |       0.3506 |      1.0000e-04 |
|      14 |         140 |       00:01:45 |      100.00% |       76.19% |       0.0114 |       0.4011 |      1.0000e-04 |
|      15 |         145 |       00:01:49 |       81.25% |       90.48% |       0.5342 |       0.1702 |      1.0000e-04 |
|      15 |         150 |       00:01:52 |      100.00% |       95.24% |       0.0045 |       0.3333 |      1.0000e-04 |
|      16 |         155 |       00:01:56 |       93.75% |       76.19% |       0.1720 |       0.9392 |      1.0000e-04 |
|      16 |         160 |       00:01:59 |       93.75% |       90.48% |       0.1142 |       0.2056 |      1.0000e-04 |
|      17 |         165 |       00:02:03 |      100.00% |       95.24% |       0.0118 |       0.3806 |      1.0000e-04 |
|      17 |         170 |       00:02:07 |      100.00% |       85.71% |       0.0120 |       0.4705 |      1.0000e-04 |
|      18 |         175 |       00:02:11 |       93.75% |       85.71% |       0.1139 |       1.2332 |      1.0000e-04 |
|      18 |         180 |       00:02:14 |      100.00% |       76.19% |       0.0016 |       1.4351 |      1.0000e-04 |
|      19 |         185 |       00:02:18 |      100.00% |       80.95% |       0.0451 |       0.9783 |      1.0000e-04 |
|      19 |         190 |       00:02:22 |       62.50% |       76.19% |       2.5554 |       1.3244 |      1.0000e-04 |
|      20 |         195 |       00:02:25 |       62.50% |       66.67% |       1.2023 |       1.1148 |      1.0000e-04 |
|      20 |         200 |       00:02:29 |       87.50% |       71.43% |       0.4423 |       0.8487 |      1.0000e-04 |
|      21 |         205 |       00:02:33 |       81.25% |       80.95% |       0.5098 |       1.0063 |      1.0000e-04 |
|      21 |         210 |       00:02:36 |       93.75% |       66.67% |       0.3528 |       0.4902 |      1.0000e-04 |
|      22 |         215 |       00:02:40 |       93.75% |       80.95% |       0.2303 |       0.7523 |      1.0000e-04 |
|      22 |         220 |       00:02:44 |      100.00% |       71.43% |       0.0610 |       1.0289 |      1.0000e-04 |
|      23 |         225 |       00:02:48 |       87.50% |       76.19% |       0.2363 |       0.3227 |      1.0000e-04 |
|      23 |         230 |       00:02:52 |      100.00% |       57.14% |       0.0683 |       1.6105 |      1.0000e-04 |
|      24 |         235 |       00:02:55 |       81.25% |       90.48% |       0.3150 |       0.2840 |      1.0000e-04 |
|      24 |         240 |       00:02:59 |       93.75% |       90.48% |       0.2367 |       0.4003 |      1.0000e-04 |
|      25 |         245 |       00:03:03 |       81.25% |       90.48% |       0.6115 |       0.4382 |      1.0000e-04 |
|      25 |         250 |       00:03:06 |       50.00% |       90.48% |       1.1125 |       0.1933 |      1.0000e-04 |
|      26 |         255 |       00:03:10 |       87.50% |       66.67% |       0.2360 |       1.1130 |      1.0000e-04 |
|      26 |         260 |       00:03:13 |       87.50% |       80.95% |       0.4264 |       0.8264 |      1.0000e-04 |
|      27 |         265 |       00:03:17 |      100.00% |       80.95% |       0.0480 |       0.5833 |      1.0000e-04 |
|      27 |         270 |       00:03:21 |      100.00% |       80.95% |       0.0527 |       0.4256 |      1.0000e-04 |
|      28 |         275 |       00:03:24 |      100.00% |       85.71% |       0.0903 |       0.3335 |      1.0000e-04 |
|      28 |         280 |       00:03:28 |       93.75% |       76.19% |       0.2125 |       0.4920 |      1.0000e-04 |
|      29 |         285 |       00:03:32 |       87.50% |       85.71% |       0.3271 |       0.5025 |      1.0000e-04 |
|      29 |         290 |       00:03:35 |       93.75% |       71.43% |       0.1070 |       0.7386 |      1.0000e-04 |
|      30 |         295 |       00:03:39 |       93.75% |       80.95% |       0.1773 |       0.8367 |      1.0000e-04 |
|      30 |         300 |       00:03:42 |       87.50% |       80.95% |       0.3421 |       0.6644 |      1.0000e-04 |
|      31 |         305 |       00:03:46 |       93.75% |       95.24% |       0.2621 |       0.3043 |      1.0000e-04 |
|      31 |         310 |       00:03:50 |      100.00% |       90.48% |       0.0108 |       0.7439 |      1.0000e-04 |
|      32 |         315 |       00:03:53 |      100.00% |       76.19% |       0.0392 |       1.1048 |      1.0000e-04 |
|      32 |         320 |       00:03:57 |      100.00% |       71.43% |       0.0012 |       1.0300 |      1.0000e-04 |
|      33 |         325 |       00:04:01 |      100.00% |       90.48% |       0.0144 |       0.4230 |      1.0000e-04 |
|      33 |         330 |       00:04:04 |      100.00% |       85.71% |       0.0022 |       0.9921 |      1.0000e-04 |
|      34 |         335 |       00:04:08 |      100.00% |       71.43% |       0.0246 |       1.3488 |      1.0000e-04 |
|      34 |         340 |       00:04:12 |      100.00% |       80.95% |       0.0072 |       0.9416 |      1.0000e-04 |
|      35 |         345 |       00:04:15 |      100.00% |       90.48% |       0.0010 |       0.6534 |      1.0000e-04 |
|      35 |         350 |       00:04:19 |      100.00% |       80.95% |   6.8164e-05 |       0.7869 |      1.0000e-04 |
|      36 |         355 |       00:04:23 |      100.00% |       95.24% |       0.0145 |       0.5541 |      1.0000e-04 |
|      36 |         360 |       00:04:26 |      100.00% |       71.43% |   1.5118e-05 |       1.5293 |      1.0000e-04 |
|      37 |         365 |       00:04:30 |       93.75% |       95.24% |       0.2206 |       0.0773 |      1.0000e-04 |
|      37 |         370 |       00:04:34 |      100.00% |       71.43% |       0.0255 |       3.1345 |      1.0000e-04 |
|      38 |         375 |       00:04:37 |       93.75% |       85.71% |       0.5348 |       0.9365 |      1.0000e-04 |
|      38 |         380 |       00:04:41 |      100.00% |       80.95% |       0.0565 |       0.9072 |      1.0000e-04 |
|      39 |         385 |       00:04:44 |       93.75% |       80.95% |       0.2531 |       0.6961 |      1.0000e-04 |
|      39 |         390 |       00:04:48 |       93.75% |       90.48% |       0.1033 |       0.3732 |      1.0000e-04 |
|      40 |         395 |       00:04:52 |       81.25% |       90.48% |       0.2916 |       0.6750 |      1.0000e-04 |
|      40 |         400 |       00:04:55 |       93.75% |       95.24% |       0.2155 |       0.1568 |      1.0000e-04 |
|      41 |         405 |       00:04:59 |       93.75% |       95.24% |       0.1513 |       0.5068 |      1.0000e-04 |
|      41 |         410 |       00:05:03 |      100.00% |       85.71% |       0.0026 |       0.5496 |      1.0000e-04 |
|      42 |         415 |       00:05:06 |      100.00% |       85.71% |       0.0198 |       0.6153 |      1.0000e-04 |
|      42 |         420 |       00:05:10 |      100.00% |       80.95% |       0.0048 |       1.3824 |      1.0000e-04 |
|      43 |         425 |       00:05:13 |      100.00% |       90.48% |       0.0186 |       0.1589 |      1.0000e-04 |
|      43 |         430 |       00:05:17 |      100.00% |       66.67% |       0.0002 |       2.2291 |      1.0000e-04 |
|      44 |         435 |       00:05:21 |       87.50% |       90.48% |       0.1818 |       0.4311 |      1.0000e-04 |
|      44 |         440 |       00:05:24 |       75.00% |       90.48% |       0.6259 |       0.1046 |      1.0000e-04 |
|      45 |         445 |       00:05:28 |       87.50% |       71.43% |       0.5040 |       2.4074 |      1.0000e-04 |
|      45 |         450 |       00:05:32 |       93.75% |       80.95% |       0.3031 |       0.8365 |      1.0000e-04 |
|      46 |         455 |       00:05:35 |      100.00% |       80.95% |       0.0369 |       2.6478 |      1.0000e-04 |
|      46 |         460 |       00:05:39 |      100.00% |       85.71% |       0.0154 |       0.4717 |      1.0000e-04 |
|      47 |         465 |       00:05:43 |       81.25% |       90.48% |       0.4128 |       0.5726 |      1.0000e-04 |
|      47 |         470 |       00:05:46 |      100.00% |       66.67% |       0.0784 |       0.7843 |      1.0000e-04 |
|      48 |         475 |       00:05:50 |       93.75% |       85.71% |       0.1795 |       0.3575 |      1.0000e-04 |
|      48 |         480 |       00:05:54 |      100.00% |       76.19% |       0.0068 |       1.5791 |      1.0000e-04 |
|      49 |         485 |       00:05:57 |      100.00% |       80.95% |       0.0407 |       0.3488 |      1.0000e-04 |
|      49 |         490 |       00:06:01 |      100.00% |       90.48% |       0.0056 |       0.2421 |      1.0000e-04 |
|      50 |         495 |       00:06:05 |      100.00% |       95.24% |       0.0333 |       0.0762 |      1.0000e-04 |
|      50 |         500 |       00:06:08 |       87.50% |       85.71% |       0.2031 |       1.0043 |      1.0000e-04 |
|      51 |         505 |       00:06:12 |       93.75% |       85.71% |       0.0692 |       1.1441 |      1.0000e-04 |
|      51 |         510 |       00:06:16 |      100.00% |       90.48% |       0.0018 |       0.4005 |      1.0000e-04 |
|      52 |         515 |       00:06:20 |      100.00% |       95.24% |       0.0660 |       0.2085 |      1.0000e-04 |
|      52 |         520 |       00:06:23 |       93.75% |       80.95% |       0.3208 |       0.5877 |      1.0000e-04 |
|      53 |         525 |       00:06:27 |       93.75% |       95.24% |       0.2326 |       0.2635 |      1.0000e-04 |
|      53 |         530 |       00:06:31 |      100.00% |       85.71% |       0.0251 |       0.6278 |      1.0000e-04 |
|      54 |         535 |       00:06:34 |       93.75% |       71.43% |       0.1914 |       1.3297 |      1.0000e-04 |
|      54 |         540 |       00:06:38 |       62.50% |       90.48% |       2.0516 |       0.4274 |      1.0000e-04 |
|      55 |         545 |       00:06:42 |       81.25% |       66.67% |       0.1610 |       1.0697 |      1.0000e-04 |
|      55 |         550 |       00:06:45 |       87.50% |       71.43% |       0.1841 |       0.9173 |      1.0000e-04 |
|      56 |         555 |       00:06:49 |       93.75% |       90.48% |       0.3290 |       0.4553 |      1.0000e-04 |
|      56 |         560 |       00:06:53 |       87.50% |       76.19% |       0.2338 |       1.1994 |      1.0000e-04 |
|      57 |         565 |       00:06:57 |      100.00% |       76.19% |       0.0376 |       0.7972 |      1.0000e-04 |
|      57 |         570 |       00:07:00 |      100.00% |       90.48% |       0.0117 |       0.2757 |      1.0000e-04 |
|      58 |         575 |       00:07:04 |       93.75% |       80.95% |       0.1265 |       0.6490 |      1.0000e-04 |
|      58 |         580 |       00:07:07 |      100.00% |       80.95% |       0.0095 |       0.6013 |      1.0000e-04 |
|      59 |         585 |       00:07:11 |      100.00% |       90.48% |       0.0052 |       0.3456 |      1.0000e-04 |
|      59 |         590 |       00:07:15 |      100.00% |       90.48% |       0.0013 |       0.2841 |      1.0000e-04 |
|      60 |         595 |       00:07:19 |      100.00% |       90.48% |       0.0013 |       0.2149 |      1.0000e-04 |
|      60 |         600 |       00:07:22 |      100.00% |       90.48% |       0.0110 |       0.1431 |      1.0000e-04 |
|      61 |         605 |       00:07:26 |      100.00% |       85.71% |       0.0063 |       0.9156 |      1.0000e-04 |
|      61 |         610 |       00:07:30 |      100.00% |       71.43% |       0.0002 |       1.4372 |      1.0000e-04 |
|      62 |         615 |       00:07:33 |      100.00% |       90.48% |       0.0011 |       0.3313 |      1.0000e-04 |
|      62 |         620 |       00:07:37 |       93.75% |       85.71% |       0.0912 |       0.4437 |      1.0000e-04 |
|      63 |         625 |       00:07:41 |      100.00% |       95.24% |       0.0005 |       0.0815 |      1.0000e-04 |
|      63 |         630 |       00:07:45 |      100.00% |       90.48% |       0.0010 |       0.2249 |      1.0000e-04 |
|      64 |         635 |       00:07:48 |      100.00% |       80.95% |       0.0028 |       0.8545 |      1.0000e-04 |
|      64 |         640 |       00:07:52 |       93.75% |       90.48% |       0.0767 |       0.7928 |      1.0000e-04 |
|      65 |         645 |       00:07:56 |      100.00% |       90.48% |       0.0006 |       0.7037 |      1.0000e-04 |
|      65 |         650 |       00:08:00 |      100.00% |       95.24% |       0.0050 |       0.4023 |      1.0000e-04 |
|      66 |         655 |       00:08:03 |      100.00% |       90.48% |       0.0067 |       0.4223 |      1.0000e-04 |
|      66 |         660 |       00:08:07 |      100.00% |       95.24% |       0.0002 |       0.4690 |      1.0000e-04 |
|      67 |         665 |       00:08:11 |      100.00% |       90.48% |   6.4278e-05 |       0.2335 |      1.0000e-04 |
|      67 |         670 |       00:08:14 |      100.00% |       95.24% |   3.0851e-05 |       0.3831 |      1.0000e-04 |
|      68 |         675 |       00:08:18 |      100.00% |       90.48% |   6.7988e-05 |       0.1554 |      1.0000e-04 |
|      68 |         680 |       00:08:22 |      100.00% |       95.24% |       0.0001 |       0.0695 |      1.0000e-04 |
|      69 |         685 |       00:08:25 |      100.00% |       95.24% |       0.0001 |       0.1972 |      1.0000e-04 |
|      69 |         690 |       00:08:29 |      100.00% |       90.48% |       0.0002 |       0.3567 |      1.0000e-04 |
|      70 |         695 |       00:08:33 |      100.00% |       85.71% |       0.0025 |       0.7032 |      1.0000e-04 |
|      70 |         700 |       00:08:36 |      100.00% |       85.71% |   5.6582e-05 |       0.6814 |      1.0000e-04 |
|      71 |         705 |       00:08:40 |       93.75% |       85.71% |       0.0542 |       0.9871 |      1.0000e-04 |
|      71 |         710 |       00:08:44 |      100.00% |       80.95% |   5.0813e-05 |       1.2402 |      1.0000e-04 |
|      72 |         715 |       00:08:48 |      100.00% |       76.19% |   7.6918e-05 |       1.1809 |      1.0000e-04 |
|      72 |         720 |       00:08:51 |      100.00% |       80.95% |       0.0007 |       0.8227 |      1.0000e-04 |
|      73 |         725 |       00:08:55 |      100.00% |       76.19% |       0.0046 |       1.5678 |      1.0000e-04 |
|      73 |         730 |       00:08:59 |      100.00% |       85.71% |       0.0004 |       0.8594 |      1.0000e-04 |
|      74 |         735 |       00:09:02 |       87.50% |       85.71% |       0.2987 |       0.3955 |      1.0000e-04 |
|      74 |         740 |       00:09:06 |      100.00% |       90.48% |       0.0195 |       0.3124 |      1.0000e-04 |
|      75 |         745 |       00:09:09 |      100.00% |       85.71% |       0.0864 |       0.4452 |      1.0000e-04 |
|      75 |         750 |       00:09:13 |      100.00% |       85.71% |       0.0246 |       0.6461 |      1.0000e-04 |
|      76 |         755 |       00:09:17 |      100.00% |       90.48% |       0.0134 |       0.6402 |      1.0000e-04 |
|      76 |         760 |       00:09:20 |      100.00% |       90.48% |       0.0190 |       0.3285 |      1.0000e-04 |
|      77 |         765 |       00:09:24 |      100.00% |       95.24% |       0.0046 |       0.1184 |      1.0000e-04 |
|      77 |         770 |       00:09:28 |      100.00% |       80.95% |       0.0021 |       1.5392 |      1.0000e-04 |
|      78 |         775 |       00:09:32 |      100.00% |       90.48% |       0.0026 |       0.4181 |      1.0000e-04 |
|      78 |         780 |       00:09:35 |      100.00% |       85.71% |       0.0005 |       1.1548 |      1.0000e-04 |
|      79 |         785 |       00:09:39 |       87.50% |       76.19% |       0.2700 |       1.0356 |      1.0000e-04 |
|      79 |         790 |       00:09:43 |       93.75% |       95.24% |       0.1892 |       0.1300 |      1.0000e-04 |
|      80 |         795 |       00:09:47 |      100.00% |       90.48% |       0.0037 |       0.1803 |      1.0000e-04 |
|      80 |         800 |       00:09:50 |      100.00% |       85.71% |       0.0006 |       0.5373 |      1.0000e-04 |
|      81 |         805 |       00:09:54 |      100.00% |       76.19% |       0.0124 |       2.1867 |      1.0000e-04 |
|      81 |         810 |       00:09:58 |      100.00% |       85.71% |       0.0006 |       0.4492 |      1.0000e-04 |
|      82 |         815 |       00:10:01 |      100.00% |       95.24% |       0.0123 |       0.1469 |      1.0000e-04 |
|      82 |         820 |       00:10:05 |      100.00% |       90.48% |       0.0084 |       0.3989 |      1.0000e-04 |
|      83 |         825 |       00:10:09 |      100.00% |       90.48% |       0.0004 |       0.4552 |      1.0000e-04 |
|      83 |         830 |       00:10:13 |      100.00% |       85.71% |       0.0381 |       1.1588 |      1.0000e-04 |
|      84 |         835 |       00:10:16 |      100.00% |       80.95% |       0.0075 |       1.6124 |      1.0000e-04 |
|      84 |         840 |       00:10:20 |      100.00% |       90.48% |       0.0045 |       1.3195 |      1.0000e-04 |
|      85 |         845 |       00:10:24 |      100.00% |       85.71% |   4.3016e-05 |       0.9035 |      1.0000e-04 |
|      85 |         850 |       00:10:27 |      100.00% |       76.19% |       0.0009 |       1.8616 |      1.0000e-04 |
|      86 |         855 |       00:10:31 |       93.75% |       76.19% |       0.4366 |       0.9262 |      1.0000e-04 |
|      86 |         860 |       00:10:35 |      100.00% |       71.43% |       0.0013 |       1.1391 |      1.0000e-04 |
|      87 |         865 |       00:10:39 |       93.75% |       80.95% |       0.2476 |       1.3054 |      1.0000e-04 |
|      87 |         870 |       00:10:42 |      100.00% |       52.38% |       0.0324 |       3.8850 |      1.0000e-04 |
|      88 |         875 |       00:10:46 |       93.75% |       71.43% |       0.0902 |       0.9055 |      1.0000e-04 |
|      88 |         880 |       00:10:49 |       93.75% |       71.43% |       0.3743 |       3.6125 |      1.0000e-04 |
|      89 |         885 |       00:10:53 |       75.00% |       71.43% |       1.5006 |       1.3734 |      1.0000e-04 |
|      89 |         890 |       00:10:57 |       68.75% |       66.67% |       0.7025 |       0.9524 |      1.0000e-04 |
|      90 |         895 |       00:11:00 |       81.25% |       71.43% |       0.5895 |       0.9286 |      1.0000e-04 |
|      90 |         900 |       00:11:04 |       87.50% |       80.95% |       0.2671 |       0.7508 |      1.0000e-04 |
|      91 |         905 |       00:11:08 |       87.50% |       80.95% |       0.3326 |       0.9995 |      1.0000e-04 |
|      91 |         910 |       00:11:11 |       93.75% |       80.95% |       0.1076 |       0.5037 |      1.0000e-04 |
|      92 |         915 |       00:11:15 |       87.50% |      100.00% |       0.3645 |       0.0838 |      1.0000e-04 |
|      92 |         920 |       00:11:19 |      100.00% |       85.71% |       0.0450 |       0.5356 |      1.0000e-04 |
|      93 |         925 |       00:11:22 |      100.00% |       90.48% |       0.0417 |       0.2725 |      1.0000e-04 |
|      93 |         930 |       00:11:26 |      100.00% |       76.19% |       0.0570 |       0.6648 |      1.0000e-04 |
|      94 |         935 |       00:11:30 |       93.75% |       76.19% |       0.2951 |       1.1016 |      1.0000e-04 |
|      94 |         940 |       00:11:33 |       93.75% |       85.71% |       0.0795 |       0.3038 |      1.0000e-04 |
|      95 |         945 |       00:11:37 |       93.75% |       71.43% |       0.2799 |       1.2900 |      1.0000e-04 |
|      95 |         950 |       00:11:40 |      100.00% |       80.95% |       0.0325 |       0.5586 |      1.0000e-04 |
|      96 |         955 |       00:11:44 |       93.75% |       85.71% |       0.2070 |       0.3496 |      1.0000e-04 |
|      96 |         960 |       00:11:48 |       93.75% |       76.19% |       0.1278 |       0.8215 |      1.0000e-04 |
|      97 |         965 |       00:11:51 |      100.00% |       76.19% |       0.1573 |       2.0010 |      1.0000e-04 |
|      97 |         970 |       00:11:55 |      100.00% |       95.24% |       0.0156 |       0.1543 |      1.0000e-04 |
|      98 |         975 |       00:11:59 |      100.00% |       90.48% |       0.0242 |       0.2287 |      1.0000e-04 |
|      98 |         980 |       00:12:02 |       93.75% |       85.71% |       0.0959 |       0.2807 |      1.0000e-04 |
|      99 |         985 |       00:12:06 |      100.00% |       90.48% |       0.0795 |       0.3403 |      1.0000e-04 |
|      99 |         990 |       00:12:09 |      100.00% |       85.71% |       0.0319 |       0.2547 |      1.0000e-04 |
|     100 |         995 |       00:12:13 |      100.00% |       85.71% |       0.0366 |       0.6896 |      1.0000e-04 |
|     100 |        1000 |       00:12:17 |       93.75% |       80.95% |       0.0520 |       1.0088 |      1.0000e-04 |
|======================================================================================================================|
Predicting accuracy for Test Set 
The accuracy of the test set is 78.260870 
The specificity of the test set is 81.666667 
The sensitivity of the test set is 82.500000 
