Loading Data 
Training on single GPU.
Initializing input data normalization.
|======================================================================================================================|
|  Epoch  |  Iteration  |  Time Elapsed  |  Mini-batch  |  Validation  |  Mini-batch  |  Validation  |  Base Learning  |
|         |             |   (hh:mm:ss)   |   Accuracy   |   Accuracy   |     Loss     |     Loss     |      Rate       |
|======================================================================================================================|
|       1 |           1 |       00:00:03 |       10.94% |       17.68% |       5.2603 |       4.1035 |      1.0000e-04 |
|       1 |           5 |       00:00:06 |       15.62% |       22.22% |       3.1315 |       2.8916 |      1.0000e-04 |
|       1 |          10 |       00:00:09 |       31.25% |       35.86% |       2.4360 |       2.4390 |      1.0000e-04 |
|       1 |          15 |       00:00:12 |       39.06% |       46.46% |       2.3750 |       2.1337 |      1.0000e-04 |
|       1 |          20 |       00:00:15 |       51.56% |       50.00% |       2.1094 |       1.9353 |      1.0000e-04 |
|       2 |          25 |       00:00:18 |       32.81% |       50.00% |       2.2898 |       1.8595 |      1.0000e-04 |
|       2 |          30 |       00:00:21 |       53.12% |       54.04% |       1.9710 |       1.7549 |      1.0000e-04 |
|       2 |          35 |       00:00:25 |       50.00% |       56.06% |       1.9261 |       1.6279 |      1.0000e-04 |
|       2 |          40 |       00:00:28 |       54.69% |       53.54% |       1.6066 |       1.5976 |      1.0000e-04 |
|       2 |          45 |       00:00:31 |       57.81% |       60.10% |       1.4850 |       1.3925 |      1.0000e-04 |
|       3 |          50 |       00:00:34 |       64.06% |       63.64% |       1.4604 |       1.3165 |      1.0000e-04 |
|       3 |          55 |       00:00:37 |       71.88% |       65.66% |       1.1568 |       1.1917 |      1.0000e-04 |
|       3 |          60 |       00:00:40 |       65.62% |       69.19% |       1.2158 |       1.1397 |      1.0000e-04 |
|       3 |          65 |       00:00:43 |       65.62% |       71.72% |       1.3951 |       1.0208 |      1.0000e-04 |
|       3 |          70 |       00:00:46 |       75.00% |       73.74% |       0.9962 |       0.9048 |      1.0000e-04 |
|       4 |          75 |       00:00:49 |       75.00% |       70.71% |       0.7699 |       0.8727 |      1.0000e-04 |
|       4 |          80 |       00:00:52 |       70.31% |       74.75% |       0.9122 |       0.7971 |      1.0000e-04 |
|       4 |          85 |       00:00:55 |       84.38% |       78.28% |       0.5952 |       0.6835 |      1.0000e-04 |
|       4 |          90 |       00:00:58 |       82.81% |       80.81% |       0.4584 |       0.6758 |      1.0000e-04 |
|       4 |          95 |       00:01:01 |       79.69% |       80.81% |       0.5892 |       0.6531 |      1.0000e-04 |
|       5 |         100 |       00:01:04 |       84.38% |       81.82% |       0.6139 |       0.5883 |      1.0000e-04 |
|       5 |         105 |       00:01:07 |       79.69% |       81.31% |       0.6324 |       0.6347 |      1.0000e-04 |
|       5 |         110 |       00:01:10 |       90.62% |       82.83% |       0.3735 |       0.5350 |      1.0000e-04 |
|       5 |         115 |       00:01:14 |       76.56% |       80.30% |       0.7797 |       0.5771 |      1.0000e-04 |
|       5 |         120 |       00:01:17 |       79.69% |       83.84% |       0.6522 |       0.5002 |      1.0000e-04 |
|       6 |         125 |       00:01:20 |       87.50% |       84.85% |       0.6890 |       0.4795 |      1.0000e-04 |
|       6 |         130 |       00:01:23 |       92.19% |       87.37% |       0.3322 |       0.4374 |      1.0000e-04 |
|       6 |         135 |       00:01:26 |       82.81% |       85.86% |       0.7179 |       0.4483 |      1.0000e-04 |
|       6 |         140 |       00:01:30 |       96.88% |       85.86% |       0.1869 |       0.4192 |      1.0000e-04 |
|       7 |         145 |       00:01:33 |       81.25% |       86.87% |       0.6058 |       0.4011 |      1.0000e-04 |
|       7 |         150 |       00:01:36 |       87.50% |       85.35% |       0.4496 |       0.3818 |      1.0000e-04 |
|       7 |         155 |       00:01:39 |       85.94% |       87.88% |       0.4724 |       0.3470 |      1.0000e-04 |
|       7 |         160 |       00:01:42 |       79.69% |       88.89% |       0.5102 |       0.3561 |      1.0000e-04 |
|       7 |         165 |       00:01:45 |       81.25% |       89.90% |       0.6378 |       0.2852 |      1.0000e-04 |
|       8 |         170 |       00:01:48 |       81.25% |       91.41% |       0.5558 |       0.3140 |      1.0000e-04 |
|       8 |         175 |       00:01:51 |       92.19% |       90.91% |       0.2141 |       0.2630 |      1.0000e-04 |
|       8 |         180 |       00:01:55 |       82.81% |       89.90% |       0.4108 |       0.3303 |      1.0000e-04 |
|       8 |         185 |       00:01:58 |       90.62% |       88.38% |       0.3063 |       0.3306 |      1.0000e-04 |
|       8 |         190 |       00:02:01 |       82.81% |       88.38% |       0.4618 |       0.3894 |      1.0000e-04 |
|       9 |         195 |       00:02:04 |       92.19% |       91.41% |       0.2340 |       0.2594 |      1.0000e-04 |
|       9 |         200 |       00:02:07 |       92.19% |       89.90% |       0.2316 |       0.3360 |      1.0000e-04 |
|       9 |         205 |       00:02:10 |       93.75% |       90.91% |       0.2168 |       0.3025 |      1.0000e-04 |
|       9 |         210 |       00:02:13 |       95.31% |       89.90% |       0.1370 |       0.2503 |      1.0000e-04 |
|       9 |         215 |       00:02:16 |       92.19% |       88.38% |       0.2537 |       0.3547 |      1.0000e-04 |
|      10 |         220 |       00:02:19 |       92.19% |       87.88% |       0.2008 |       0.3001 |      1.0000e-04 |
|      10 |         225 |       00:02:23 |       90.62% |       89.39% |       0.2559 |       0.3086 |      1.0000e-04 |
|      10 |         230 |       00:02:26 |       98.44% |       90.91% |       0.1385 |       0.2731 |      1.0000e-04 |
|      10 |         235 |       00:02:30 |       89.06% |       89.39% |       0.3632 |       0.3055 |      1.0000e-04 |
|      10 |         240 |       00:02:33 |       85.94% |       89.90% |       0.5193 |       0.2977 |      1.0000e-04 |
|      11 |         245 |       00:02:36 |       87.50% |       90.91% |       0.3448 |       0.2980 |      1.0000e-04 |
|      11 |         250 |       00:02:39 |       95.31% |       89.90% |       0.1905 |       0.3538 |      1.0000e-04 |
|      11 |         255 |       00:02:43 |       85.94% |       91.41% |       0.4907 |       0.2806 |      1.0000e-04 |
|      11 |         260 |       00:02:46 |       93.75% |       89.90% |       0.1724 |       0.3197 |      1.0000e-04 |
|      12 |         265 |       00:02:51 |       96.88% |       91.41% |       0.1074 |       0.2650 |      1.0000e-04 |
|      12 |         270 |       00:02:54 |       92.19% |       93.43% |       0.3302 |       0.2348 |      1.0000e-04 |
|      12 |         275 |       00:02:58 |       93.75% |       92.42% |       0.4629 |       0.2615 |      1.0000e-04 |
|      12 |         280 |       00:03:02 |       79.69% |       90.40% |       0.4259 |       0.2726 |      1.0000e-04 |
|      12 |         285 |       00:03:07 |       95.31% |       92.93% |       0.3512 |       0.2475 |      1.0000e-04 |
|      13 |         290 |       00:03:11 |       92.19% |       91.41% |       0.2044 |       0.2873 |      1.0000e-04 |
|      13 |         295 |       00:03:15 |       96.88% |       90.40% |       0.1030 |       0.2849 |      1.0000e-04 |
|      13 |         300 |       00:03:19 |       92.19% |       90.91% |       0.2306 |       0.3084 |      1.0000e-04 |
|      13 |         305 |       00:03:23 |       87.50% |       91.41% |       0.3156 |       0.2415 |      1.0000e-04 |
|      13 |         310 |       00:03:28 |       89.06% |       91.92% |       0.2487 |       0.2632 |      1.0000e-04 |
|      14 |         315 |       00:03:32 |       90.62% |       90.91% |       0.2189 |       0.2831 |      1.0000e-04 |
|      14 |         320 |       00:03:36 |       93.75% |       90.40% |       0.1758 |       0.2665 |      1.0000e-04 |
|      14 |         325 |       00:03:40 |       96.88% |       92.42% |       0.1547 |       0.2332 |      1.0000e-04 |
|      14 |         330 |       00:03:45 |       96.88% |       92.42% |       0.1349 |       0.2576 |      1.0000e-04 |
|      14 |         335 |       00:03:49 |       90.62% |       93.43% |       0.2024 |       0.2466 |      1.0000e-04 |
|      15 |         340 |       00:03:54 |       89.06% |       93.43% |       0.1861 |       0.2137 |      1.0000e-04 |
|      15 |         345 |       00:03:58 |       93.75% |       94.44% |       0.2373 |       0.1483 |      1.0000e-04 |
|      15 |         350 |       00:04:02 |       96.88% |       92.93% |       0.0953 |       0.1981 |      1.0000e-04 |
|      15 |         355 |       00:04:06 |       93.75% |       93.94% |       0.2323 |       0.2302 |      1.0000e-04 |
|      15 |         360 |       00:04:11 |       92.19% |       93.43% |       0.1924 |       0.2229 |      1.0000e-04 |
|      16 |         365 |       00:04:15 |       89.06% |       93.43% |       0.2419 |       0.1833 |      1.0000e-04 |
|      16 |         370 |       00:04:19 |       98.44% |       93.43% |       0.1052 |       0.2267 |      1.0000e-04 |
|      16 |         375 |       00:04:23 |       87.50% |       91.41% |       0.4432 |       0.2538 |      1.0000e-04 |
|      16 |         380 |       00:04:28 |       98.44% |       93.43% |       0.0596 |       0.1777 |      1.0000e-04 |
|      17 |         385 |       00:04:31 |       90.62% |       93.94% |       0.1965 |       0.1862 |      1.0000e-04 |
|      17 |         390 |       00:04:35 |       96.88% |       92.42% |       0.1556 |       0.2272 |      1.0000e-04 |
|      17 |         395 |       00:04:39 |       93.75% |       93.43% |       0.2595 |       0.2560 |      1.0000e-04 |
|      17 |         400 |       00:04:43 |       90.62% |       92.93% |       0.3049 |       0.1932 |      1.0000e-04 |
|      17 |         405 |       00:04:47 |       92.19% |       92.93% |       0.2025 |       0.2228 |      1.0000e-04 |
|      18 |         410 |       00:04:51 |       89.06% |       93.43% |       0.3097 |       0.1799 |      1.0000e-04 |
|      18 |         415 |       00:04:55 |       98.44% |       89.90% |       0.1054 |       0.2425 |      1.0000e-04 |
|      18 |         420 |       00:05:00 |       93.75% |       93.94% |       0.1585 |       0.1466 |      1.0000e-04 |
|      18 |         425 |       00:05:04 |       92.19% |       91.92% |       0.2343 |       0.2224 |      1.0000e-04 |
|      18 |         430 |       00:05:09 |       93.75% |       93.43% |       0.0992 |       0.2063 |      1.0000e-04 |
|      19 |         435 |       00:05:12 |       98.44% |       94.44% |       0.0948 |       0.1729 |      1.0000e-04 |
|      19 |         440 |       00:05:16 |       98.44% |       91.92% |       0.0994 |       0.2140 |      1.0000e-04 |
|      19 |         445 |       00:05:19 |       96.88% |       92.42% |       0.0987 |       0.2458 |      1.0000e-04 |
|      19 |         450 |       00:05:22 |       96.88% |       90.91% |       0.1002 |       0.2690 |      1.0000e-04 |
|      19 |         455 |       00:05:25 |       95.31% |       95.45% |       0.1248 |       0.2052 |      1.0000e-04 |
|      20 |         460 |       00:05:28 |       95.31% |       94.44% |       0.1383 |       0.1595 |      1.0000e-04 |
|      20 |         465 |       00:05:31 |       92.19% |       91.92% |       0.2289 |       0.2435 |      1.0000e-04 |
|      20 |         470 |       00:05:34 |       93.75% |       91.41% |       0.1037 |       0.2661 |      1.0000e-04 |
|      20 |         475 |       00:05:37 |       95.31% |       92.42% |       0.1453 |       0.2418 |      1.0000e-04 |
|      20 |         480 |       00:05:40 |       87.50% |       94.44% |       0.2514 |       0.1702 |      1.0000e-04 |
|      21 |         485 |       00:05:43 |       95.31% |       88.89% |       0.1446 |       0.3044 |      1.0000e-04 |
|      21 |         490 |       00:05:46 |       96.88% |       93.43% |       0.0877 |       0.1983 |      1.0000e-04 |
|      21 |         495 |       00:05:50 |       90.62% |       91.41% |       0.3091 |       0.2189 |      1.0000e-04 |
|      21 |         500 |       00:05:53 |      100.00% |       93.94% |       0.0378 |       0.1934 |      1.0000e-04 |
|      22 |         505 |       00:05:56 |       92.19% |       94.44% |       0.1965 |       0.1500 |      1.0000e-04 |
|      22 |         510 |       00:05:59 |       95.31% |       94.44% |       0.1529 |       0.1645 |      1.0000e-04 |
|      22 |         515 |       00:06:03 |       95.31% |       94.44% |       0.1805 |       0.2193 |      1.0000e-04 |
|      22 |         520 |       00:06:06 |       93.75% |       94.44% |       0.2330 |       0.2235 |      1.0000e-04 |
|      22 |         525 |       00:06:09 |       96.88% |       92.42% |       0.0734 |       0.2677 |      1.0000e-04 |
|      23 |         530 |       00:06:12 |       90.62% |       93.94% |       0.1994 |       0.1891 |      1.0000e-04 |
|      23 |         535 |       00:06:15 |       98.44% |       93.43% |       0.0479 |       0.1828 |      1.0000e-04 |
|      23 |         540 |       00:06:18 |       95.31% |       90.91% |       0.1497 |       0.2346 |      1.0000e-04 |
|      23 |         545 |       00:06:22 |       90.62% |       90.40% |       0.1573 |       0.2874 |      1.0000e-04 |
|      23 |         550 |       00:06:25 |       95.31% |       92.42% |       0.1009 |       0.1923 |      1.0000e-04 |
|      24 |         555 |       00:06:28 |       96.88% |       94.44% |       0.0765 |       0.1462 |      1.0000e-04 |
|      24 |         560 |       00:06:31 |       96.88% |       91.41% |       0.0704 |       0.2184 |      1.0000e-04 |
|      24 |         565 |       00:06:34 |       95.31% |       93.94% |       0.0944 |       0.1778 |      1.0000e-04 |
|      24 |         570 |       00:06:37 |       95.31% |       93.94% |       0.0947 |       0.1676 |      1.0000e-04 |
|      24 |         575 |       00:06:40 |       95.31% |       93.94% |       0.1117 |       0.1653 |      1.0000e-04 |
|      25 |         580 |       00:06:44 |       95.31% |       96.46% |       0.1275 |       0.1224 |      1.0000e-04 |
|      25 |         585 |       00:06:47 |       95.31% |       94.44% |       0.1416 |       0.2076 |      1.0000e-04 |
|      25 |         590 |       00:06:50 |      100.00% |       94.95% |       0.0296 |       0.1466 |      1.0000e-04 |
|      25 |         595 |       00:06:53 |       92.19% |       95.45% |       0.1803 |       0.1681 |      1.0000e-04 |
|      25 |         600 |       00:06:56 |       95.31% |       95.45% |       0.1598 |       0.1320 |      1.0000e-04 |
|      26 |         605 |       00:06:59 |       95.31% |       95.45% |       0.1601 |       0.1388 |      1.0000e-04 |
|      26 |         610 |       00:07:02 |       98.44% |       92.93% |       0.0799 |       0.1944 |      1.0000e-04 |
|      26 |         615 |       00:07:05 |       93.75% |       94.95% |       0.1280 |       0.1666 |      1.0000e-04 |
|      26 |         620 |       00:07:08 |      100.00% |       94.44% |       0.0227 |       0.1681 |      1.0000e-04 |
|      27 |         625 |       00:07:11 |       95.31% |       94.95% |       0.0950 |       0.1323 |      1.0000e-04 |
|      27 |         630 |       00:07:14 |       92.19% |       96.46% |       0.2803 |       0.1355 |      1.0000e-04 |
|      27 |         635 |       00:07:17 |       95.31% |       95.45% |       0.0836 |       0.1793 |      1.0000e-04 |
|      27 |         640 |       00:07:20 |       95.31% |       92.42% |       0.1350 |       0.2474 |      1.0000e-04 |
|      27 |         645 |       00:07:23 |       90.62% |       92.93% |       0.3180 |       0.2104 |      1.0000e-04 |
|      28 |         650 |       00:07:25 |       96.88% |       96.46% |       0.0822 |       0.1329 |      1.0000e-04 |
|      28 |         655 |       00:07:28 |       98.44% |       91.92% |       0.0777 |       0.2191 |      1.0000e-04 |
|      28 |         660 |       00:07:31 |       92.19% |       92.93% |       0.2348 |       0.2513 |      1.0000e-04 |
|      28 |         665 |       00:07:34 |       93.75% |       92.42% |       0.1402 |       0.2412 |      1.0000e-04 |
|      28 |         670 |       00:07:36 |       93.75% |       92.93% |       0.1944 |       0.2059 |      1.0000e-04 |
|      29 |         675 |       00:07:39 |       98.44% |       94.95% |       0.0461 |       0.1635 |      1.0000e-04 |
|      29 |         680 |       00:07:42 |       96.88% |       94.44% |       0.0751 |       0.1183 |      1.0000e-04 |
|      29 |         685 |       00:07:44 |       96.88% |       94.95% |       0.0591 |       0.1538 |      1.0000e-04 |
|      29 |         690 |       00:07:47 |       96.88% |       94.95% |       0.0749 |       0.1853 |      1.0000e-04 |
|      29 |         695 |       00:07:49 |       98.44% |       93.94% |       0.0570 |       0.1789 |      1.0000e-04 |
|      30 |         700 |       00:07:52 |       95.31% |       94.44% |       0.0965 |       0.1491 |      1.0000e-04 |
|      30 |         705 |       00:07:55 |       92.19% |       93.94% |       0.2067 |       0.1410 |      1.0000e-04 |
|      30 |         710 |       00:07:57 |      100.00% |       95.45% |       0.0346 |       0.1243 |      1.0000e-04 |
|      30 |         715 |       00:08:00 |       96.88% |       94.44% |       0.1268 |       0.2078 |      1.0000e-04 |
|      30 |         720 |       00:08:03 |       98.44% |       96.97% |       0.0836 |       0.0911 |      1.0000e-04 |
|      31 |         725 |       00:08:05 |       96.88% |       95.96% |       0.0711 |       0.1327 |      1.0000e-04 |
|      31 |         730 |       00:08:08 |      100.00% |       94.95% |       0.0317 |       0.1416 |      1.0000e-04 |
|      31 |         735 |       00:08:11 |       93.75% |       93.94% |       0.1764 |       0.2175 |      1.0000e-04 |
|      31 |         740 |       00:08:13 |       98.44% |       93.43% |       0.0633 |       0.2372 |      1.0000e-04 |
|      32 |         745 |       00:08:16 |      100.00% |       95.45% |       0.0227 |       0.1136 |      1.0000e-04 |
|      32 |         750 |       00:08:19 |       95.31% |       94.95% |       0.1128 |       0.1150 |      1.0000e-04 |
|      32 |         755 |       00:08:21 |      100.00% |       96.97% |       0.0300 |       0.1120 |      1.0000e-04 |
|      32 |         760 |       00:08:24 |       98.44% |       94.95% |       0.0581 |       0.1821 |      1.0000e-04 |
|      32 |         765 |       00:08:27 |       96.88% |       94.44% |       0.1130 |       0.1541 |      1.0000e-04 |
|      33 |         770 |       00:08:29 |       95.31% |       96.46% |       0.1470 |       0.1146 |      1.0000e-04 |
|      33 |         775 |       00:08:32 |       98.44% |       95.45% |       0.0446 |       0.1650 |      1.0000e-04 |
|      33 |         780 |       00:08:34 |       95.31% |       96.97% |       0.1265 |       0.1243 |      1.0000e-04 |
|      33 |         785 |       00:08:37 |       96.88% |       94.95% |       0.0760 |       0.1469 |      1.0000e-04 |
|      33 |         790 |       00:08:40 |       96.88% |       93.94% |       0.0747 |       0.2228 |      1.0000e-04 |
|      34 |         795 |       00:08:42 |      100.00% |       94.44% |       0.0126 |       0.1786 |      1.0000e-04 |
|      34 |         800 |       00:08:45 |       96.88% |       92.93% |       0.0556 |       0.1514 |      1.0000e-04 |
|      34 |         805 |       00:08:48 |       96.88% |       95.45% |       0.0626 |       0.1216 |      1.0000e-04 |
|      34 |         810 |       00:08:50 |      100.00% |       93.43% |       0.0308 |       0.1318 |      1.0000e-04 |
|      34 |         815 |       00:08:53 |       98.44% |       95.45% |       0.0636 |       0.1485 |      1.0000e-04 |
|      35 |         820 |       00:08:56 |      100.00% |       96.97% |       0.0379 |       0.0986 |      1.0000e-04 |
|      35 |         825 |       00:08:58 |       96.88% |       95.96% |       0.0899 |       0.1231 |      1.0000e-04 |
|      35 |         830 |       00:09:01 |       96.88% |       94.95% |       0.0454 |       0.1705 |      1.0000e-04 |
|      35 |         835 |       00:09:03 |       95.31% |       95.45% |       0.1005 |       0.1636 |      1.0000e-04 |
|      35 |         840 |       00:09:06 |       95.31% |       93.94% |       0.0715 |       0.1677 |      1.0000e-04 |
|      36 |         845 |       00:09:09 |       95.31% |       96.46% |       0.0975 |       0.1106 |      1.0000e-04 |
|      36 |         850 |       00:09:12 |       98.44% |       95.45% |       0.0518 |       0.1514 |      1.0000e-04 |
|      36 |         855 |       00:09:15 |       96.88% |       92.42% |       0.0796 |       0.1887 |      1.0000e-04 |
|      36 |         860 |       00:09:17 |       98.44% |       94.95% |       0.0291 |       0.1857 |      1.0000e-04 |
|      37 |         865 |       00:09:20 |       98.44% |       93.94% |       0.0279 |       0.2008 |      1.0000e-04 |
|      37 |         870 |       00:09:23 |       92.19% |       93.94% |       0.2053 |       0.1528 |      1.0000e-04 |
|      37 |         875 |       00:09:26 |       89.06% |       92.42% |       0.3185 |       0.2934 |      1.0000e-04 |
|      37 |         880 |       00:09:29 |       93.75% |       92.93% |       0.1616 |       0.2565 |      1.0000e-04 |
|      37 |         885 |       00:09:32 |       95.31% |       92.42% |       0.1596 |       0.1976 |      1.0000e-04 |
|      38 |         890 |       00:09:34 |       96.88% |       93.94% |       0.1372 |       0.2557 |      1.0000e-04 |
|      38 |         895 |       00:09:37 |       98.44% |       94.44% |       0.0380 |       0.1757 |      1.0000e-04 |
|      38 |         900 |       00:09:40 |       95.31% |       93.94% |       0.1894 |       0.1819 |      1.0000e-04 |
|      38 |         905 |       00:09:43 |       98.44% |       94.44% |       0.0419 |       0.1700 |      1.0000e-04 |
|      38 |         910 |       00:09:46 |       98.44% |       95.96% |       0.0336 |       0.1808 |      1.0000e-04 |
|      39 |         915 |       00:09:48 |       98.44% |       94.44% |       0.0576 |       0.1756 |      1.0000e-04 |
|      39 |         920 |       00:09:51 |       98.44% |       94.44% |       0.0572 |       0.1546 |      1.0000e-04 |
|      39 |         925 |       00:09:54 |      100.00% |       96.46% |       0.0494 |       0.1168 |      1.0000e-04 |
|      39 |         930 |       00:09:57 |       96.88% |       93.43% |       0.0758 |       0.2892 |      1.0000e-04 |
|      39 |         935 |       00:10:00 |       90.62% |       95.45% |       0.2043 |       0.2005 |      1.0000e-04 |
|      40 |         940 |       00:10:03 |       93.75% |       92.93% |       0.1902 |       0.2049 |      1.0000e-04 |
|      40 |         945 |       00:10:05 |       98.44% |       93.94% |       0.0749 |       0.1879 |      1.0000e-04 |
|      40 |         950 |       00:10:08 |       98.44% |       94.95% |       0.0231 |       0.1291 |      1.0000e-04 |
|      40 |         955 |       00:10:11 |       98.44% |       95.96% |       0.0535 |       0.1552 |      1.0000e-04 |
|      40 |         960 |       00:10:14 |       92.19% |       94.44% |       0.1541 |       0.2009 |      1.0000e-04 |
|      41 |         965 |       00:10:17 |       93.75% |       96.46% |       0.1543 |       0.1135 |      1.0000e-04 |
|      41 |         970 |       00:10:19 |      100.00% |       93.94% |       0.0214 |       0.1625 |      1.0000e-04 |
|      41 |         975 |       00:10:22 |       92.19% |       94.95% |       0.1822 |       0.1600 |      1.0000e-04 |
|      41 |         980 |       00:10:25 |      100.00% |       96.46% |       0.0084 |       0.2311 |      1.0000e-04 |
|      42 |         985 |       00:10:28 |       98.44% |       95.45% |       0.0739 |       0.1702 |      1.0000e-04 |
|      42 |         990 |       00:10:31 |       95.31% |       96.46% |       0.1181 |       0.0844 |      1.0000e-04 |
|      42 |         995 |       00:10:34 |       93.75% |       95.45% |       0.1119 |       0.0936 |      1.0000e-04 |
|      42 |        1000 |       00:10:36 |      100.00% |       95.96% |       0.0511 |       0.1126 |      1.0000e-04 |
|      42 |        1005 |       00:10:39 |       98.44% |       94.44% |       0.0595 |       0.1404 |      1.0000e-04 |
|      43 |        1010 |       00:10:42 |       95.31% |       95.45% |       0.0975 |       0.1853 |      1.0000e-04 |
|      43 |        1015 |       00:10:45 |       96.88% |       96.97% |       0.0543 |       0.0843 |      1.0000e-04 |
|      43 |        1020 |       00:10:48 |       98.44% |       95.96% |       0.0549 |       0.1166 |      1.0000e-04 |
|      43 |        1025 |       00:10:51 |       95.31% |       93.94% |       0.1222 |       0.1963 |      1.0000e-04 |
|      43 |        1030 |       00:10:54 |      100.00% |       94.44% |       0.0180 |       0.1974 |      1.0000e-04 |
|      44 |        1035 |       00:10:57 |       98.44% |       95.45% |       0.0256 |       0.1542 |      1.0000e-04 |
|      44 |        1040 |       00:10:59 |       92.19% |       94.44% |       0.2496 |       0.1527 |      1.0000e-04 |
|      44 |        1045 |       00:11:02 |       98.44% |       95.45% |       0.0288 |       0.1235 |      1.0000e-04 |
|      44 |        1050 |       00:11:05 |       96.88% |       94.95% |       0.0713 |       0.1625 |      1.0000e-04 |
|      44 |        1055 |       00:11:08 |       98.44% |       94.44% |       0.0419 |       0.1884 |      1.0000e-04 |
|      45 |        1060 |       00:11:11 |       96.88% |       95.45% |       0.0526 |       0.1150 |      1.0000e-04 |
|      45 |        1065 |       00:11:14 |       98.44% |       94.44% |       0.0327 |       0.1849 |      1.0000e-04 |
|      45 |        1070 |       00:11:16 |       98.44% |       92.93% |       0.0209 |       0.1927 |      1.0000e-04 |
|      45 |        1075 |       00:11:19 |      100.00% |       96.97% |       0.0274 |       0.1054 |      1.0000e-04 |
|      45 |        1080 |       00:11:22 |       98.44% |       97.47% |       0.0421 |       0.1146 |      1.0000e-04 |
|      46 |        1085 |       00:11:25 |       95.31% |       96.46% |       0.1154 |       0.1273 |      1.0000e-04 |
|      46 |        1090 |       00:11:28 |       98.44% |       96.46% |       0.0400 |       0.1414 |      1.0000e-04 |
|      46 |        1095 |       00:11:30 |       96.88% |       96.97% |       0.0638 |       0.1267 |      1.0000e-04 |
|      46 |        1100 |       00:11:33 |      100.00% |       93.94% |       0.0063 |       0.1389 |      1.0000e-04 |
|      47 |        1105 |       00:11:36 |       95.31% |       93.43% |       0.0827 |       0.2165 |      1.0000e-04 |
|      47 |        1110 |       00:11:39 |       98.44% |       95.45% |       0.0501 |       0.1768 |      1.0000e-04 |
|      47 |        1115 |       00:11:41 |       98.44% |       95.45% |       0.0655 |       0.1442 |      1.0000e-04 |
|      47 |        1120 |       00:11:44 |       93.75% |       94.44% |       0.1534 |       0.1600 |      1.0000e-04 |
|      47 |        1125 |       00:11:47 |      100.00% |       95.96% |       0.0195 |       0.1583 |      1.0000e-04 |
|      48 |        1130 |       00:11:50 |       96.88% |       95.45% |       0.0892 |       0.2028 |      1.0000e-04 |
|      48 |        1135 |       00:11:52 |       96.88% |       94.95% |       0.0742 |       0.1777 |      1.0000e-04 |
|      48 |        1140 |       00:11:55 |       93.75% |       94.95% |       0.1060 |       0.1977 |      1.0000e-04 |
|      48 |        1145 |       00:11:58 |       95.31% |       92.93% |       0.1247 |       0.2459 |      1.0000e-04 |
|      48 |        1150 |       00:12:01 |       96.88% |       92.93% |       0.0513 |       0.3192 |      1.0000e-04 |
|      49 |        1155 |       00:12:04 |      100.00% |       92.93% |       0.0195 |       0.2013 |      1.0000e-04 |
|      49 |        1160 |       00:12:07 |      100.00% |       94.95% |       0.0073 |       0.1601 |      1.0000e-04 |
|      49 |        1165 |       00:12:10 |      100.00% |       92.42% |       0.0324 |       0.2160 |      1.0000e-04 |
|      49 |        1170 |       00:12:12 |      100.00% |       94.95% |       0.0533 |       0.1843 |      1.0000e-04 |
|      49 |        1175 |       00:12:15 |       96.88% |       92.93% |       0.0522 |       0.2423 |      1.0000e-04 |
|      50 |        1180 |       00:12:18 |       93.75% |       94.44% |       0.1604 |       0.1606 |      1.0000e-04 |
|      50 |        1185 |       00:12:21 |       98.44% |       95.96% |       0.0385 |       0.1665 |      1.0000e-04 |
|      50 |        1190 |       00:12:24 |      100.00% |       95.96% |       0.0072 |       0.0854 |      1.0000e-04 |
|      50 |        1195 |       00:12:27 |      100.00% |       95.45% |       0.0207 |       0.1786 |      1.0000e-04 |
|      50 |        1200 |       00:12:29 |       96.88% |       96.46% |       0.0838 |       0.1236 |      1.0000e-04 |
|      51 |        1205 |       00:12:32 |       98.44% |       95.96% |       0.0363 |       0.1388 |      1.0000e-04 |
|      51 |        1210 |       00:12:35 |      100.00% |       95.45% |       0.0140 |       0.1406 |      1.0000e-04 |
|      51 |        1215 |       00:12:38 |       98.44% |       95.96% |       0.0660 |       0.0942 |      1.0000e-04 |
|      51 |        1220 |       00:12:41 |       98.44% |       96.46% |       0.0183 |       0.1206 |      1.0000e-04 |
|      52 |        1225 |       00:12:44 |      100.00% |       95.45% |       0.0214 |       0.1005 |      1.0000e-04 |
|      52 |        1230 |       00:12:46 |      100.00% |       96.46% |       0.0129 |       0.0928 |      1.0000e-04 |
|      52 |        1235 |       00:12:49 |       98.44% |       96.97% |       0.0779 |       0.1136 |      1.0000e-04 |
|      52 |        1240 |       00:12:52 |       98.44% |       96.97% |       0.0457 |       0.1160 |      1.0000e-04 |
|      52 |        1245 |       00:12:55 |       98.44% |       95.45% |       0.0330 |       0.1678 |      1.0000e-04 |
|      53 |        1250 |       00:12:58 |      100.00% |       95.45% |       0.0230 |       0.1543 |      1.0000e-04 |
|      53 |        1255 |       00:13:00 |       95.31% |       94.44% |       0.0803 |       0.1527 |      1.0000e-04 |
|      53 |        1260 |       00:13:03 |       96.88% |       96.97% |       0.0395 |       0.1056 |      1.0000e-04 |
|      53 |        1265 |       00:13:06 |      100.00% |       97.98% |       0.0091 |       0.1069 |      1.0000e-04 |
|      53 |        1270 |       00:13:08 |       98.44% |       93.94% |       0.0571 |       0.1696 |      1.0000e-04 |
|      54 |        1275 |       00:13:11 |       98.44% |       96.46% |       0.0420 |       0.1992 |      1.0000e-04 |
|      54 |        1280 |       00:13:14 |      100.00% |       96.97% |       0.0095 |       0.1161 |      1.0000e-04 |
|      54 |        1285 |       00:13:16 |      100.00% |       96.46% |       0.0198 |       0.1495 |      1.0000e-04 |
|      54 |        1290 |       00:13:19 |       98.44% |       94.44% |       0.0330 |       0.1642 |      1.0000e-04 |
|      54 |        1295 |       00:13:22 |       98.44% |       93.43% |       0.0232 |       0.2533 |      1.0000e-04 |
|      55 |        1300 |       00:13:24 |       96.88% |       95.45% |       0.0739 |       0.1366 |      1.0000e-04 |
|      55 |        1305 |       00:13:27 |      100.00% |       95.96% |       0.0304 |       0.0959 |      1.0000e-04 |
|      55 |        1310 |       00:13:29 |      100.00% |       95.45% |       0.0110 |       0.1321 |      1.0000e-04 |
|      55 |        1315 |       00:13:32 |       96.88% |       96.46% |       0.1254 |       0.1377 |      1.0000e-04 |
|      55 |        1320 |       00:13:35 |      100.00% |       96.46% |       0.0174 |       0.1654 |      1.0000e-04 |
|      56 |        1325 |       00:13:37 |       96.88% |       95.45% |       0.1123 |       0.1717 |      1.0000e-04 |
|      56 |        1330 |       00:13:40 |      100.00% |       96.46% |       0.0047 |       0.1120 |      1.0000e-04 |
|      56 |        1335 |       00:13:43 |       98.44% |       91.92% |       0.0472 |       0.2210 |      1.0000e-04 |
|      56 |        1340 |       00:13:45 |      100.00% |       94.95% |       0.0032 |       0.1861 |      1.0000e-04 |
|      57 |        1345 |       00:13:48 |       98.44% |       95.96% |       0.0375 |       0.1480 |      1.0000e-04 |
|      57 |        1350 |       00:13:51 |       96.88% |       94.95% |       0.1131 |       0.1768 |      1.0000e-04 |
|      57 |        1355 |       00:13:53 |       98.44% |       94.44% |       0.0534 |       0.2013 |      1.0000e-04 |
|      57 |        1360 |       00:13:56 |       96.88% |       97.47% |       0.0714 |       0.0638 |      1.0000e-04 |
|      57 |        1365 |       00:13:59 |       98.44% |       94.95% |       0.0281 |       0.2316 |      1.0000e-04 |
|      58 |        1370 |       00:14:01 |      100.00% |       95.96% |       0.0218 |       0.1555 |      1.0000e-04 |
|      58 |        1375 |       00:14:04 |       96.88% |       95.96% |       0.0811 |       0.1653 |      1.0000e-04 |
|      58 |        1380 |       00:14:06 |      100.00% |       96.97% |       0.0117 |       0.0884 |      1.0000e-04 |
|      58 |        1385 |       00:14:09 |       96.88% |       96.46% |       0.0658 |       0.0947 |      1.0000e-04 |
|      58 |        1390 |       00:14:12 |       98.44% |       97.98% |       0.1239 |       0.0768 |      1.0000e-04 |
|      59 |        1395 |       00:14:14 |       96.88% |       96.46% |       0.0410 |       0.1383 |      1.0000e-04 |
|      59 |        1400 |       00:14:17 |      100.00% |       94.95% |       0.0139 |       0.1413 |      1.0000e-04 |
|      59 |        1405 |       00:14:20 |      100.00% |       96.97% |       0.0107 |       0.1218 |      1.0000e-04 |
|      59 |        1410 |       00:14:22 |       98.44% |       95.45% |       0.0336 |       0.1728 |      1.0000e-04 |
|      59 |        1415 |       00:14:25 |      100.00% |       96.97% |       0.0222 |       0.0942 |      1.0000e-04 |
|      60 |        1420 |       00:14:28 |       96.88% |       96.97% |       0.0548 |       0.0919 |      1.0000e-04 |
|      60 |        1425 |       00:14:30 |       96.88% |       97.47% |       0.0749 |       0.0905 |      1.0000e-04 |
|      60 |        1430 |       00:14:33 |      100.00% |       95.96% |       0.0034 |       0.1119 |      1.0000e-04 |
|      60 |        1435 |       00:14:36 |       95.31% |       97.47% |       0.0701 |       0.0971 |      1.0000e-04 |
|      60 |        1440 |       00:14:38 |      100.00% |       96.97% |       0.0131 |       0.0827 |      1.0000e-04 |
|      61 |        1445 |       00:14:41 |       98.44% |       96.46% |       0.0342 |       0.1097 |      1.0000e-04 |
|      61 |        1450 |       00:14:44 |      100.00% |       94.95% |       0.0049 |       0.1966 |      1.0000e-04 |
|      61 |        1455 |       00:14:46 |       98.44% |       95.45% |       0.0507 |       0.1221 |      1.0000e-04 |
|      61 |        1460 |       00:14:49 |      100.00% |       96.97% |       0.0074 |       0.1191 |      1.0000e-04 |
|      62 |        1465 |       00:14:52 |       98.44% |       96.46% |       0.0298 |       0.1180 |      1.0000e-04 |
|      62 |        1470 |       00:14:54 |      100.00% |       95.96% |       0.0280 |       0.1067 |      1.0000e-04 |
|      62 |        1475 |       00:14:57 |       98.44% |       94.95% |       0.0215 |       0.1560 |      1.0000e-04 |
|      62 |        1480 |       00:15:00 |       95.31% |       95.45% |       0.1239 |       0.1537 |      1.0000e-04 |
|      62 |        1485 |       00:15:02 |      100.00% |       95.45% |       0.0195 |       0.1892 |      1.0000e-04 |
|      63 |        1490 |       00:15:05 |      100.00% |       97.47% |       0.0140 |       0.0899 |      1.0000e-04 |
|      63 |        1495 |       00:15:08 |      100.00% |       96.97% |       0.0127 |       0.1180 |      1.0000e-04 |
|      63 |        1500 |       00:15:10 |       96.88% |       95.96% |       0.0578 |       0.1582 |      1.0000e-04 |
|      63 |        1505 |       00:15:13 |       98.44% |       95.96% |       0.0403 |       0.1553 |      1.0000e-04 |
|      63 |        1510 |       00:15:16 |      100.00% |       97.98% |       0.0098 |       0.1031 |      1.0000e-04 |
|      64 |        1515 |       00:15:19 |       96.88% |       97.47% |       0.0415 |       0.1401 |      1.0000e-04 |
|      64 |        1520 |       00:15:21 |       98.44% |       95.45% |       0.0301 |       0.1217 |      1.0000e-04 |
|      64 |        1525 |       00:15:24 |       96.88% |       96.46% |       0.0578 |       0.1631 |      1.0000e-04 |
|      64 |        1530 |       00:15:27 |       98.44% |       95.45% |       0.0669 |       0.1623 |      1.0000e-04 |
|      64 |        1535 |       00:15:29 |       98.44% |       92.42% |       0.0230 |       0.2912 |      1.0000e-04 |
|      65 |        1540 |       00:15:32 |       98.44% |       93.94% |       0.0570 |       0.2090 |      1.0000e-04 |
|      65 |        1545 |       00:15:35 |      100.00% |       96.46% |       0.0116 |       0.1096 |      1.0000e-04 |
|      65 |        1550 |       00:15:37 |       96.88% |       93.94% |       0.1197 |       0.1729 |      1.0000e-04 |
|      65 |        1555 |       00:15:40 |       96.88% |       95.96% |       0.0602 |       0.1150 |      1.0000e-04 |
|      65 |        1560 |       00:15:43 |       96.88% |       93.43% |       0.0673 |       0.1877 |      1.0000e-04 |
|      66 |        1565 |       00:15:45 |       95.31% |       93.43% |       0.1040 |       0.2664 |      1.0000e-04 |
|      66 |        1570 |       00:15:48 |       98.44% |       94.44% |       0.0532 |       0.2413 |      1.0000e-04 |
|      66 |        1575 |       00:15:51 |       92.19% |       94.44% |       0.1718 |       0.2208 |      1.0000e-04 |
|      66 |        1580 |       00:15:53 |       95.31% |       94.44% |       0.0537 |       0.2551 |      1.0000e-04 |
|      67 |        1585 |       00:15:56 |       98.44% |       93.43% |       0.0392 |       0.3554 |      1.0000e-04 |
|      67 |        1590 |       00:15:59 |       95.31% |       93.94% |       0.1141 |       0.2363 |      1.0000e-04 |
|      67 |        1595 |       00:16:01 |       95.31% |       92.93% |       0.1525 |       0.2632 |      1.0000e-04 |
|      67 |        1600 |       00:16:04 |      100.00% |       93.94% |       0.0238 |       0.2363 |      1.0000e-04 |
|      67 |        1605 |       00:16:07 |       98.44% |       94.44% |       0.0596 |       0.1811 |      1.0000e-04 |
|      68 |        1610 |       00:16:09 |       98.44% |       96.97% |       0.0419 |       0.1151 |      1.0000e-04 |
|      68 |        1615 |       00:16:12 |       96.88% |       95.45% |       0.0370 |       0.1799 |      1.0000e-04 |
|      68 |        1620 |       00:16:15 |      100.00% |       95.45% |       0.0118 |       0.1874 |      1.0000e-04 |
|      68 |        1625 |       00:16:17 |       96.88% |       95.96% |       0.0527 |       0.1664 |      1.0000e-04 |
|      68 |        1630 |       00:16:20 |       96.88% |       94.44% |       0.0428 |       0.1647 |      1.0000e-04 |
|      69 |        1635 |       00:16:23 |      100.00% |       95.45% |       0.0172 |       0.1999 |      1.0000e-04 |
|      69 |        1640 |       00:16:25 |      100.00% |       95.45% |       0.0030 |       0.1590 |      1.0000e-04 |
|      69 |        1645 |       00:16:28 |       98.44% |       96.46% |       0.0349 |       0.1656 |      1.0000e-04 |
|      69 |        1650 |       00:16:31 |       96.88% |       94.95% |       0.1131 |       0.1525 |      1.0000e-04 |
|      69 |        1655 |       00:16:33 |      100.00% |       95.45% |       0.0064 |       0.1965 |      1.0000e-04 |
|      70 |        1660 |       00:16:36 |       98.44% |       94.95% |       0.1092 |       0.1990 |      1.0000e-04 |
|      70 |        1665 |       00:16:39 |       96.88% |       96.97% |       0.1208 |       0.1504 |      1.0000e-04 |
|      70 |        1670 |       00:16:42 |       98.44% |       94.44% |       0.1418 |       0.1918 |      1.0000e-04 |
|      70 |        1675 |       00:16:44 |      100.00% |       94.44% |       0.0057 |       0.1768 |      1.0000e-04 |
|      70 |        1680 |       00:16:47 |       92.19% |       95.45% |       0.1193 |       0.1729 |      1.0000e-04 |
|      71 |        1685 |       00:16:50 |       98.44% |       95.96% |       0.0547 |       0.1660 |      1.0000e-04 |
|      71 |        1690 |       00:16:52 |      100.00% |       94.44% |       0.0103 |       0.1541 |      1.0000e-04 |
|      71 |        1695 |       00:16:55 |       98.44% |       95.45% |       0.0524 |       0.1846 |      1.0000e-04 |
|      71 |        1700 |       00:16:57 |      100.00% |       96.97% |       0.0105 |       0.1035 |      1.0000e-04 |
|      72 |        1705 |       00:17:00 |      100.00% |       95.45% |       0.0041 |       0.1166 |      1.0000e-04 |
|      72 |        1710 |       00:17:03 |      100.00% |       96.97% |       0.0127 |       0.0891 |      1.0000e-04 |
|      72 |        1715 |       00:17:05 |       98.44% |       96.97% |       0.0514 |       0.0931 |      1.0000e-04 |
|      72 |        1720 |       00:17:08 |      100.00% |       95.45% |       0.0081 |       0.1793 |      1.0000e-04 |
|      72 |        1725 |       00:17:11 |      100.00% |       95.45% |       0.0220 |       0.1348 |      1.0000e-04 |
|      73 |        1730 |       00:17:13 |      100.00% |       96.97% |       0.0126 |       0.1010 |      1.0000e-04 |
|      73 |        1735 |       00:17:16 |       98.44% |       96.46% |       0.0148 |       0.1044 |      1.0000e-04 |
|      73 |        1740 |       00:17:19 |      100.00% |       95.45% |       0.0155 |       0.1619 |      1.0000e-04 |
|      73 |        1745 |       00:17:21 |       98.44% |       95.96% |       0.0187 |       0.1091 |      1.0000e-04 |
|      73 |        1750 |       00:17:24 |      100.00% |       98.48% |       0.0062 |       0.0541 |      1.0000e-04 |
|      74 |        1755 |       00:17:27 |       96.88% |       97.98% |       0.0730 |       0.0526 |      1.0000e-04 |
|      74 |        1760 |       00:17:29 |       98.44% |       95.96% |       0.0241 |       0.1812 |      1.0000e-04 |
|      74 |        1765 |       00:17:32 |      100.00% |       96.97% |       0.0091 |       0.0997 |      1.0000e-04 |
|      74 |        1770 |       00:17:35 |      100.00% |       95.45% |       0.0195 |       0.1632 |      1.0000e-04 |
|      74 |        1775 |       00:17:37 |       98.44% |       95.45% |       0.0520 |       0.1528 |      1.0000e-04 |
|      75 |        1780 |       00:17:40 |       96.88% |       95.96% |       0.0594 |       0.1118 |      1.0000e-04 |
|      75 |        1785 |       00:17:43 |       95.31% |       96.46% |       0.0844 |       0.0940 |      1.0000e-04 |
|      75 |        1790 |       00:17:45 |      100.00% |       94.44% |       0.0022 |       0.1960 |      1.0000e-04 |
|      75 |        1795 |       00:17:48 |       98.44% |       97.47% |       0.0214 |       0.1083 |      1.0000e-04 |
|      75 |        1800 |       00:17:51 |       98.44% |       96.97% |       0.0425 |       0.1159 |      1.0000e-04 |
|      76 |        1805 |       00:17:53 |      100.00% |       97.98% |       0.0205 |       0.0800 |      1.0000e-04 |
|      76 |        1810 |       00:17:56 |      100.00% |       96.46% |       0.0063 |       0.0942 |      1.0000e-04 |
|      76 |        1815 |       00:17:59 |       98.44% |       95.96% |       0.0519 |       0.1971 |      1.0000e-04 |
|      76 |        1820 |       00:18:01 |       98.44% |       95.96% |       0.0490 |       0.1613 |      1.0000e-04 |
|      77 |        1825 |       00:18:04 |       98.44% |       96.46% |       0.0488 |       0.1109 |      1.0000e-04 |
|      77 |        1830 |       00:18:07 |       98.44% |       96.97% |       0.0439 |       0.1658 |      1.0000e-04 |
|      77 |        1835 |       00:18:09 |      100.00% |       94.44% |       0.0246 |       0.1880 |      1.0000e-04 |
|      77 |        1840 |       00:18:12 |       96.88% |       93.94% |       0.0353 |       0.2192 |      1.0000e-04 |
|      77 |        1845 |       00:18:15 |       98.44% |       95.45% |       0.0478 |       0.1598 |      1.0000e-04 |
|      78 |        1850 |       00:18:17 |      100.00% |       94.44% |       0.0126 |       0.1946 |      1.0000e-04 |
|      78 |        1855 |       00:18:20 |       98.44% |       95.96% |       0.0635 |       0.1128 |      1.0000e-04 |
|      78 |        1860 |       00:18:23 |       98.44% |       96.97% |       0.0904 |       0.1305 |      1.0000e-04 |
|      78 |        1865 |       00:18:25 |       96.88% |       95.45% |       0.0786 |       0.1540 |      1.0000e-04 |
|      78 |        1870 |       00:18:28 |       98.44% |       96.97% |       0.0382 |       0.1334 |      1.0000e-04 |
|      79 |        1875 |       00:18:30 |      100.00% |       97.98% |       0.0393 |       0.1182 |      1.0000e-04 |
|      79 |        1880 |       00:18:33 |      100.00% |       96.97% |       0.0103 |       0.0749 |      1.0000e-04 |
|      79 |        1885 |       00:18:36 |       98.44% |       97.47% |       0.0390 |       0.0895 |      1.0000e-04 |
|      79 |        1890 |       00:18:38 |       96.88% |       96.46% |       0.0710 |       0.1314 |      1.0000e-04 |
|      79 |        1895 |       00:18:41 |       96.88% |       96.46% |       0.0561 |       0.1039 |      1.0000e-04 |
|      80 |        1900 |       00:18:44 |      100.00% |       93.43% |       0.0192 |       0.2698 |      1.0000e-04 |
|      80 |        1905 |       00:18:47 |       98.44% |       95.45% |       0.0292 |       0.1280 |      1.0000e-04 |
|      80 |        1910 |       00:18:49 |      100.00% |       95.45% |       0.0024 |       0.1653 |      1.0000e-04 |
|      80 |        1915 |       00:18:52 |      100.00% |       94.95% |       0.0079 |       0.1774 |      1.0000e-04 |
|      80 |        1920 |       00:18:54 |       98.44% |       94.95% |       0.0379 |       0.2134 |      1.0000e-04 |
|      81 |        1925 |       00:18:57 |      100.00% |       93.94% |       0.0207 |       0.2329 |      1.0000e-04 |
|      81 |        1930 |       00:19:00 |      100.00% |       94.95% |       0.0195 |       0.1671 |      1.0000e-04 |
|      81 |        1935 |       00:19:02 |      100.00% |       93.94% |       0.0145 |       0.2384 |      1.0000e-04 |
|      81 |        1940 |       00:19:05 |      100.00% |       94.95% |       0.0041 |       0.2471 |      1.0000e-04 |
|      82 |        1945 |       00:19:08 |       98.44% |       96.97% |       0.0284 |       0.1680 |      1.0000e-04 |
|      82 |        1950 |       00:19:10 |      100.00% |       97.98% |       0.0218 |       0.1368 |      1.0000e-04 |
|      82 |        1955 |       00:19:13 |       98.44% |       95.96% |       0.0228 |       0.1242 |      1.0000e-04 |
|      82 |        1960 |       00:19:16 |      100.00% |       94.95% |       0.0084 |       0.1841 |      1.0000e-04 |
|      82 |        1965 |       00:19:18 |      100.00% |       94.95% |       0.0106 |       0.1566 |      1.0000e-04 |
|      83 |        1970 |       00:19:21 |       98.44% |       94.95% |       0.0316 |       0.1909 |      1.0000e-04 |
|      83 |        1975 |       00:19:24 |       98.44% |       94.44% |       0.0575 |       0.2661 |      1.0000e-04 |
|      83 |        1980 |       00:19:26 |       98.44% |       93.94% |       0.0418 |       0.2133 |      1.0000e-04 |
|      83 |        1985 |       00:19:29 |      100.00% |       95.96% |       0.0171 |       0.1779 |      1.0000e-04 |
|      83 |        1990 |       00:19:32 |      100.00% |       92.42% |       0.0114 |       0.2492 |      1.0000e-04 |
|      84 |        1995 |       00:19:34 |       98.44% |       96.46% |       0.0291 |       0.1728 |      1.0000e-04 |
|      84 |        2000 |       00:19:37 |       98.44% |       95.45% |       0.0458 |       0.1512 |      1.0000e-04 |
|      84 |        2005 |       00:19:40 |      100.00% |       96.46% |       0.0084 |       0.1170 |      1.0000e-04 |
|      84 |        2010 |       00:19:43 |      100.00% |       97.47% |       0.0092 |       0.1481 |      1.0000e-04 |
|      84 |        2015 |       00:19:45 |       96.88% |       95.96% |       0.0534 |       0.1352 |      1.0000e-04 |
|      85 |        2020 |       00:19:48 |       96.88% |       96.46% |       0.0533 |       0.1361 |      1.0000e-04 |
|      85 |        2025 |       00:19:51 |       96.88% |       92.93% |       0.0495 |       0.2513 |      1.0000e-04 |
|      85 |        2030 |       00:19:53 |      100.00% |       95.45% |       0.0104 |       0.2064 |      1.0000e-04 |
|      85 |        2035 |       00:19:56 |       95.31% |       94.95% |       0.0839 |       0.2288 |      1.0000e-04 |
|      85 |        2040 |       00:19:59 |       96.88% |       94.95% |       0.0495 |       0.2215 |      1.0000e-04 |
|      86 |        2045 |       00:20:01 |       96.88% |       95.45% |       0.0982 |       0.1540 |      1.0000e-04 |
|      86 |        2050 |       00:20:04 |      100.00% |       95.96% |       0.0078 |       0.1092 |      1.0000e-04 |
|      86 |        2055 |       00:20:06 |      100.00% |       94.95% |       0.0206 |       0.1778 |      1.0000e-04 |
|      86 |        2060 |       00:20:09 |       96.88% |       96.97% |       0.0476 |       0.0877 |      1.0000e-04 |
|      87 |        2065 |       00:20:12 |      100.00% |       97.98% |       0.0049 |       0.0933 |      1.0000e-04 |
|      87 |        2070 |       00:20:14 |      100.00% |       97.47% |       0.0235 |       0.1007 |      1.0000e-04 |
|      87 |        2075 |       00:20:17 |      100.00% |       96.97% |       0.0086 |       0.1353 |      1.0000e-04 |
|      87 |        2080 |       00:20:19 |      100.00% |       98.48% |       0.0039 |       0.0698 |      1.0000e-04 |
|      87 |        2085 |       00:20:22 |       98.44% |       97.47% |       0.0295 |       0.1099 |      1.0000e-04 |
|      88 |        2090 |       00:20:25 |       98.44% |       98.48% |       0.0261 |       0.0892 |      1.0000e-04 |
|      88 |        2095 |       00:20:27 |      100.00% |       97.98% |       0.0033 |       0.1596 |      1.0000e-04 |
|      88 |        2100 |       00:20:30 |      100.00% |       96.97% |       0.0088 |       0.1190 |      1.0000e-04 |
|      88 |        2105 |       00:20:33 |      100.00% |       96.97% |       0.0081 |       0.0823 |      1.0000e-04 |
|      88 |        2110 |       00:20:35 |       98.44% |       97.47% |       0.0280 |       0.1136 |      1.0000e-04 |
|      89 |        2115 |       00:20:38 |      100.00% |       97.47% |       0.0031 |       0.0886 |      1.0000e-04 |
|      89 |        2120 |       00:20:40 |      100.00% |       97.47% |       0.0001 |       0.0995 |      1.0000e-04 |
|      89 |        2125 |       00:20:43 |       98.44% |       97.98% |       0.0192 |       0.1360 |      1.0000e-04 |
|      89 |        2130 |       00:20:46 |      100.00% |       95.96% |       0.0058 |       0.1937 |      1.0000e-04 |
|      89 |        2135 |       00:20:48 |       98.44% |       96.46% |       0.0501 |       0.1646 |      1.0000e-04 |
|      90 |        2140 |       00:20:51 |      100.00% |       95.45% |       0.0043 |       0.1883 |      1.0000e-04 |
|      90 |        2145 |       00:20:54 |       98.44% |       94.95% |       0.0319 |       0.2321 |      1.0000e-04 |
|      90 |        2150 |       00:20:56 |      100.00% |       93.94% |       0.0029 |       0.2453 |      1.0000e-04 |
|      90 |        2155 |       00:20:59 |       98.44% |       95.96% |       0.0280 |       0.1926 |      1.0000e-04 |
|      90 |        2160 |       00:21:02 |      100.00% |       94.44% |       0.0116 |       0.2138 |      1.0000e-04 |
|      91 |        2165 |       00:21:04 |       98.44% |       94.95% |       0.0376 |       0.2043 |      1.0000e-04 |
|      91 |        2170 |       00:21:07 |      100.00% |       94.44% |       0.0078 |       0.1845 |      1.0000e-04 |
|      91 |        2175 |       00:21:10 |      100.00% |       93.94% |       0.0055 |       0.1955 |      1.0000e-04 |
|      91 |        2180 |       00:21:12 |      100.00% |       96.97% |       0.0135 |       0.1051 |      1.0000e-04 |
|      92 |        2185 |       00:21:15 |      100.00% |       95.96% |       0.0078 |       0.1055 |      1.0000e-04 |
|      92 |        2190 |       00:21:18 |      100.00% |       96.46% |       0.0254 |       0.2207 |      1.0000e-04 |
|      92 |        2195 |       00:21:20 |      100.00% |       94.95% |       0.0050 |       0.2107 |      1.0000e-04 |
|      92 |        2200 |       00:21:23 |       96.88% |       94.95% |       0.0407 |       0.1831 |      1.0000e-04 |
|      92 |        2205 |       00:21:26 |       96.88% |       94.44% |       0.0558 |       0.2517 |      1.0000e-04 |
|      93 |        2210 |       00:21:28 |      100.00% |       95.96% |       0.0120 |       0.1845 |      1.0000e-04 |
|      93 |        2215 |       00:21:31 |       96.88% |       93.43% |       0.0434 |       0.2623 |      1.0000e-04 |
|      93 |        2220 |       00:21:33 |       98.44% |       96.46% |       0.0422 |       0.1385 |      1.0000e-04 |
|      93 |        2225 |       00:21:36 |       96.88% |       94.95% |       0.0584 |       0.2660 |      1.0000e-04 |
|      93 |        2230 |       00:21:39 |       95.31% |       93.94% |       0.1767 |       0.2491 |      1.0000e-04 |
|      94 |        2235 |       00:21:41 |       98.44% |       93.94% |       0.0373 |       0.1768 |      1.0000e-04 |
|      94 |        2240 |       00:21:44 |       98.44% |       96.46% |       0.0304 |       0.1108 |      1.0000e-04 |
|      94 |        2245 |       00:21:47 |      100.00% |       94.95% |       0.0196 |       0.1480 |      1.0000e-04 |
|      94 |        2250 |       00:21:49 |       98.44% |       96.46% |       0.0464 |       0.1629 |      1.0000e-04 |
|      94 |        2255 |       00:21:52 |      100.00% |       95.45% |       0.0117 |       0.2008 |      1.0000e-04 |
|      95 |        2260 |       00:21:55 |       96.88% |       95.96% |       0.0631 |       0.2609 |      1.0000e-04 |
|      95 |        2265 |       00:21:58 |       96.88% |       96.97% |       0.1361 |       0.1466 |      1.0000e-04 |
|      95 |        2270 |       00:22:00 |       98.44% |       96.46% |       0.0252 |       0.0962 |      1.0000e-04 |
|      95 |        2275 |       00:22:03 |      100.00% |       95.96% |       0.0089 |       0.1309 |      1.0000e-04 |
|      95 |        2280 |       00:22:06 |      100.00% |       96.97% |       0.0092 |       0.1670 |      1.0000e-04 |
|      96 |        2285 |       00:22:08 |      100.00% |       97.98% |       0.0124 |       0.0868 |      1.0000e-04 |
|      96 |        2290 |       00:22:11 |      100.00% |       98.48% |       0.0018 |       0.0685 |      1.0000e-04 |
|      96 |        2295 |       00:22:14 |       96.88% |       96.46% |       0.0501 |       0.1237 |      1.0000e-04 |
|      96 |        2300 |       00:22:16 |       98.44% |       96.97% |       0.0210 |       0.0995 |      1.0000e-04 |
|      97 |        2305 |       00:22:19 |       98.44% |       97.47% |       0.0220 |       0.1468 |      1.0000e-04 |
|      97 |        2310 |       00:22:22 |       98.44% |       98.48% |       0.0204 |       0.0687 |      1.0000e-04 |
|      97 |        2315 |       00:22:24 |      100.00% |       96.97% |       0.0178 |       0.1102 |      1.0000e-04 |
|      97 |        2320 |       00:22:27 |       96.88% |       96.46% |       0.0877 |       0.1120 |      1.0000e-04 |
|      97 |        2325 |       00:22:30 |      100.00% |       95.96% |       0.0087 |       0.1360 |      1.0000e-04 |
|      98 |        2330 |       00:22:32 |      100.00% |       94.95% |       0.0076 |       0.1747 |      1.0000e-04 |
|      98 |        2335 |       00:22:35 |      100.00% |       96.97% |       0.0050 |       0.0975 |      1.0000e-04 |
|      98 |        2340 |       00:22:38 |       98.44% |       97.98% |       0.0347 |       0.0633 |      1.0000e-04 |
|      98 |        2345 |       00:22:40 |       98.44% |       97.47% |       0.0732 |       0.1061 |      1.0000e-04 |
|      98 |        2350 |       00:22:43 |       96.88% |       97.47% |       0.0970 |       0.1164 |      1.0000e-04 |
|      99 |        2355 |       00:22:45 |      100.00% |       96.46% |       0.0087 |       0.1354 |      1.0000e-04 |
|      99 |        2360 |       00:22:48 |      100.00% |       94.44% |       0.0024 |       0.1648 |      1.0000e-04 |
|      99 |        2365 |       00:22:50 |      100.00% |       96.46% |       0.0065 |       0.1126 |      1.0000e-04 |
|      99 |        2370 |       00:22:53 |       98.44% |       94.95% |       0.0368 |       0.1439 |      1.0000e-04 |
|      99 |        2375 |       00:22:56 |       96.88% |       95.45% |       0.0436 |       0.1220 |      1.0000e-04 |
|     100 |        2380 |       00:22:58 |      100.00% |       95.45% |       0.0041 |       0.1217 |      1.0000e-04 |
|     100 |        2385 |       00:23:01 |       96.88% |       94.44% |       0.0979 |       0.2011 |      1.0000e-04 |
|     100 |        2390 |       00:23:03 |      100.00% |       97.98% |       0.0091 |       0.0648 |      1.0000e-04 |
|     100 |        2395 |       00:23:06 |      100.00% |       98.48% |       0.0104 |       0.0727 |      1.0000e-04 |
|     100 |        2400 |       00:23:09 |      100.00% |       96.46% |       0.0025 |       0.0877 |      1.0000e-04 |
|======================================================================================================================|
Predicting accuracy for Test Set 
The accuracy of the test set is 95.959596 
The specificity of the test set is 95.749058 
The sensitivity of the test set is 94.709055 
