Loading Data 
Training on single GPU.
Initializing input data normalization.
|======================================================================================================================|
|  Epoch  |  Iteration  |  Time Elapsed  |  Mini-batch  |  Validation  |  Mini-batch  |  Validation  |  Base Learning  |
|         |             |   (hh:mm:ss)   |   Accuracy   |   Accuracy   |     Loss     |     Loss     |      Rate       |
|======================================================================================================================|
|       1 |           1 |       00:00:02 |       21.88% |       14.29% |       2.3117 |       1.8712 |      1.0000e-04 |
|       3 |           5 |       00:00:07 |       90.62% |       90.48% |       0.4672 |       0.4044 |      1.0000e-04 |
|       5 |          10 |       00:00:12 |       95.31% |      100.00% |       0.1382 |       0.1068 |      1.0000e-04 |
|       8 |          15 |       00:00:17 |       96.88% |       90.48% |       0.0668 |       0.1696 |      1.0000e-04 |
|      10 |          20 |       00:00:21 |      100.00% |      100.00% |       0.0141 |       0.0713 |      1.0000e-04 |
|      13 |          25 |       00:00:26 |      100.00% |      100.00% |       0.0075 |       0.0439 |      1.0000e-04 |
|      15 |          30 |       00:00:31 |      100.00% |      100.00% |       0.0044 |       0.0253 |      1.0000e-04 |
|      18 |          35 |       00:00:36 |      100.00% |       95.24% |       0.0026 |       0.0572 |      1.0000e-04 |
|      20 |          40 |       00:00:41 |      100.00% |      100.00% |       0.0019 |       0.0217 |      1.0000e-04 |
|      23 |          45 |       00:00:46 |      100.00% |      100.00% |       0.0017 |       0.0378 |      1.0000e-04 |
|      25 |          50 |       00:00:51 |      100.00% |       90.48% |       0.0021 |       0.1023 |      1.0000e-04 |
|      28 |          55 |       00:00:56 |      100.00% |      100.00% |       0.0020 |       0.0667 |      1.0000e-04 |
|      30 |          60 |       00:01:01 |      100.00% |      100.00% |       0.0031 |       0.0470 |      1.0000e-04 |
|      33 |          65 |       00:01:05 |      100.00% |      100.00% |       0.0014 |       0.0528 |      1.0000e-04 |
|      35 |          70 |       00:01:10 |      100.00% |      100.00% |       0.0004 |       0.0454 |      1.0000e-04 |
|      38 |          75 |       00:01:15 |      100.00% |       95.24% |       0.0007 |       0.0583 |      1.0000e-04 |
|      40 |          80 |       00:01:20 |      100.00% |       95.24% |       0.0010 |       0.0768 |      1.0000e-04 |
|      43 |          85 |       00:01:26 |      100.00% |      100.00% |       0.0006 |       0.0132 |      1.0000e-04 |
|      45 |          90 |       00:01:30 |      100.00% |       95.24% |       0.0007 |       0.1075 |      1.0000e-04 |
|      48 |          95 |       00:01:35 |      100.00% |      100.00% |       0.0009 |       0.0129 |      1.0000e-04 |
|      50 |         100 |       00:01:39 |      100.00% |      100.00% |       0.0008 |       0.0306 |      1.0000e-04 |
|      53 |         105 |       00:01:44 |      100.00% |       95.24% |       0.0005 |       0.0549 |      1.0000e-04 |
|      55 |         110 |       00:01:49 |      100.00% |      100.00% |       0.0006 |       0.0213 |      1.0000e-04 |
|      58 |         115 |       00:01:53 |      100.00% |      100.00% |       0.0006 |       0.0126 |      1.0000e-04 |
|      60 |         120 |       00:01:58 |      100.00% |       95.24% |       0.0003 |       0.0684 |      1.0000e-04 |
|      63 |         125 |       00:02:03 |      100.00% |      100.00% |       0.0005 |       0.0428 |      1.0000e-04 |
|      65 |         130 |       00:02:07 |      100.00% |      100.00% |       0.0006 |       0.0109 |      1.0000e-04 |
|      68 |         135 |       00:02:12 |      100.00% |      100.00% |       0.0004 |       0.0092 |      1.0000e-04 |
|      70 |         140 |       00:02:17 |      100.00% |      100.00% |       0.0005 |       0.0495 |      1.0000e-04 |
|      73 |         145 |       00:02:22 |      100.00% |      100.00% |       0.0003 |       0.0254 |      1.0000e-04 |
|      75 |         150 |       00:02:26 |      100.00% |       95.24% |       0.0004 |       0.0514 |      1.0000e-04 |
|      78 |         155 |       00:02:31 |      100.00% |      100.00% |       0.0003 |       0.0081 |      1.0000e-04 |
|      80 |         160 |       00:02:35 |      100.00% |      100.00% |       0.0003 |       0.0413 |      1.0000e-04 |
|      83 |         165 |       00:02:40 |      100.00% |      100.00% |       0.0002 |       0.0269 |      1.0000e-04 |
|      85 |         170 |       00:02:45 |      100.00% |      100.00% |       0.0005 |       0.0274 |      1.0000e-04 |
|      88 |         175 |       00:02:49 |      100.00% |      100.00% |       0.0004 |       0.0054 |      1.0000e-04 |
|      90 |         180 |       00:02:54 |      100.00% |      100.00% |       0.0003 |       0.0380 |      1.0000e-04 |
|      93 |         185 |       00:02:59 |      100.00% |      100.00% |       0.0003 |       0.0113 |      1.0000e-04 |
|      95 |         190 |       00:03:03 |      100.00% |      100.00% |       0.0003 |       0.0127 |      1.0000e-04 |
|      98 |         195 |       00:03:08 |      100.00% |      100.00% |       0.0003 |       0.0229 |      1.0000e-04 |
|     100 |         200 |       00:03:12 |      100.00% |      100.00% |       0.0002 |       0.0192 |      1.0000e-04 |
|======================================================================================================================|
Predicting accuracy for Test Set 
The accuracy of the test set is 95.652174 
The specificity of the test set is 97.222222 
The sensitivity of the test set is 94.444444 
