Loading Data 
Training on single GPU.
Initializing input data normalization.
|======================================================================================================================|
|  Epoch  |  Iteration  |  Time Elapsed  |  Mini-batch  |  Validation  |  Mini-batch  |  Validation  |  Base Learning  |
|         |             |   (hh:mm:ss)   |   Accuracy   |   Accuracy   |     Loss     |     Loss     |      Rate       |
|======================================================================================================================|
|       1 |           1 |       00:00:03 |       28.12% |       47.62% |       1.9665 |       1.5162 |      1.0000e-04 |
|       3 |           5 |       00:00:09 |       90.62% |       76.19% |       0.4666 |       0.6129 |      1.0000e-04 |
|       5 |          10 |       00:00:17 |      100.00% |       90.48% |       0.0671 |       0.2459 |      1.0000e-04 |
|       8 |          15 |       00:00:25 |      100.00% |       95.24% |       0.0292 |       0.1511 |      1.0000e-04 |
|      10 |          20 |       00:00:33 |      100.00% |      100.00% |       0.0047 |       0.0463 |      1.0000e-04 |
|      13 |          25 |       00:00:40 |      100.00% |      100.00% |       0.0033 |       0.0255 |      1.0000e-04 |
|      15 |          30 |       00:00:48 |      100.00% |      100.00% |       0.0013 |       0.0222 |      1.0000e-04 |
|      18 |          35 |       00:00:56 |      100.00% |      100.00% |       0.0012 |       0.0244 |      1.0000e-04 |
|      20 |          40 |       00:01:03 |      100.00% |      100.00% |       0.0007 |       0.0289 |      1.0000e-04 |
|      23 |          45 |       00:01:11 |      100.00% |       95.24% |       0.0007 |       0.0859 |      1.0000e-04 |
|      25 |          50 |       00:01:19 |      100.00% |      100.00% |       0.0003 |       0.0391 |      1.0000e-04 |
|      28 |          55 |       00:01:26 |      100.00% |       95.24% |       0.0008 |       0.0979 |      1.0000e-04 |
|      30 |          60 |       00:01:34 |      100.00% |      100.00% |       0.0003 |       0.0251 |      1.0000e-04 |
|      33 |          65 |       00:01:42 |      100.00% |      100.00% |       0.0003 |       0.0142 |      1.0000e-04 |
|      35 |          70 |       00:01:49 |      100.00% |       95.24% |       0.0002 |       0.0838 |      1.0000e-04 |
|      38 |          75 |       00:01:57 |      100.00% |      100.00% |       0.0002 |       0.0386 |      1.0000e-04 |
|      40 |          80 |       00:02:05 |      100.00% |      100.00% |       0.0003 |       0.0402 |      1.0000e-04 |
|      43 |          85 |       00:02:12 |      100.00% |      100.00% |       0.0002 |       0.0721 |      1.0000e-04 |
|      45 |          90 |       00:02:20 |      100.00% |      100.00% |       0.0002 |       0.0278 |      1.0000e-04 |
|      48 |          95 |       00:02:28 |      100.00% |       95.24% |       0.0004 |       0.0524 |      1.0000e-04 |
|      50 |         100 |       00:02:36 |      100.00% |      100.00% |       0.0002 |       0.0205 |      1.0000e-04 |
|      53 |         105 |       00:02:43 |      100.00% |       95.24% |       0.0002 |       0.0826 |      1.0000e-04 |
|      55 |         110 |       00:02:51 |      100.00% |       95.24% |       0.0002 |       0.0620 |      1.0000e-04 |
|      58 |         115 |       00:02:59 |      100.00% |       95.24% |       0.0002 |       0.1399 |      1.0000e-04 |
|      60 |         120 |       00:03:06 |      100.00% |      100.00% |       0.0001 |       0.0451 |      1.0000e-04 |
|      63 |         125 |       00:03:14 |      100.00% |      100.00% |       0.0001 |       0.0321 |      1.0000e-04 |
|      65 |         130 |       00:03:22 |      100.00% |      100.00% |       0.0002 |       0.0189 |      1.0000e-04 |
|      68 |         135 |       00:03:30 |      100.00% |      100.00% |       0.0001 |       0.0373 |      1.0000e-04 |
|      70 |         140 |       00:03:37 |      100.00% |      100.00% |       0.0002 |       0.0356 |      1.0000e-04 |
|      73 |         145 |       00:03:45 |      100.00% |      100.00% |       0.0002 |       0.0083 |      1.0000e-04 |
|      75 |         150 |       00:03:53 |      100.00% |      100.00% |       0.0001 |       0.0119 |      1.0000e-04 |
|      78 |         155 |       00:04:01 |      100.00% |       95.24% |   7.5450e-05 |       0.0840 |      1.0000e-04 |
|      80 |         160 |       00:04:09 |      100.00% |      100.00% |       0.0001 |       0.0620 |      1.0000e-04 |
|      83 |         165 |       00:04:16 |      100.00% |      100.00% |       0.0001 |       0.0228 |      1.0000e-04 |
|      85 |         170 |       00:04:24 |      100.00% |      100.00% |       0.0001 |       0.0313 |      1.0000e-04 |
|      88 |         175 |       00:04:32 |      100.00% |      100.00% |       0.0001 |       0.0318 |      1.0000e-04 |
|      90 |         180 |       00:04:39 |      100.00% |      100.00% |       0.0001 |       0.0167 |      1.0000e-04 |
|      93 |         185 |       00:04:47 |      100.00% |      100.00% |       0.0002 |       0.0316 |      1.0000e-04 |
|      95 |         190 |       00:04:55 |      100.00% |      100.00% |       0.0002 |       0.0062 |      1.0000e-04 |
|      98 |         195 |       00:05:03 |      100.00% |      100.00% |       0.0001 |       0.0523 |      1.0000e-04 |
|     100 |         200 |       00:05:10 |      100.00% |      100.00% |       0.0001 |       0.0094 |      1.0000e-04 |
|======================================================================================================================|
Predicting accuracy for Test Set 
The accuracy of the test set is 95.652174 
The specificity of the test set is 96.666667 
The sensitivity of the test set is 94.444444 
