Loading Data 
Training on single GPU.
Initializing input data normalization.
|======================================================================================================================|
|  Epoch  |  Iteration  |  Time Elapsed  |  Mini-batch  |  Validation  |  Mini-batch  |  Validation  |  Base Learning  |
|         |             |   (hh:mm:ss)   |   Accuracy   |   Accuracy   |     Loss     |     Loss     |      Rate       |
|======================================================================================================================|
|       1 |           1 |       00:00:02 |       14.06% |       19.05% |       3.9167 |       2.6750 |      1.0000e-04 |
|       3 |           5 |       00:00:06 |       29.69% |       38.10% |       1.8468 |       1.7437 |      1.0000e-04 |
|       5 |          10 |       00:00:10 |       45.31% |       57.14% |       1.4505 |       1.4371 |      1.0000e-04 |
|       8 |          15 |       00:00:14 |       64.06% |       71.43% |       1.1197 |       1.0752 |      1.0000e-04 |
|      10 |          20 |       00:00:17 |       71.88% |       71.43% |       0.7115 |       0.7049 |      1.0000e-04 |
|      13 |          25 |       00:00:21 |       73.44% |       66.67% |       0.7340 |       0.7309 |      1.0000e-04 |
|      15 |          30 |       00:00:24 |       81.25% |       80.95% |       0.4425 |       0.5207 |      1.0000e-04 |
|      18 |          35 |       00:00:28 |       85.94% |       90.48% |       0.4749 |       0.4438 |      1.0000e-04 |
|      20 |          40 |       00:00:31 |       84.38% |       76.19% |       0.3232 |       0.5030 |      1.0000e-04 |
|      23 |          45 |       00:00:35 |       85.94% |       76.19% |       0.3202 |       0.5602 |      1.0000e-04 |
|      25 |          50 |       00:00:39 |       95.31% |       71.43% |       0.1613 |       0.5557 |      1.0000e-04 |
|      28 |          55 |       00:00:42 |       92.19% |       76.19% |       0.2103 |       0.5161 |      1.0000e-04 |
|      30 |          60 |       00:00:46 |       93.75% |       90.48% |       0.1733 |       0.1770 |      1.0000e-04 |
|      33 |          65 |       00:00:49 |       90.62% |       95.24% |       0.2318 |       0.3038 |      1.0000e-04 |
|      35 |          70 |       00:00:53 |       92.19% |       95.24% |       0.1543 |       0.2116 |      1.0000e-04 |
|      38 |          75 |       00:00:56 |       93.75% |       95.24% |       0.1188 |       0.1414 |      1.0000e-04 |
|      40 |          80 |       00:01:00 |       98.44% |       90.48% |       0.0711 |       0.2499 |      1.0000e-04 |
|      43 |          85 |       00:01:04 |       98.44% |       85.71% |       0.0462 |       0.4640 |      1.0000e-04 |
|      45 |          90 |       00:01:08 |       93.75% |      100.00% |       0.0905 |       0.0871 |      1.0000e-04 |
|      48 |          95 |       00:01:11 |       98.44% |       90.48% |       0.0359 |       0.3386 |      1.0000e-04 |
|      50 |         100 |       00:01:15 |       98.44% |       95.24% |       0.0680 |       0.1034 |      1.0000e-04 |
|      53 |         105 |       00:01:19 |      100.00% |       85.71% |       0.0179 |       0.2458 |      1.0000e-04 |
|      55 |         110 |       00:01:23 |       98.44% |       80.95% |       0.0248 |       0.4564 |      1.0000e-04 |
|      58 |         115 |       00:01:26 |       96.88% |       95.24% |       0.0488 |       0.0999 |      1.0000e-04 |
|      60 |         120 |       00:01:30 |       96.88% |       90.48% |       0.0528 |       0.2375 |      1.0000e-04 |
|      63 |         125 |       00:01:34 |       96.88% |       90.48% |       0.0595 |       0.1438 |      1.0000e-04 |
|      65 |         130 |       00:01:37 |      100.00% |       80.95% |       0.0271 |       0.7222 |      1.0000e-04 |
|      68 |         135 |       00:01:40 |       98.44% |       85.71% |       0.0514 |       0.2506 |      1.0000e-04 |
|      70 |         140 |       00:01:44 |      100.00% |       85.71% |       0.0144 |       0.2168 |      1.0000e-04 |
|      73 |         145 |       00:01:48 |       96.88% |       95.24% |       0.1051 |       0.3589 |      1.0000e-04 |
|      75 |         150 |       00:01:52 |      100.00% |       85.71% |       0.0180 |       0.2639 |      1.0000e-04 |
|      78 |         155 |       00:01:55 |       98.44% |       90.48% |       0.0360 |       0.3066 |      1.0000e-04 |
|      80 |         160 |       00:01:59 |      100.00% |       95.24% |       0.0065 |       0.1686 |      1.0000e-04 |
|      83 |         165 |       00:02:03 |       98.44% |       95.24% |       0.0505 |       0.1104 |      1.0000e-04 |
|      85 |         170 |       00:02:07 |      100.00% |       95.24% |       0.0165 |       0.1228 |      1.0000e-04 |
|      88 |         175 |       00:02:10 |      100.00% |       90.48% |       0.0135 |       0.4393 |      1.0000e-04 |
|      90 |         180 |       00:02:14 |      100.00% |       95.24% |       0.0226 |       0.1155 |      1.0000e-04 |
|      93 |         185 |       00:02:18 |      100.00% |       95.24% |       0.0044 |       0.2425 |      1.0000e-04 |
|      95 |         190 |       00:02:21 |       96.88% |       80.95% |       0.0542 |       0.6284 |      1.0000e-04 |
|      98 |         195 |       00:02:25 |       98.44% |       90.48% |       0.0314 |       0.3124 |      1.0000e-04 |
|     100 |         200 |       00:02:29 |      100.00% |       90.48% |       0.0059 |       0.3904 |      1.0000e-04 |
|======================================================================================================================|
Predicting accuracy for Test Set 
The accuracy of the test set is 78.260870 
The specificity of the test set is 88.095238 
The sensitivity of the test set is 78.888889 
