Loading Data 
Training on single GPU.
Initializing input data normalization.
|======================================================================================================================|
|  Epoch  |  Iteration  |  Time Elapsed  |  Mini-batch  |  Validation  |  Mini-batch  |  Validation  |  Base Learning  |
|         |             |   (hh:mm:ss)   |   Accuracy   |   Accuracy   |     Loss     |     Loss     |      Rate       |
|======================================================================================================================|
|       1 |           1 |       00:00:06 |       25.00% |       57.14% |       1.9044 |       1.2025 |      1.0000e-04 |
|       3 |           5 |       00:00:22 |       96.88% |      100.00% |       0.2686 |       0.3525 |      1.0000e-04 |
|       5 |          10 |       00:00:42 |       98.44% |      100.00% |       0.0392 |       0.0539 |      1.0000e-04 |
|       8 |          15 |       00:01:02 |      100.00% |       95.24% |       0.0077 |       0.1000 |      1.0000e-04 |
|      10 |          20 |       00:01:21 |      100.00% |       95.24% |       0.0014 |       0.0550 |      1.0000e-04 |
|      13 |          25 |       00:01:41 |      100.00% |      100.00% |       0.0020 |       0.0162 |      1.0000e-04 |
|      15 |          30 |       00:01:59 |      100.00% |      100.00% |       0.0005 |       0.0224 |      1.0000e-04 |
|      18 |          35 |       00:02:13 |      100.00% |       95.24% |       0.0005 |       0.0585 |      1.0000e-04 |
|      20 |          40 |       00:02:27 |      100.00% |       95.24% |       0.0002 |       0.0496 |      1.0000e-04 |
|      23 |          45 |       00:02:41 |      100.00% |      100.00% |       0.0002 |       0.0174 |      1.0000e-04 |
|      25 |          50 |       00:02:55 |      100.00% |      100.00% |       0.0002 |       0.0228 |      1.0000e-04 |
|      28 |          55 |       00:03:09 |      100.00% |      100.00% |       0.0006 |       0.0157 |      1.0000e-04 |
|      30 |          60 |       00:03:23 |      100.00% |       95.24% |   8.3940e-05 |       0.1153 |      1.0000e-04 |
|      33 |          65 |       00:03:37 |      100.00% |      100.00% |       0.0002 |       0.0194 |      1.0000e-04 |
|      35 |          70 |       00:03:51 |      100.00% |      100.00% |       0.0001 |       0.0216 |      1.0000e-04 |
|      38 |          75 |       00:04:05 |      100.00% |      100.00% |       0.0002 |       0.0262 |      1.0000e-04 |
|      40 |          80 |       00:04:20 |      100.00% |      100.00% |       0.0001 |       0.0258 |      1.0000e-04 |
|      43 |          85 |       00:04:34 |      100.00% |       95.24% |       0.0003 |       0.0953 |      1.0000e-04 |
|      45 |          90 |       00:04:48 |      100.00% |      100.00% |       0.0001 |       0.0033 |      1.0000e-04 |
|      48 |          95 |       00:05:02 |      100.00% |       95.24% |       0.0003 |       0.0672 |      1.0000e-04 |
|      50 |         100 |       00:05:17 |      100.00% |      100.00% |       0.0002 |       0.0237 |      1.0000e-04 |
|      53 |         105 |       00:05:31 |      100.00% |      100.00% |   7.8626e-05 |       0.0082 |      1.0000e-04 |
|      55 |         110 |       00:05:45 |      100.00% |       90.48% |       0.0001 |       0.1465 |      1.0000e-04 |
|      58 |         115 |       00:05:59 |      100.00% |       95.24% |   6.3764e-05 |       0.0800 |      1.0000e-04 |
|      60 |         120 |       00:06:13 |      100.00% |      100.00% |       0.0001 |       0.0032 |      1.0000e-04 |
|      63 |         125 |       00:06:27 |      100.00% |       95.24% |       0.0002 |       0.0981 |      1.0000e-04 |
|      65 |         130 |       00:06:42 |      100.00% |      100.00% |   8.3931e-05 |       0.0315 |      1.0000e-04 |
|      68 |         135 |       00:06:56 |      100.00% |       95.24% |   6.0199e-05 |       0.0613 |      1.0000e-04 |
|      70 |         140 |       00:07:10 |      100.00% |      100.00% |   6.5360e-05 |       0.0136 |      1.0000e-04 |
|      73 |         145 |       00:07:24 |      100.00% |      100.00% |       0.0001 |       0.0011 |      1.0000e-04 |
|      75 |         150 |       00:07:38 |      100.00% |      100.00% |   8.1985e-05 |       0.0111 |      1.0000e-04 |
|      78 |         155 |       00:07:53 |      100.00% |      100.00% |   6.5431e-05 |       0.0325 |      1.0000e-04 |
|      80 |         160 |       00:08:07 |      100.00% |       95.24% |   7.1487e-05 |       0.1531 |      1.0000e-04 |
|      83 |         165 |       00:08:21 |      100.00% |       95.24% |   5.4513e-05 |       0.1072 |      1.0000e-04 |
|      85 |         170 |       00:08:35 |      100.00% |      100.00% |   6.5551e-05 |       0.0415 |      1.0000e-04 |
|      88 |         175 |       00:08:49 |      100.00% |      100.00% |   4.2716e-05 |       0.0348 |      1.0000e-04 |
|      90 |         180 |       00:09:03 |      100.00% |      100.00% |   5.3161e-05 |       0.0193 |      1.0000e-04 |
|      93 |         185 |       00:09:17 |      100.00% |       95.24% |   5.7870e-05 |       0.0748 |      1.0000e-04 |
|      95 |         190 |       00:09:31 |      100.00% |      100.00% |   3.3998e-05 |       0.0069 |      1.0000e-04 |
|      98 |         195 |       00:09:45 |      100.00% |       95.24% |   4.6437e-05 |       0.0972 |      1.0000e-04 |
|     100 |         200 |       00:10:00 |      100.00% |       95.24% |   4.7562e-05 |       0.0455 |      1.0000e-04 |
|======================================================================================================================|
Predicting accuracy for Test Set 
The accuracy of the test set is 91.304348 
The specificity of the test set is 88.333333 
The sensitivity of the test set is 91.111111 
