Loading Data 
Training on single GPU.
Initializing input data normalization.
|======================================================================================================================|
|  Epoch  |  Iteration  |  Time Elapsed  |  Mini-batch  |  Validation  |  Mini-batch  |  Validation  |  Base Learning  |
|         |             |   (hh:mm:ss)   |   Accuracy   |   Accuracy   |     Loss     |     Loss     |      Rate       |
|======================================================================================================================|
|       1 |           1 |       00:00:02 |       15.62% |       14.29% |       3.3041 |       3.1343 |      1.0000e-04 |
|       3 |           5 |       00:00:06 |       34.38% |       38.10% |       1.9997 |       2.0459 |      1.0000e-04 |
|       5 |          10 |       00:00:10 |       54.69% |       61.90% |       1.2856 |       1.2176 |      1.0000e-04 |
|       8 |          15 |       00:00:14 |       79.69% |       66.67% |       0.6703 |       0.7516 |      1.0000e-04 |
|      10 |          20 |       00:00:19 |       87.50% |       71.43% |       0.3527 |       0.6556 |      1.0000e-04 |
|      13 |          25 |       00:00:23 |       96.88% |       66.67% |       0.1870 |       0.7030 |      1.0000e-04 |
|      15 |          30 |       00:00:27 |       96.88% |       76.19% |       0.1953 |       0.8269 |      1.0000e-04 |
|      18 |          35 |       00:00:31 |       98.44% |       80.95% |       0.0800 |       0.4416 |      1.0000e-04 |
|      20 |          40 |       00:00:35 |       98.44% |       90.48% |       0.1046 |       0.2439 |      1.0000e-04 |
|      23 |          45 |       00:00:40 |      100.00% |       85.71% |       0.0414 |       0.3607 |      1.0000e-04 |
|      25 |          50 |       00:00:44 |       96.88% |       90.48% |       0.0931 |       0.2368 |      1.0000e-04 |
|      28 |          55 |       00:00:48 |      100.00% |       90.48% |       0.0487 |       0.4020 |      1.0000e-04 |
|      30 |          60 |       00:00:52 |      100.00% |       95.24% |       0.0394 |       0.2617 |      1.0000e-04 |
|      33 |          65 |       00:00:56 |      100.00% |       95.24% |       0.0329 |       0.1928 |      1.0000e-04 |
|      35 |          70 |       00:01:01 |      100.00% |       80.95% |       0.0258 |       0.3861 |      1.0000e-04 |
|      38 |          75 |       00:01:05 |      100.00% |       76.19% |       0.0233 |       0.4745 |      1.0000e-04 |
|      40 |          80 |       00:01:09 |      100.00% |       85.71% |       0.0370 |       0.4379 |      1.0000e-04 |
|      43 |          85 |       00:01:13 |      100.00% |       85.71% |       0.0201 |       0.2744 |      1.0000e-04 |
|      45 |          90 |       00:01:17 |      100.00% |       90.48% |       0.0175 |       0.3205 |      1.0000e-04 |
|      48 |          95 |       00:01:21 |      100.00% |       95.24% |       0.0128 |       0.1465 |      1.0000e-04 |
|      50 |         100 |       00:01:26 |      100.00% |       85.71% |       0.0137 |       0.3065 |      1.0000e-04 |
|      53 |         105 |       00:01:30 |      100.00% |       90.48% |       0.0107 |       0.2514 |      1.0000e-04 |
|      55 |         110 |       00:01:34 |      100.00% |       95.24% |       0.0118 |       0.2103 |      1.0000e-04 |
|      58 |         115 |       00:01:38 |      100.00% |       95.24% |       0.0138 |       0.2086 |      1.0000e-04 |
|      60 |         120 |       00:01:42 |      100.00% |       85.71% |       0.0084 |       0.3038 |      1.0000e-04 |
|      63 |         125 |       00:01:47 |      100.00% |       95.24% |       0.0119 |       0.1127 |      1.0000e-04 |
|      65 |         130 |       00:01:51 |      100.00% |       95.24% |       0.0077 |       0.1866 |      1.0000e-04 |
|      68 |         135 |       00:01:55 |      100.00% |       80.95% |       0.0071 |       0.3114 |      1.0000e-04 |
|      70 |         140 |       00:01:59 |      100.00% |       90.48% |       0.0097 |       0.2021 |      1.0000e-04 |
|      73 |         145 |       00:02:04 |      100.00% |       95.24% |       0.0061 |       0.1753 |      1.0000e-04 |
|      75 |         150 |       00:02:08 |      100.00% |       95.24% |       0.0079 |       0.3144 |      1.0000e-04 |
|      78 |         155 |       00:02:12 |      100.00% |       85.71% |       0.0065 |       0.2600 |      1.0000e-04 |
|      80 |         160 |       00:02:16 |      100.00% |       85.71% |       0.0063 |       0.2536 |      1.0000e-04 |
|      83 |         165 |       00:02:21 |      100.00% |       95.24% |       0.0054 |       0.1335 |      1.0000e-04 |
|      85 |         170 |       00:02:25 |      100.00% |      100.00% |       0.0096 |       0.0957 |      1.0000e-04 |
|      88 |         175 |       00:02:29 |      100.00% |       80.95% |       0.0032 |       0.2496 |      1.0000e-04 |
|      90 |         180 |       00:02:33 |      100.00% |       90.48% |       0.0041 |       0.1853 |      1.0000e-04 |
|      93 |         185 |       00:02:37 |      100.00% |       80.95% |       0.0079 |       0.3343 |      1.0000e-04 |
|      95 |         190 |       00:02:42 |      100.00% |       90.48% |       0.0063 |       0.2528 |      1.0000e-04 |
|      98 |         195 |       00:02:46 |      100.00% |       95.24% |       0.0029 |       0.2370 |      1.0000e-04 |
|     100 |         200 |       00:02:50 |      100.00% |       85.71% |       0.0054 |       0.2283 |      1.0000e-04 |
|======================================================================================================================|
Predicting accuracy for Test Set 
The accuracy of the test set is 91.304348 
The specificity of the test set is NaN 
The sensitivity of the test set is 77.777778 
