Loading Data 
Training on single GPU.
Initializing input data normalization.
|======================================================================================================================|
|  Epoch  |  Iteration  |  Time Elapsed  |  Mini-batch  |  Validation  |  Mini-batch  |  Validation  |  Base Learning  |
|         |             |   (hh:mm:ss)   |   Accuracy   |   Accuracy   |     Loss     |     Loss     |      Rate       |
|======================================================================================================================|
|       1 |           1 |       00:00:03 |       18.75% |       14.29% |       2.1434 |       1.8864 |      1.0000e-04 |
|       1 |           5 |       00:00:10 |       31.25% |       47.62% |       1.5874 |       1.3199 |      1.0000e-04 |
|       1 |          10 |       00:00:18 |       68.75% |       80.95% |       0.9291 |       0.8353 |      1.0000e-04 |
|       2 |          15 |       00:00:25 |       68.75% |       85.71% |       0.6846 |       0.5883 |      1.0000e-04 |
|       2 |          20 |       00:00:34 |       87.50% |       80.95% |       0.4069 |       0.4840 |      1.0000e-04 |
|       3 |          25 |       00:00:41 |       81.25% |       85.71% |       0.4620 |       0.4567 |      1.0000e-04 |
|       3 |          30 |       00:00:49 |       87.50% |       85.71% |       0.3247 |       0.3690 |      1.0000e-04 |
|       4 |          35 |       00:00:56 |       93.75% |       85.71% |       0.2012 |       0.4512 |      1.0000e-04 |
|       4 |          40 |       00:01:04 |      100.00% |       90.48% |       0.1080 |       0.4675 |      1.0000e-04 |
|       5 |          45 |       00:01:11 |      100.00% |       90.48% |       0.0717 |       0.3624 |      1.0000e-04 |
|       5 |          50 |       00:01:17 |       93.75% |       80.95% |       0.1534 |       0.4259 |      1.0000e-04 |
|       6 |          55 |       00:01:23 |      100.00% |       90.48% |       0.1029 |       0.5020 |      1.0000e-04 |
|       6 |          60 |       00:01:29 |      100.00% |       90.48% |       0.0192 |       0.3933 |      1.0000e-04 |
|       7 |          65 |       00:01:34 |       93.75% |       90.48% |       0.2534 |       0.3836 |      1.0000e-04 |
|       7 |          70 |       00:01:40 |      100.00% |       95.24% |       0.0107 |       0.2909 |      1.0000e-04 |
|       8 |          75 |       00:01:46 |      100.00% |       85.71% |       0.0638 |       0.4987 |      1.0000e-04 |
|       8 |          80 |       00:01:52 |      100.00% |       95.24% |       0.0118 |       0.2074 |      1.0000e-04 |
|       9 |          85 |       00:01:58 |      100.00% |       90.48% |       0.0258 |       0.5131 |      1.0000e-04 |
|       9 |          90 |       00:02:04 |      100.00% |       90.48% |       0.0069 |       0.3214 |      1.0000e-04 |
|      10 |          95 |       00:02:10 |      100.00% |       90.48% |       0.0333 |       0.3279 |      1.0000e-04 |
|      10 |         100 |       00:02:15 |      100.00% |       85.71% |       0.0049 |       0.3397 |      1.0000e-04 |
|      11 |         105 |       00:02:22 |      100.00% |       90.48% |       0.0365 |       0.3821 |      1.0000e-04 |
|      11 |         110 |       00:02:28 |      100.00% |       90.48% |       0.0036 |       0.4180 |      1.0000e-04 |
|      12 |         115 |       00:02:34 |      100.00% |       85.71% |       0.0143 |       0.5645 |      1.0000e-04 |
|      12 |         120 |       00:02:40 |      100.00% |       90.48% |       0.0072 |       0.4062 |      1.0000e-04 |
|      13 |         125 |       00:02:46 |      100.00% |       90.48% |       0.0139 |       0.3168 |      1.0000e-04 |
|      13 |         130 |       00:02:52 |      100.00% |       95.24% |       0.0045 |       0.2511 |      1.0000e-04 |
|      14 |         135 |       00:02:58 |      100.00% |       90.48% |       0.0074 |       0.4189 |      1.0000e-04 |
|      14 |         140 |       00:03:03 |      100.00% |       90.48% |       0.0074 |       0.4172 |      1.0000e-04 |
|      15 |         145 |       00:03:09 |      100.00% |       90.48% |       0.0087 |       0.5053 |      1.0000e-04 |
|      15 |         150 |       00:03:15 |      100.00% |       90.48% |       0.0034 |       0.4816 |      1.0000e-04 |
|      16 |         155 |       00:03:21 |      100.00% |       90.48% |       0.0079 |       0.3132 |      1.0000e-04 |
|      16 |         160 |       00:03:27 |      100.00% |       90.48% |       0.0028 |       0.5551 |      1.0000e-04 |
|      17 |         165 |       00:03:33 |      100.00% |       90.48% |       0.0088 |       0.3518 |      1.0000e-04 |
|      17 |         170 |       00:03:39 |      100.00% |       85.71% |       0.0145 |       0.6459 |      1.0000e-04 |
|      18 |         175 |       00:03:45 |      100.00% |       85.71% |       0.0058 |       0.3992 |      1.0000e-04 |
|      18 |         180 |       00:03:51 |      100.00% |       90.48% |       0.0020 |       0.4197 |      1.0000e-04 |
|      19 |         185 |       00:03:56 |      100.00% |       85.71% |       0.0222 |       0.6265 |      1.0000e-04 |
|      19 |         190 |       00:04:02 |      100.00% |       85.71% |       0.0019 |       0.3288 |      1.0000e-04 |
|      20 |         195 |       00:04:08 |      100.00% |       90.48% |       0.0238 |       0.3120 |      1.0000e-04 |
|      20 |         200 |       00:04:14 |      100.00% |       90.48% |       0.0016 |       0.3635 |      1.0000e-04 |
|      21 |         205 |       00:04:20 |      100.00% |       90.48% |       0.0038 |       0.5362 |      1.0000e-04 |
|      21 |         210 |       00:04:26 |      100.00% |       90.48% |       0.0015 |       0.5179 |      1.0000e-04 |
|      22 |         215 |       00:04:32 |      100.00% |       90.48% |       0.0133 |       0.5006 |      1.0000e-04 |
|      22 |         220 |       00:04:38 |      100.00% |       90.48% |       0.0019 |       0.3472 |      1.0000e-04 |
|      23 |         225 |       00:04:44 |      100.00% |       90.48% |       0.0047 |       0.4840 |      1.0000e-04 |
|      23 |         230 |       00:04:50 |      100.00% |       85.71% |       0.0030 |       0.3670 |      1.0000e-04 |
|      24 |         235 |       00:04:56 |      100.00% |       90.48% |       0.0046 |       0.3395 |      1.0000e-04 |
|      24 |         240 |       00:05:02 |      100.00% |       85.71% |       0.0048 |       0.4021 |      1.0000e-04 |
|      25 |         245 |       00:05:08 |      100.00% |       85.71% |       0.0050 |       0.5573 |      1.0000e-04 |
|      25 |         250 |       00:05:15 |      100.00% |       85.71% |       0.0010 |       0.4423 |      1.0000e-04 |
|      26 |         255 |       00:05:25 |      100.00% |       90.48% |       0.0045 |       0.4832 |      1.0000e-04 |
|      26 |         260 |       00:05:35 |      100.00% |       90.48% |       0.0009 |       0.5024 |      1.0000e-04 |
|      27 |         265 |       00:05:46 |      100.00% |       90.48% |       0.0095 |       0.2369 |      1.0000e-04 |
|      27 |         270 |       00:05:56 |      100.00% |       85.71% |       0.0008 |       0.4181 |      1.0000e-04 |
|      28 |         275 |       00:06:07 |      100.00% |       90.48% |       0.0045 |       0.3725 |      1.0000e-04 |
|      28 |         280 |       00:06:17 |      100.00% |       90.48% |       0.0036 |       0.4153 |      1.0000e-04 |
|      29 |         285 |       00:06:28 |      100.00% |       85.71% |       0.0104 |       0.4392 |      1.0000e-04 |
|      29 |         290 |       00:06:39 |      100.00% |       90.48% |       0.0022 |       0.6037 |      1.0000e-04 |
|      30 |         295 |       00:06:49 |      100.00% |       90.48% |       0.0162 |       0.4777 |      1.0000e-04 |
|      30 |         300 |       00:07:00 |      100.00% |       85.71% |       0.0009 |       0.3821 |      1.0000e-04 |
|      31 |         305 |       00:07:11 |      100.00% |       80.95% |       0.0033 |       0.6260 |      1.0000e-04 |
|      31 |         310 |       00:07:22 |      100.00% |       90.48% |       0.0009 |       0.4954 |      1.0000e-04 |
|      32 |         315 |       00:07:33 |      100.00% |       90.48% |       0.0067 |       0.5059 |      1.0000e-04 |
|      32 |         320 |       00:07:43 |      100.00% |       90.48% |       0.0010 |       0.5258 |      1.0000e-04 |
|      33 |         325 |       00:07:53 |      100.00% |       90.48% |       0.0041 |       0.4984 |      1.0000e-04 |
|      33 |         330 |       00:08:04 |      100.00% |       90.48% |       0.0006 |       0.5248 |      1.0000e-04 |
|      34 |         335 |       00:08:15 |      100.00% |       90.48% |       0.0016 |       0.3917 |      1.0000e-04 |
|      34 |         340 |       00:08:25 |      100.00% |       90.48% |       0.0005 |       0.3121 |      1.0000e-04 |
|      35 |         345 |       00:08:36 |      100.00% |       90.48% |       0.0022 |       0.3419 |      1.0000e-04 |
|      35 |         350 |       00:08:47 |      100.00% |       90.48% |       0.0007 |       0.5388 |      1.0000e-04 |
|      36 |         355 |       00:08:57 |      100.00% |       90.48% |       0.0171 |       0.3745 |      1.0000e-04 |
|      36 |         360 |       00:09:08 |      100.00% |       90.48% |       0.0011 |       0.4268 |      1.0000e-04 |
|      37 |         365 |       00:09:18 |      100.00% |       85.71% |       0.0021 |       0.6535 |      1.0000e-04 |
|      37 |         370 |       00:09:29 |      100.00% |       90.48% |       0.0008 |       0.3114 |      1.0000e-04 |
|      38 |         375 |       00:09:40 |      100.00% |       90.48% |       0.0079 |       0.4589 |      1.0000e-04 |
|      38 |         380 |       00:09:50 |      100.00% |       90.48% |       0.0004 |       0.6903 |      1.0000e-04 |
|      39 |         385 |       00:10:01 |      100.00% |       85.71% |       0.0017 |       0.4344 |      1.0000e-04 |
|      39 |         390 |       00:10:12 |      100.00% |       90.48% |       0.0006 |       0.4944 |      1.0000e-04 |
|      40 |         395 |       00:10:22 |      100.00% |       90.48% |       0.0014 |       0.4776 |      1.0000e-04 |
|      40 |         400 |       00:10:33 |      100.00% |       90.48% |       0.0005 |       0.6057 |      1.0000e-04 |
|      41 |         405 |       00:10:43 |      100.00% |       90.48% |       0.0015 |       0.4297 |      1.0000e-04 |
|      41 |         410 |       00:10:54 |      100.00% |       85.71% |       0.0004 |       0.4150 |      1.0000e-04 |
|      42 |         415 |       00:11:05 |      100.00% |       90.48% |       0.0009 |       0.4957 |      1.0000e-04 |
|      42 |         420 |       00:11:15 |      100.00% |       90.48% |       0.0006 |       0.5564 |      1.0000e-04 |
|      43 |         425 |       00:11:25 |      100.00% |       76.19% |       0.0009 |       0.6367 |      1.0000e-04 |
|      43 |         430 |       00:11:36 |      100.00% |       90.48% |       0.0015 |       0.5360 |      1.0000e-04 |
|      44 |         435 |       00:11:47 |      100.00% |       90.48% |       0.0011 |       0.5731 |      1.0000e-04 |
|      44 |         440 |       00:11:57 |      100.00% |       90.48% |       0.0006 |       0.4746 |      1.0000e-04 |
|      45 |         445 |       00:12:08 |      100.00% |       85.71% |       0.0020 |       0.7087 |      1.0000e-04 |
|      45 |         450 |       00:12:19 |      100.00% |       90.48% |       0.0005 |       0.4471 |      1.0000e-04 |
|      46 |         455 |       00:12:29 |      100.00% |       85.71% |       0.0011 |       0.4481 |      1.0000e-04 |
|      46 |         460 |       00:12:39 |      100.00% |       90.48% |       0.0021 |       0.4920 |      1.0000e-04 |
|      47 |         465 |       00:12:50 |      100.00% |       85.71% |       0.0014 |       0.4412 |      1.0000e-04 |
|      47 |         470 |       00:13:01 |      100.00% |       90.48% |       0.0003 |       0.3395 |      1.0000e-04 |
|      48 |         475 |       00:13:11 |      100.00% |       85.71% |       0.0010 |       0.5354 |      1.0000e-04 |
|      48 |         480 |       00:13:22 |      100.00% |       90.48% |       0.0004 |       0.5784 |      1.0000e-04 |
|      49 |         485 |       00:13:32 |      100.00% |       90.48% |       0.0025 |       0.3389 |      1.0000e-04 |
|      49 |         490 |       00:13:43 |      100.00% |       90.48% |       0.0003 |       0.4516 |      1.0000e-04 |
|      50 |         495 |       00:13:54 |      100.00% |       90.48% |       0.0030 |       0.6230 |      1.0000e-04 |
|      50 |         500 |       00:14:05 |      100.00% |       90.48% |       0.0002 |       0.4988 |      1.0000e-04 |
|      51 |         505 |       00:14:16 |      100.00% |       85.71% |       0.0005 |       0.2920 |      1.0000e-04 |
|      51 |         510 |       00:14:26 |      100.00% |       90.48% |       0.0002 |       0.4394 |      1.0000e-04 |
|      52 |         515 |       00:14:37 |      100.00% |       90.48% |       0.0007 |       0.5063 |      1.0000e-04 |
|      52 |         520 |       00:14:47 |      100.00% |       90.48% |       0.0003 |       0.4484 |      1.0000e-04 |
|      53 |         525 |       00:14:58 |      100.00% |       90.48% |       0.0007 |       0.3612 |      1.0000e-04 |
|      53 |         530 |       00:15:08 |      100.00% |       90.48% |       0.0002 |       0.5242 |      1.0000e-04 |
|      54 |         535 |       00:15:18 |      100.00% |       85.71% |       0.0023 |       0.3287 |      1.0000e-04 |
|      54 |         540 |       00:15:29 |      100.00% |       85.71% |       0.0002 |       0.2805 |      1.0000e-04 |
|      55 |         545 |       00:15:40 |      100.00% |       90.48% |       0.0008 |       0.6313 |      1.0000e-04 |
|      55 |         550 |       00:15:50 |      100.00% |       85.71% |       0.0002 |       0.4179 |      1.0000e-04 |
|      56 |         555 |       00:16:01 |      100.00% |       85.71% |       0.0006 |       0.3588 |      1.0000e-04 |
|      56 |         560 |       00:16:11 |      100.00% |       90.48% |       0.0002 |       0.5123 |      1.0000e-04 |
|      57 |         565 |       00:16:21 |      100.00% |       90.48% |       0.0009 |       0.3678 |      1.0000e-04 |
|      57 |         570 |       00:16:32 |      100.00% |       90.48% |       0.0003 |       0.5588 |      1.0000e-04 |
|      58 |         575 |       00:16:43 |      100.00% |       85.71% |       0.0006 |       0.4416 |      1.0000e-04 |
|      58 |         580 |       00:16:53 |      100.00% |       90.48% |       0.0003 |       0.4865 |      1.0000e-04 |
|      59 |         585 |       00:17:04 |      100.00% |       90.48% |       0.0010 |       0.4020 |      1.0000e-04 |
|      59 |         590 |       00:17:14 |      100.00% |       90.48% |       0.0002 |       0.4866 |      1.0000e-04 |
|      60 |         595 |       00:17:25 |      100.00% |       85.71% |       0.0005 |       0.4113 |      1.0000e-04 |
|      60 |         600 |       00:17:33 |      100.00% |       90.48% |       0.0002 |       0.4969 |      1.0000e-04 |
|      61 |         605 |       00:17:38 |      100.00% |       85.71% |       0.0008 |       0.5608 |      1.0000e-04 |
|      61 |         610 |       00:17:44 |      100.00% |       90.48% |       0.0002 |       0.5270 |      1.0000e-04 |
|      62 |         615 |       00:17:50 |      100.00% |       90.48% |       0.0006 |       0.4515 |      1.0000e-04 |
|      62 |         620 |       00:17:56 |      100.00% |       90.48% |       0.0003 |       0.5993 |      1.0000e-04 |
|      63 |         625 |       00:18:02 |      100.00% |       90.48% |       0.0007 |       0.3812 |      1.0000e-04 |
|      63 |         630 |       00:18:08 |      100.00% |       90.48% |       0.0002 |       0.3708 |      1.0000e-04 |
|      64 |         635 |       00:18:14 |      100.00% |       90.48% |       0.0009 |       0.4728 |      1.0000e-04 |
|      64 |         640 |       00:18:20 |      100.00% |       85.71% |       0.0002 |       0.5292 |      1.0000e-04 |
|      65 |         645 |       00:18:26 |      100.00% |       90.48% |       0.0007 |       0.5726 |      1.0000e-04 |
|      65 |         650 |       00:18:32 |      100.00% |       90.48% |       0.0002 |       0.5939 |      1.0000e-04 |
|      66 |         655 |       00:18:38 |      100.00% |       85.71% |       0.0013 |       0.6631 |      1.0000e-04 |
|      66 |         660 |       00:18:44 |      100.00% |       90.48% |       0.0003 |       0.5315 |      1.0000e-04 |
|      67 |         665 |       00:18:50 |      100.00% |       85.71% |       0.0007 |       0.4708 |      1.0000e-04 |
|      67 |         670 |       00:18:56 |      100.00% |       85.71% |       0.0002 |       0.4727 |      1.0000e-04 |
|      68 |         675 |       00:19:02 |      100.00% |       90.48% |       0.0005 |       0.4732 |      1.0000e-04 |
|      68 |         680 |       00:19:07 |      100.00% |       90.48% |       0.0004 |       0.5850 |      1.0000e-04 |
|      69 |         685 |       00:19:13 |      100.00% |       85.71% |       0.0011 |       0.6548 |      1.0000e-04 |
|      69 |         690 |       00:19:19 |      100.00% |       90.48% |       0.0002 |       0.4447 |      1.0000e-04 |
|      70 |         695 |       00:19:25 |      100.00% |       90.48% |       0.0035 |       0.4141 |      1.0000e-04 |
|      70 |         700 |       00:19:31 |      100.00% |       90.48% |       0.0002 |       0.4974 |      1.0000e-04 |
|      71 |         705 |       00:19:37 |      100.00% |       90.48% |       0.0007 |       0.2977 |      1.0000e-04 |
|      71 |         710 |       00:19:43 |      100.00% |       85.71% |       0.0008 |       0.4329 |      1.0000e-04 |
|      72 |         715 |       00:19:49 |      100.00% |       90.48% |       0.0009 |       0.5612 |      1.0000e-04 |
|      72 |         720 |       00:19:55 |      100.00% |       85.71% |       0.0004 |       0.6812 |      1.0000e-04 |
|      73 |         725 |       00:20:01 |      100.00% |       90.48% |       0.0009 |       0.3749 |      1.0000e-04 |
|      73 |         730 |       00:20:07 |      100.00% |       90.48% |       0.0002 |       0.5062 |      1.0000e-04 |
|      74 |         735 |       00:20:13 |      100.00% |       90.48% |       0.0004 |       0.3336 |      1.0000e-04 |
|      74 |         740 |       00:20:19 |      100.00% |       90.48% |       0.0002 |       0.5751 |      1.0000e-04 |
|      75 |         745 |       00:20:25 |      100.00% |       90.48% |       0.0007 |       0.3870 |      1.0000e-04 |
|      75 |         750 |       00:20:31 |      100.00% |       85.71% |       0.0002 |       0.5659 |      1.0000e-04 |
|      76 |         755 |       00:20:37 |      100.00% |       80.95% |       0.0004 |       0.5696 |      1.0000e-04 |
|      76 |         760 |       00:20:42 |      100.00% |       85.71% |       0.0002 |       0.4365 |      1.0000e-04 |
|      77 |         765 |       00:20:48 |      100.00% |       90.48% |       0.0005 |       0.3725 |      1.0000e-04 |
|      77 |         770 |       00:20:54 |      100.00% |       90.48% |       0.0004 |       0.3391 |      1.0000e-04 |
|      78 |         775 |       00:21:00 |      100.00% |       90.48% |       0.0006 |       0.5818 |      1.0000e-04 |
|      78 |         780 |       00:21:06 |      100.00% |       90.48% |       0.0002 |       0.3227 |      1.0000e-04 |
|      79 |         785 |       00:21:12 |      100.00% |       90.48% |       0.0004 |       0.5167 |      1.0000e-04 |
|      79 |         790 |       00:21:18 |      100.00% |       90.48% |       0.0002 |       0.3816 |      1.0000e-04 |
|      80 |         795 |       00:21:24 |      100.00% |       90.48% |       0.0009 |       0.4501 |      1.0000e-04 |
|      80 |         800 |       00:21:30 |      100.00% |       90.48% |       0.0002 |       0.4118 |      1.0000e-04 |
|      81 |         805 |       00:21:36 |      100.00% |       90.48% |       0.0006 |       0.4227 |      1.0000e-04 |
|      81 |         810 |       00:21:42 |      100.00% |       90.48% |       0.0002 |       0.5793 |      1.0000e-04 |
|      82 |         815 |       00:21:48 |      100.00% |       80.95% |       0.0006 |       0.4804 |      1.0000e-04 |
|      82 |         820 |       00:21:54 |      100.00% |       90.48% |       0.0001 |       0.3990 |      1.0000e-04 |
|      83 |         825 |       00:22:00 |      100.00% |       90.48% |       0.0004 |       0.3575 |      1.0000e-04 |
|      83 |         830 |       00:22:06 |      100.00% |       90.48% |       0.0001 |       0.5561 |      1.0000e-04 |
|      84 |         835 |       00:22:12 |      100.00% |       90.48% |       0.0003 |       0.5497 |      1.0000e-04 |
|      84 |         840 |       00:22:18 |      100.00% |       90.48% |       0.0001 |       0.5254 |      1.0000e-04 |
|      85 |         845 |       00:22:24 |      100.00% |       90.48% |       0.0005 |       0.4340 |      1.0000e-04 |
|      85 |         850 |       00:22:29 |      100.00% |       90.48% |       0.0001 |       0.3589 |      1.0000e-04 |
|      86 |         855 |       00:22:35 |      100.00% |       90.48% |       0.0003 |       0.4456 |      1.0000e-04 |
|      86 |         860 |       00:22:41 |      100.00% |       85.71% |       0.0002 |       0.4195 |      1.0000e-04 |
|      87 |         865 |       00:22:47 |      100.00% |       90.48% |       0.0008 |       0.4086 |      1.0000e-04 |
|      87 |         870 |       00:22:53 |      100.00% |       90.48% |       0.0002 |       0.5269 |      1.0000e-04 |
|      88 |         875 |       00:22:59 |      100.00% |       90.48% |       0.0004 |       0.5493 |      1.0000e-04 |
|      88 |         880 |       00:23:05 |      100.00% |       90.48% |       0.0001 |       0.3181 |      1.0000e-04 |
|      89 |         885 |       00:23:11 |      100.00% |       90.48% |       0.0003 |       0.5718 |      1.0000e-04 |
|      89 |         890 |       00:23:17 |      100.00% |       85.71% |   9.1047e-05 |       0.5443 |      1.0000e-04 |
|      90 |         895 |       00:23:23 |      100.00% |       90.48% |       0.0005 |       0.6622 |      1.0000e-04 |
|      90 |         900 |       00:23:29 |      100.00% |       90.48% |       0.0001 |       0.5718 |      1.0000e-04 |
|      91 |         905 |       00:23:35 |      100.00% |       90.48% |       0.0003 |       0.4713 |      1.0000e-04 |
|      91 |         910 |       00:23:41 |      100.00% |       90.48% |       0.0001 |       0.3498 |      1.0000e-04 |
|      92 |         915 |       00:23:47 |      100.00% |       95.24% |       0.0004 |       0.4217 |      1.0000e-04 |
|      92 |         920 |       00:23:53 |      100.00% |       90.48% |       0.0001 |       0.2903 |      1.0000e-04 |
|      93 |         925 |       00:23:59 |      100.00% |       80.95% |       0.0006 |       0.5910 |      1.0000e-04 |
|      93 |         930 |       00:24:05 |      100.00% |       90.48% |   9.6265e-05 |       0.3843 |      1.0000e-04 |
|      94 |         935 |       00:24:11 |      100.00% |       90.48% |       0.0003 |       0.5037 |      1.0000e-04 |
|      94 |         940 |       00:24:17 |      100.00% |       90.48% |   9.8323e-05 |       0.5777 |      1.0000e-04 |
|      95 |         945 |       00:24:23 |      100.00% |       85.71% |       0.0003 |       0.4910 |      1.0000e-04 |
|      95 |         950 |       00:24:29 |      100.00% |       90.48% |       0.0001 |       0.4624 |      1.0000e-04 |
|      96 |         955 |       00:24:35 |      100.00% |       90.48% |       0.0003 |       0.5528 |      1.0000e-04 |
|      96 |         960 |       00:24:41 |      100.00% |       90.48% |       0.0004 |       0.4834 |      1.0000e-04 |
|      97 |         965 |       00:24:47 |      100.00% |       85.71% |       0.0003 |       0.6996 |      1.0000e-04 |
|      97 |         970 |       00:24:54 |      100.00% |       85.71% |   9.6067e-05 |       0.3905 |      1.0000e-04 |
|      98 |         975 |       00:25:00 |      100.00% |       90.48% |       0.0004 |       0.6050 |      1.0000e-04 |
|      98 |         980 |       00:25:06 |      100.00% |       90.48% |       0.0001 |       0.4898 |      1.0000e-04 |
|      99 |         985 |       00:25:13 |      100.00% |       90.48% |       0.0003 |       0.5585 |      1.0000e-04 |
|      99 |         990 |       00:25:19 |      100.00% |       90.48% |   9.5796e-05 |       0.4126 |      1.0000e-04 |
|     100 |         995 |       00:25:25 |      100.00% |       90.48% |       0.0004 |       0.4614 |      1.0000e-04 |
|     100 |        1000 |       00:25:32 |      100.00% |       90.48% |   9.9503e-05 |       0.4918 |      1.0000e-04 |
|======================================================================================================================|
Predicting accuracy for Test Set 
The accuracy of the test set is 91.304348 
The specificity of the test set is 93.888889 
The sensitivity of the test set is 93.333333 
